#
# There is insufficient memory for the Java Runtime Environment to continue.
# Native memory allocation (malloc) failed to allocate 1893424 bytes for Chunk::new
# Possible reasons:
#   The system is out of physical RAM or swap space
#   The process is running with CompressedOops enabled, and the Java Heap may be blocking the growth of the native heap
# Possible solutions:
#   Reduce memory load on the system
#   Increase physical memory or swap space
#   Check if swap backing store is full
#   Decrease Java heap size (-Xmx/-Xms)
#   Decrease number of Java threads
#   Decrease Java thread stack sizes (-Xss)
#   Set larger code cache with -XX:ReservedCodeCacheSize=
#   JVM is running with Unscaled Compressed Oops mode in which the Java heap is
#     placed in the first 4GB address space. The Java Heap base address is the
#     maximum limit for the native heap growth. Please use -XX:HeapBaseMinAddress
#     to set the Java Heap base and to place the Java Heap above 4GB virtual address.
# This output file may be truncated or incomplete.
#
#  Out of Memory Error (arena.cpp:189), pid=6092, tid=10340
#
# JRE version: OpenJDK Runtime Environment Temurin-17.0.1+12 (17.0.1+12) (build 17.0.1+12)
# Java VM: OpenJDK 64-Bit Server VM Temurin-17.0.1+12 (17.0.1+12, mixed mode, tiered, compressed oops, compressed class ptrs, parallel gc, windows-amd64)
# No core dump will be written. Minidumps are not enabled by default on client versions of Windows
#

---------------  S U M M A R Y ------------

Command Line: --add-modules=ALL-SYSTEM --add-opens=java.base/java.util=ALL-UNNAMED --add-opens=java.base/java.lang=ALL-UNNAMED --add-opens=java.base/sun.nio.fs=ALL-UNNAMED -Declipse.application=org.eclipse.jdt.ls.core.id1 -Dosgi.bundles.defaultStartLevel=4 -Declipse.product=org.eclipse.jdt.ls.core.product -Djava.import.generatesMetadataFilesAtProjectRoot=false -Dfile.encoding=utf8 -DwatchParentProcess=false -XX:+UseParallelGC -XX:GCTimeRatio=4 -XX:AdaptiveSizePolicyWeight=90 -Dsun.zip.disableMemoryMapping=true -Xmx1G -Xms100m -javaagent:c:\Users\jtalg\.vscode\extensions\gabrielbb.vscode-lombok-1.0.1\server\lombok.jar -XX:+HeapDumpOnOutOfMemoryError -XX:HeapDumpPath=c:\Users\jtalg\AppData\Roaming\Code\User\workspaceStorage\23ab0888d26938d64720ae656aa4ab37\redhat.java c:\Users\jtalg\.vscode\extensions\redhat.java-1.3.0\server\plugins\org.eclipse.equinox.launcher_1.6.400.v20210924-0641.jar -configuration c:\Users\jtalg\AppData\Roaming\Code\User\globalStorage\redhat.java\1.3.0\config_win -data c:\Users\jtalg\AppData\Roaming\Code\User\workspaceStorage\23ab0888d26938d64720ae656aa4ab37\redhat.java\jdt_ws

Host: Intel(R) Core(TM) i3-8145U CPU @ 2.10GHz, 4 cores, 7G,  Windows 10 , 64 bit Build 22000 (10.0.22000.434)
Time: Mon Jan 31 15:45:19 2022  Windows 10 , 64 bit Build 22000 (10.0.22000.434) elapsed time: 10.276571 seconds (0d 0h 0m 10s)

---------------  T H R E A D  ---------------

Current thread (0x00000197821c8ac0):  JavaThread "C2 CompilerThread0" daemon [_thread_in_native, id=10340, stack(0x000000283cc00000,0x000000283cd00000)]


Current CompileTask:
C2:  10276 4416   !   4       com.google.inject.spi.InjectionPoint::getInjectionPoints (489 bytes)

Stack: [0x000000283cc00000,0x000000283cd00000]
Native frames: (J=compiled Java code, j=interpreted, Vv=VM code, C=native code)
V  [jvm.dll+0x6744da]
V  [jvm.dll+0x82e144]
V  [jvm.dll+0x82f8ee]
V  [jvm.dll+0x82ff53]
V  [jvm.dll+0x245175]
V  [jvm.dll+0xab85b]
V  [jvm.dll+0xabdec]
V  [jvm.dll+0x362f07]
V  [jvm.dll+0x32d4c1]
V  [jvm.dll+0x32c96a]
V  [jvm.dll+0x218031]
V  [jvm.dll+0x217451]
V  [jvm.dll+0x1a355d]
V  [jvm.dll+0x226e38]
V  [jvm.dll+0x224f7c]
V  [jvm.dll+0x7e3f5b]
V  [jvm.dll+0x7de51a]
V  [jvm.dll+0x673305]
C  [ucrtbase.dll+0x26c0c]
C  [KERNEL32.DLL+0x154e0]
C  [ntdll.dll+0x485b]


---------------  P R O C E S S  ---------------

Threads class SMR info:
_java_thread_list=0x000001978567a300, length=26, elements={
0x00000197ee296c70, 0x0000019782185040, 0x0000019782187c00, 0x00000197821c6010,
0x00000197821c69d0, 0x00000197821c7380, 0x00000197821c7d30, 0x00000197821c8ac0,
0x00000197821c9d00, 0x0000019783c20020, 0x00000197ee3535b0, 0x0000019783f49510,
0x000001978421e340, 0x0000019784666950, 0x0000019784660570, 0x0000019784717010,
0x000001978574ee40, 0x0000019785726270, 0x000001978592a880, 0x0000019785929070,
0x0000019785929540, 0x0000019785929a10, 0x00000197862d4970, 0x000001978592a3b0,
0x0000019787a7f570, 0x0000019787a7ff10
}

Java Threads: ( => current thread )
  0x00000197ee296c70 JavaThread "main" [_thread_blocked, id=12760, stack(0x000000283c300000,0x000000283c400000)]
  0x0000019782185040 JavaThread "Reference Handler" daemon [_thread_blocked, id=15336, stack(0x000000283c600000,0x000000283c700000)]
  0x0000019782187c00 JavaThread "Finalizer" daemon [_thread_blocked, id=10336, stack(0x000000283c700000,0x000000283c800000)]
  0x00000197821c6010 JavaThread "Signal Dispatcher" daemon [_thread_blocked, id=11872, stack(0x000000283c800000,0x000000283c900000)]
  0x00000197821c69d0 JavaThread "Attach Listener" daemon [_thread_blocked, id=7936, stack(0x000000283c900000,0x000000283ca00000)]
  0x00000197821c7380 JavaThread "Service Thread" daemon [_thread_blocked, id=9832, stack(0x000000283ca00000,0x000000283cb00000)]
  0x00000197821c7d30 JavaThread "Monitor Deflation Thread" daemon [_thread_blocked, id=10760, stack(0x000000283cb00000,0x000000283cc00000)]
=>0x00000197821c8ac0 JavaThread "C2 CompilerThread0" daemon [_thread_in_native, id=10340, stack(0x000000283cc00000,0x000000283cd00000)]
  0x00000197821c9d00 JavaThread "C1 CompilerThread0" daemon [_thread_blocked, id=14020, stack(0x000000283cd00000,0x000000283ce00000)]
  0x0000019783c20020 JavaThread "Sweeper thread" daemon [_thread_blocked, id=10492, stack(0x000000283ce00000,0x000000283cf00000)]
  0x00000197ee3535b0 JavaThread "Common-Cleaner" daemon [_thread_blocked, id=10520, stack(0x000000283cf00000,0x000000283d000000)]
  0x0000019783f49510 JavaThread "Notification Thread" daemon [_thread_blocked, id=9748, stack(0x000000283d000000,0x000000283d100000)]
  0x000001978421e340 JavaThread "Active Thread: Equinox Container: eb6e37d4-95be-4947-8540-709f99fc9b8e" [_thread_blocked, id=8924, stack(0x000000283d600000,0x000000283d700000)]
  0x0000019784666950 JavaThread "Framework Event Dispatcher: Equinox Container: eb6e37d4-95be-4947-8540-709f99fc9b8e" daemon [_thread_blocked, id=10372, stack(0x000000283d700000,0x000000283d800000)]
  0x0000019784660570 JavaThread "Start Level: Equinox Container: eb6e37d4-95be-4947-8540-709f99fc9b8e" daemon [_thread_blocked, id=2256, stack(0x000000283d800000,0x000000283d900000)]
  0x0000019784717010 JavaThread "SCR Component Actor" daemon [_thread_blocked, id=2904, stack(0x000000283d900000,0x000000283da00000)]
  0x000001978574ee40 JavaThread "Bundle File Closer" daemon [_thread_blocked, id=8292, stack(0x000000283db00000,0x000000283dc00000)]
  0x0000019785726270 JavaThread "Worker-JM" [_thread_blocked, id=15356, stack(0x000000283d200000,0x000000283d300000)]
  0x000001978592a880 JavaThread "Worker-0" [_thread_blocked, id=5248, stack(0x000000283dc00000,0x000000283dd00000)]
  0x0000019785929070 JavaThread "Worker-1" [_thread_blocked, id=14288, stack(0x000000283dd00000,0x000000283de00000)]
  0x0000019785929540 JavaThread "Java indexing" daemon [_thread_blocked, id=10916, stack(0x000000283df00000,0x000000283e000000)]
  0x0000019785929a10 JavaThread "Worker-2: Loading available Gradle versions" [_thread_blocked, id=13996, stack(0x000000283e000000,0x000000283e100000)]
  0x00000197862d4970 JavaThread "C2 CompilerThread1" daemon [_thread_in_native, id=7000, stack(0x000000283de00000,0x000000283df00000)]
  0x000001978592a3b0 JavaThread "Worker-3: Repository registry initialization" [_thread_in_native, id=7356, stack(0x000000283e100000,0x000000283e200000)]
  0x0000019787a7f570 JavaThread "Worker-4" [_thread_blocked, id=3036, stack(0x000000283e200000,0x000000283e300000)]
  0x0000019787a7ff10 JavaThread "pool-2-thread-1" [_thread_in_native, id=10584, stack(0x000000283e300000,0x000000283e400000)]

Other Threads:
  0x000001978216c650 VMThread "VM Thread" [stack: 0x000000283c500000,0x000000283c600000] [id=13264]
  0x0000019783e7ca60 WatcherThread [stack: 0x000000283d100000,0x000000283d200000] [id=9760]
  0x00000197ee2abed0 GCTaskThread "GC Thread#0" [stack: 0x000000283c400000,0x000000283c500000] [id=4608]
  0x0000019784523460 GCTaskThread "GC Thread#1" [stack: 0x000000283d300000,0x000000283d400000] [id=11960]
  0x0000019784523b20 GCTaskThread "GC Thread#2" [stack: 0x000000283d400000,0x000000283d500000] [id=13304]
  0x000001978449e410 GCTaskThread "GC Thread#3" [stack: 0x000000283d500000,0x000000283d600000] [id=6852]

Threads with active compile tasks:
C2 CompilerThread0    10313 4416   !   4       com.google.inject.spi.InjectionPoint::getInjectionPoints (489 bytes)
C2 CompilerThread1    10313 4631   !   4       org.eclipse.osgi.internal.loader.BundleLoader::findClass0 (461 bytes)

VM state: not at safepoint (normal execution)

VM Mutex/Monitor currently owned by a thread: None

Heap address: 0x00000000c0000000, size: 1024 MB, Compressed Oops mode: 32-bit

CDS archive(s) not mapped
Compressed class space mapped at: 0x0000000100000000-0x0000000140000000, reserved size: 1073741824
Narrow klass base: 0x0000000000000000, Narrow klass shift: 3, Narrow klass range: 0x140000000

GC Precious Log:
 CPUs: 4 total, 4 available
 Memory: 8040M
 Large Page Support: Disabled
 NUMA Support: Disabled
 Compressed Oops: Enabled (32-bit)
 Alignments: Space 512K, Generation 512K, Heap 2M
 Heap Min Capacity: 100M
 Heap Initial Capacity: 100M
 Heap Max Capacity: 1G
 Pre-touch: Disabled
 Parallel Workers: 4

Heap:
 PSYoungGen      total 23552K, used 21819K [0x00000000eab00000, 0x00000000ec500000, 0x0000000100000000)
  eden space 22528K, 92% used [0x00000000eab00000,0x00000000ebf56da8,0x00000000ec100000)
  from space 1024K, 96% used [0x00000000ec180000,0x00000000ec278000,0x00000000ec280000)
  to   space 1536K, 0% used [0x00000000ec380000,0x00000000ec380000,0x00000000ec500000)
 ParOldGen       total 68608K, used 14485K [0x00000000c0000000, 0x00000000c4300000, 0x00000000eab00000)
  object space 68608K, 21% used [0x00000000c0000000,0x00000000c0e25680,0x00000000c4300000)
 Metaspace       used 45276K, committed 46144K, reserved 1089536K
  class space    used 4905K, committed 5312K, reserved 1048576K

Card table byte_map: [0x00000197edc50000,0x00000197ede60000] _byte_map_base: 0x00000197ed650000

Marking Bits: (ParMarkBitMap*) 0x00007fffc7822a60
 Begin Bits: [0x0000019780000000, 0x0000019781000000)
 End Bits:   [0x0000019781000000, 0x0000019782000000)

Polling page: 0x00000197ec1f0000

Metaspace:

Usage:
  Non-class:     39.42 MB used.
      Class:      4.79 MB used.
       Both:     44.21 MB used.

Virtual space:
  Non-class space:       40.00 MB reserved,      39.88 MB (>99%) committed,  5 nodes.
      Class space:        1.00 GB reserved,       5.19 MB ( <1%) committed,  1 nodes.
             Both:        1.04 GB reserved,      45.06 MB (  4%) committed. 

Chunk freelists:
   Non-Class:  96.00 KB
       Class:  2.87 MB
        Both:  2.96 MB

MaxMetaspaceSize: unlimited
CompressedClassSpaceSize: 1.00 GB
Initial GC threshold: 21.00 MB
Current GC threshold: 58.38 MB
CDS: off
MetaspaceReclaimPolicy: balanced
 - commit_granule_bytes: 65536.
 - commit_granule_words: 8192.
 - virtual_space_node_default_size: 1048576.
 - enlarge_chunks_in_place: 1.
 - new_chunks_are_fully_committed: 0.
 - uncommit_free_chunks: 1.
 - use_allocation_guard: 0.
 - handle_deallocations: 1.


Internal statistics:

num_allocs_failed_limit: 6.
num_arena_births: 344.
num_arena_deaths: 0.
num_vsnodes_births: 6.
num_vsnodes_deaths: 0.
num_space_committed: 721.
num_space_uncommitted: 0.
num_chunks_returned_to_freelist: 6.
num_chunks_taken_from_freelist: 2008.
num_chunk_merges: 3.
num_chunk_splits: 1261.
num_chunks_enlarged: 736.
num_purges: 0.
num_inconsistent_stats: 0.

CodeHeap 'non-profiled nmethods': size=120000Kb used=2380Kb max_used=2380Kb free=117619Kb
 bounds [0x00000197f89f0000, 0x00000197f8c60000, 0x00000197fff20000]
CodeHeap 'profiled nmethods': size=120000Kb used=10044Kb max_used=10044Kb free=109955Kb
 bounds [0x00000197f14c0000, 0x00000197f1e90000, 0x00000197f89f0000]
CodeHeap 'non-nmethods': size=5760Kb used=1253Kb max_used=1337Kb free=4507Kb
 bounds [0x00000197f0f20000, 0x00000197f1190000, 0x00000197f14c0000]
 total_blobs=5211 nmethods=4640 adapters=485
 compilation: enabled
              stopped_count=0, restarted_count=0
 full_count=0

Compilation events (20 events):
Event: 10.208 Thread 0x00000197821c9d00 4641       3       java.lang.WeakPairMap$Pair$Lookup::hashCode (12 bytes)
Event: 10.208 Thread 0x00000197821c9d00 nmethod 4641 0x00000197f1e89710 code [0x00000197f1e898c0, 0x00000197f1e89a98]
Event: 10.210 Thread 0x00000197821c9d00 4643       3       java.lang.Integer::toString (55 bytes)
Event: 10.210 Thread 0x00000197821c9d00 nmethod 4643 0x00000197f1e89b90 code [0x00000197f1e89d60, 0x00000197f1e8a098]
Event: 10.213 Thread 0x00000197821c9d00 4644       3       org.eclipse.sisu.inject.QualifyingStrategy::qualify (53 bytes)
Event: 10.213 Thread 0x00000197821c9d00 nmethod 4644 0x00000197f1e8a210 code [0x00000197f1e8a440, 0x00000197f1e8ad88]
Event: 10.215 Thread 0x00000197821c9d00 4645       3       org.eclipse.sisu.bean.BeanScheduler$CycleActivator$1::visitNoScoping (5 bytes)
Event: 10.215 Thread 0x00000197821c9d00 nmethod 4645 0x00000197f1e8af90 code [0x00000197f1e8b120, 0x00000197f1e8b298]
Event: 10.215 Thread 0x00000197821c9d00 4646       3       org.eclipse.sisu.bean.BeanScheduler$CycleActivator$1::visitNoScoping (4 bytes)
Event: 10.215 Thread 0x00000197821c9d00 nmethod 4646 0x00000197f1e8b390 code [0x00000197f1e8b520, 0x00000197f1e8b638]
Event: 10.215 Thread 0x00000197821c9d00 4647       3       com.google.common.collect.AbstractMapBasedMultimap$AsMap::wrapEntry (29 bytes)
Event: 10.215 Thread 0x00000197821c9d00 nmethod 4647 0x00000197f1e8b710 code [0x00000197f1e8b900, 0x00000197f1e8bf88]
Event: 10.225 Thread 0x00000197821c9d00 4649       1       java.util.concurrent.atomic.AtomicReference::set (6 bytes)
Event: 10.225 Thread 0x00000197821c9d00 nmethod 4649 0x00000197f8c42d90 code [0x00000197f8c42f20, 0x00000197f8c42ff8]
Event: 10.248 Thread 0x00000197821c9d00 4650       3       org.eclipse.osgi.internal.framework.FilterImpl$Parser::parse_substring (227 bytes)
Event: 10.249 Thread 0x00000197821c9d00 nmethod 4650 0x00000197f1e8c190 code [0x00000197f1e8c580, 0x00000197f1e8e348]
Event: 10.252 Thread 0x00000197821c9d00 4651       1       java.util.concurrent.locks.ReentrantReadWriteLock::writeLock (5 bytes)
Event: 10.252 Thread 0x00000197821c9d00 nmethod 4651 0x00000197f8c43090 code [0x00000197f8c43220, 0x00000197f8c432f8]
Event: 10.266 Thread 0x00000197821c9d00 4652       3       java.lang.Math::max (12 bytes)
Event: 10.266 Thread 0x00000197821c9d00 nmethod 4652 0x00000197f1e8ee10 code [0x00000197f1e8efa0, 0x00000197f1e8f0d8]

GC Heap History (20 events):
Event: 4.407 GC heap before
{Heap before GC invocations=4 (full 0):
 PSYoungGen      total 29696K, used 18658K [0x00000000eab00000, 0x00000000ecc00000, 0x0000000100000000)
  eden space 25600K, 56% used [0x00000000eab00000,0x00000000eb93bbe8,0x00000000ec400000)
  from space 4096K, 99% used [0x00000000ec400000,0x00000000ec7fcf28,0x00000000ec800000)
  to   space 4096K, 0% used [0x00000000ec800000,0x00000000ec800000,0x00000000ecc00000)
 ParOldGen       total 68608K, used 5564K [0x00000000c0000000, 0x00000000c4300000, 0x00000000eab00000)
  object space 68608K, 8% used [0x00000000c0000000,0x00000000c056f088,0x00000000c4300000)
 Metaspace       used 21112K, committed 21504K, reserved 1073152K
  class space    used 2134K, committed 2304K, reserved 1048576K
}
Event: 4.413 GC heap after
{Heap after GC invocations=4 (full 0):
 PSYoungGen      total 29696K, used 4095K [0x00000000eab00000, 0x00000000ecc00000, 0x0000000100000000)
  eden space 25600K, 0% used [0x00000000eab00000,0x00000000eab00000,0x00000000ec400000)
  from space 4096K, 99% used [0x00000000ec800000,0x00000000ecbfffb0,0x00000000ecc00000)
  to   space 4096K, 0% used [0x00000000ec400000,0x00000000ec400000,0x00000000ec800000)
 ParOldGen       total 68608K, used 6124K [0x00000000c0000000, 0x00000000c4300000, 0x00000000eab00000)
  object space 68608K, 8% used [0x00000000c0000000,0x00000000c05fb0a8,0x00000000c4300000)
 Metaspace       used 21112K, committed 21504K, reserved 1073152K
  class space    used 2134K, committed 2304K, reserved 1048576K
}
Event: 4.413 GC heap before
{Heap before GC invocations=5 (full 1):
 PSYoungGen      total 29696K, used 4095K [0x00000000eab00000, 0x00000000ecc00000, 0x0000000100000000)
  eden space 25600K, 0% used [0x00000000eab00000,0x00000000eab00000,0x00000000ec400000)
  from space 4096K, 99% used [0x00000000ec800000,0x00000000ecbfffb0,0x00000000ecc00000)
  to   space 4096K, 0% used [0x00000000ec400000,0x00000000ec400000,0x00000000ec800000)
 ParOldGen       total 68608K, used 6124K [0x00000000c0000000, 0x00000000c4300000, 0x00000000eab00000)
  object space 68608K, 8% used [0x00000000c0000000,0x00000000c05fb0a8,0x00000000c4300000)
 Metaspace       used 21112K, committed 21504K, reserved 1073152K
  class space    used 2134K, committed 2304K, reserved 1048576K
}
Event: 4.446 GC heap after
{Heap after GC invocations=5 (full 1):
 PSYoungGen      total 29696K, used 0K [0x00000000eab00000, 0x00000000ecc00000, 0x0000000100000000)
  eden space 25600K, 0% used [0x00000000eab00000,0x00000000eab00000,0x00000000ec400000)
  from space 4096K, 0% used [0x00000000ec800000,0x00000000ec800000,0x00000000ecc00000)
  to   space 4096K, 0% used [0x00000000ec400000,0x00000000ec400000,0x00000000ec800000)
 ParOldGen       total 68608K, used 10003K [0x00000000c0000000, 0x00000000c4300000, 0x00000000eab00000)
  object space 68608K, 14% used [0x00000000c0000000,0x00000000c09c4f40,0x00000000c4300000)
 Metaspace       used 21112K, committed 21504K, reserved 1073152K
  class space    used 2134K, committed 2304K, reserved 1048576K
}
Event: 5.263 GC heap before
{Heap before GC invocations=6 (full 1):
 PSYoungGen      total 29696K, used 25600K [0x00000000eab00000, 0x00000000ecc00000, 0x0000000100000000)
  eden space 25600K, 100% used [0x00000000eab00000,0x00000000ec400000,0x00000000ec400000)
  from space 4096K, 0% used [0x00000000ec800000,0x00000000ec800000,0x00000000ecc00000)
  to   space 4096K, 0% used [0x00000000ec400000,0x00000000ec400000,0x00000000ec800000)
 ParOldGen       total 68608K, used 10003K [0x00000000c0000000, 0x00000000c4300000, 0x00000000eab00000)
  object space 68608K, 14% used [0x00000000c0000000,0x00000000c09c4f40,0x00000000c4300000)
 Metaspace       used 25010K, committed 25536K, reserved 1073152K
  class space    used 2419K, committed 2624K, reserved 1048576K
}
Event: 5.264 GC heap after
{Heap after GC invocations=6 (full 1):
 PSYoungGen      total 25600K, used 256K [0x00000000eab00000, 0x00000000ec880000, 0x0000000100000000)
  eden space 25088K, 0% used [0x00000000eab00000,0x00000000eab00000,0x00000000ec380000)
  from space 512K, 50% used [0x00000000ec400000,0x00000000ec440000,0x00000000ec480000)
  to   space 2560K, 0% used [0x00000000ec600000,0x00000000ec600000,0x00000000ec880000)
 ParOldGen       total 68608K, used 10011K [0x00000000c0000000, 0x00000000c4300000, 0x00000000eab00000)
  object space 68608K, 14% used [0x00000000c0000000,0x00000000c09c6f40,0x00000000c4300000)
 Metaspace       used 25010K, committed 25536K, reserved 1073152K
  class space    used 2419K, committed 2624K, reserved 1048576K
}
Event: 6.452 GC heap before
{Heap before GC invocations=7 (full 1):
 PSYoungGen      total 25600K, used 25344K [0x00000000eab00000, 0x00000000ec880000, 0x0000000100000000)
  eden space 25088K, 100% used [0x00000000eab00000,0x00000000ec380000,0x00000000ec380000)
  from space 512K, 50% used [0x00000000ec400000,0x00000000ec440000,0x00000000ec480000)
  to   space 2560K, 0% used [0x00000000ec600000,0x00000000ec600000,0x00000000ec880000)
 ParOldGen       total 68608K, used 10011K [0x00000000c0000000, 0x00000000c4300000, 0x00000000eab00000)
  object space 68608K, 14% used [0x00000000c0000000,0x00000000c09c6f40,0x00000000c4300000)
 Metaspace       used 27685K, committed 28160K, reserved 1081344K
  class space    used 2645K, committed 2880K, reserved 1048576K
}
Event: 6.454 GC heap after
{Heap after GC invocations=7 (full 1):
 PSYoungGen      total 25600K, used 987K [0x00000000eab00000, 0x00000000ec700000, 0x0000000100000000)
  eden space 24576K, 0% used [0x00000000eab00000,0x00000000eab00000,0x00000000ec300000)
  from space 1024K, 96% used [0x00000000ec600000,0x00000000ec6f6f38,0x00000000ec700000)
  to   space 1536K, 0% used [0x00000000ec400000,0x00000000ec400000,0x00000000ec580000)
 ParOldGen       total 68608K, used 10019K [0x00000000c0000000, 0x00000000c4300000, 0x00000000eab00000)
  object space 68608K, 14% used [0x00000000c0000000,0x00000000c09c8f40,0x00000000c4300000)
 Metaspace       used 27685K, committed 28160K, reserved 1081344K
  class space    used 2645K, committed 2880K, reserved 1048576K
}
Event: 7.393 GC heap before
{Heap before GC invocations=8 (full 1):
 PSYoungGen      total 25600K, used 25563K [0x00000000eab00000, 0x00000000ec700000, 0x0000000100000000)
  eden space 24576K, 99% used [0x00000000eab00000,0x00000000ec2ffee8,0x00000000ec300000)
  from space 1024K, 96% used [0x00000000ec600000,0x00000000ec6f6f38,0x00000000ec700000)
  to   space 1536K, 0% used [0x00000000ec400000,0x00000000ec400000,0x00000000ec580000)
 ParOldGen       total 68608K, used 10019K [0x00000000c0000000, 0x00000000c4300000, 0x00000000eab00000)
  object space 68608K, 14% used [0x00000000c0000000,0x00000000c09c8f40,0x00000000c4300000)
 Metaspace       used 31442K, committed 32064K, reserved 1081344K
  class space    used 3105K, committed 3392K, reserved 1048576K
}
Event: 7.396 GC heap after
{Heap after GC invocations=8 (full 1):
 PSYoungGen      total 25600K, used 1535K [0x00000000eab00000, 0x00000000ec980000, 0x0000000100000000)
  eden space 24064K, 0% used [0x00000000eab00000,0x00000000eab00000,0x00000000ec280000)
  from space 1536K, 99% used [0x00000000ec400000,0x00000000ec57fc70,0x00000000ec580000)
  to   space 3584K, 0% used [0x00000000ec600000,0x00000000ec600000,0x00000000ec980000)
 ParOldGen       total 68608K, used 11669K [0x00000000c0000000, 0x00000000c4300000, 0x00000000eab00000)
  object space 68608K, 17% used [0x00000000c0000000,0x00000000c0b65448,0x00000000c4300000)
 Metaspace       used 31442K, committed 32064K, reserved 1081344K
  class space    used 3105K, committed 3392K, reserved 1048576K
}
Event: 7.943 GC heap before
{Heap before GC invocations=9 (full 1):
 PSYoungGen      total 25600K, used 23347K [0x00000000eab00000, 0x00000000ec980000, 0x0000000100000000)
  eden space 24064K, 90% used [0x00000000eab00000,0x00000000ec04d210,0x00000000ec280000)
  from space 1536K, 99% used [0x00000000ec400000,0x00000000ec57fc70,0x00000000ec580000)
  to   space 3584K, 0% used [0x00000000ec600000,0x00000000ec600000,0x00000000ec980000)
 ParOldGen       total 68608K, used 11669K [0x00000000c0000000, 0x00000000c4300000, 0x00000000eab00000)
  object space 68608K, 17% used [0x00000000c0000000,0x00000000c0b65448,0x00000000c4300000)
 Metaspace       used 35128K, committed 35840K, reserved 1081344K
  class space    used 3649K, committed 3968K, reserved 1048576K
}
Event: 7.947 GC heap after
{Heap after GC invocations=9 (full 1):
 PSYoungGen      total 27136K, used 2736K [0x00000000eab00000, 0x00000000ec900000, 0x0000000100000000)
  eden space 24064K, 0% used [0x00000000eab00000,0x00000000eab00000,0x00000000ec280000)
  from space 3072K, 89% used [0x00000000ec600000,0x00000000ec8ac1e0,0x00000000ec900000)
  to   space 3072K, 0% used [0x00000000ec300000,0x00000000ec300000,0x00000000ec600000)
 ParOldGen       total 68608K, used 11669K [0x00000000c0000000, 0x00000000c4300000, 0x00000000eab00000)
  object space 68608K, 17% used [0x00000000c0000000,0x00000000c0b65448,0x00000000c4300000)
 Metaspace       used 35128K, committed 35840K, reserved 1081344K
  class space    used 3649K, committed 3968K, reserved 1048576K
}
Event: 7.947 GC heap before
{Heap before GC invocations=10 (full 2):
 PSYoungGen      total 27136K, used 2736K [0x00000000eab00000, 0x00000000ec900000, 0x0000000100000000)
  eden space 24064K, 0% used [0x00000000eab00000,0x00000000eab00000,0x00000000ec280000)
  from space 3072K, 89% used [0x00000000ec600000,0x00000000ec8ac1e0,0x00000000ec900000)
  to   space 3072K, 0% used [0x00000000ec300000,0x00000000ec300000,0x00000000ec600000)
 ParOldGen       total 68608K, used 11669K [0x00000000c0000000, 0x00000000c4300000, 0x00000000eab00000)
  object space 68608K, 17% used [0x00000000c0000000,0x00000000c0b65448,0x00000000c4300000)
 Metaspace       used 35128K, committed 35840K, reserved 1081344K
  class space    used 3649K, committed 3968K, reserved 1048576K
}
Event: 7.988 GC heap after
{Heap after GC invocations=10 (full 2):
 PSYoungGen      total 27136K, used 0K [0x00000000eab00000, 0x00000000ec900000, 0x0000000100000000)
  eden space 24064K, 0% used [0x00000000eab00000,0x00000000eab00000,0x00000000ec280000)
  from space 3072K, 0% used [0x00000000ec600000,0x00000000ec600000,0x00000000ec900000)
  to   space 3072K, 0% used [0x00000000ec300000,0x00000000ec300000,0x00000000ec600000)
 ParOldGen       total 68608K, used 12720K [0x00000000c0000000, 0x00000000c4300000, 0x00000000eab00000)
  object space 68608K, 18% used [0x00000000c0000000,0x00000000c0c6c1e8,0x00000000c4300000)
 Metaspace       used 35128K, committed 35840K, reserved 1081344K
  class space    used 3649K, committed 3968K, reserved 1048576K
}
Event: 8.623 GC heap before
{Heap before GC invocations=11 (full 2):
 PSYoungGen      total 27136K, used 24064K [0x00000000eab00000, 0x00000000ec900000, 0x0000000100000000)
  eden space 24064K, 100% used [0x00000000eab00000,0x00000000ec280000,0x00000000ec280000)
  from space 3072K, 0% used [0x00000000ec600000,0x00000000ec600000,0x00000000ec900000)
  to   space 3072K, 0% used [0x00000000ec300000,0x00000000ec300000,0x00000000ec600000)
 ParOldGen       total 68608K, used 12720K [0x00000000c0000000, 0x00000000c4300000, 0x00000000eab00000)
  object space 68608K, 18% used [0x00000000c0000000,0x00000000c0c6c1e8,0x00000000c4300000)
 Metaspace       used 37600K, committed 38272K, reserved 1089536K
  class space    used 3989K, committed 4288K, reserved 1048576K
}
Event: 8.625 GC heap after
{Heap after GC invocations=11 (full 2):
 PSYoungGen      total 25088K, used 1216K [0x00000000eab00000, 0x00000000ec680000, 0x0000000100000000)
  eden space 23552K, 0% used [0x00000000eab00000,0x00000000eab00000,0x00000000ec200000)
  from space 1536K, 79% used [0x00000000ec300000,0x00000000ec430178,0x00000000ec480000)
  to   space 2048K, 0% used [0x00000000ec480000,0x00000000ec480000,0x00000000ec680000)
 ParOldGen       total 68608K, used 12728K [0x00000000c0000000, 0x00000000c4300000, 0x00000000eab00000)
  object space 68608K, 18% used [0x00000000c0000000,0x00000000c0c6e1e8,0x00000000c4300000)
 Metaspace       used 37600K, committed 38272K, reserved 1089536K
  class space    used 3989K, committed 4288K, reserved 1048576K
}
Event: 9.048 GC heap before
{Heap before GC invocations=12 (full 2):
 PSYoungGen      total 25088K, used 24768K [0x00000000eab00000, 0x00000000ec680000, 0x0000000100000000)
  eden space 23552K, 99% used [0x00000000eab00000,0x00000000ec1fff80,0x00000000ec200000)
  from space 1536K, 79% used [0x00000000ec300000,0x00000000ec430178,0x00000000ec480000)
  to   space 2048K, 0% used [0x00000000ec480000,0x00000000ec480000,0x00000000ec680000)
 ParOldGen       total 68608K, used 12728K [0x00000000c0000000, 0x00000000c4300000, 0x00000000eab00000)
  object space 68608K, 18% used [0x00000000c0000000,0x00000000c0c6e1e8,0x00000000c4300000)
 Metaspace       used 39365K, committed 40128K, reserved 1089536K
  class space    used 4188K, committed 4544K, reserved 1048576K
}
Event: 9.052 GC heap after
{Heap after GC invocations=12 (full 2):
 PSYoungGen      total 25088K, used 1964K [0x00000000eab00000, 0x00000000ec680000, 0x0000000100000000)
  eden space 23040K, 0% used [0x00000000eab00000,0x00000000eab00000,0x00000000ec180000)
  from space 2048K, 95% used [0x00000000ec480000,0x00000000ec66b320,0x00000000ec680000)
  to   space 2560K, 0% used [0x00000000ec180000,0x00000000ec180000,0x00000000ec400000)
 ParOldGen       total 68608K, used 12736K [0x00000000c0000000, 0x00000000c4300000, 0x00000000eab00000)
  object space 68608K, 18% used [0x00000000c0000000,0x00000000c0c701e8,0x00000000c4300000)
 Metaspace       used 39365K, committed 40128K, reserved 1089536K
  class space    used 4188K, committed 4544K, reserved 1048576K
}
Event: 9.770 GC heap before
{Heap before GC invocations=13 (full 2):
 PSYoungGen      total 25088K, used 25004K [0x00000000eab00000, 0x00000000ec680000, 0x0000000100000000)
  eden space 23040K, 100% used [0x00000000eab00000,0x00000000ec180000,0x00000000ec180000)
  from space 2048K, 95% used [0x00000000ec480000,0x00000000ec66b320,0x00000000ec680000)
  to   space 2560K, 0% used [0x00000000ec180000,0x00000000ec180000,0x00000000ec400000)
 ParOldGen       total 68608K, used 12736K [0x00000000c0000000, 0x00000000c4300000, 0x00000000eab00000)
  object space 68608K, 18% used [0x00000000c0000000,0x00000000c0c701e8,0x00000000c4300000)
 Metaspace       used 42495K, committed 43200K, reserved 1089536K
  class space    used 4569K, committed 4928K, reserved 1048576K
}
Event: 9.773 GC heap after
{Heap after GC invocations=13 (full 2):
 PSYoungGen      total 23552K, used 992K [0x00000000eab00000, 0x00000000ec500000, 0x0000000100000000)
  eden space 22528K, 0% used [0x00000000eab00000,0x00000000eab00000,0x00000000ec100000)
  from space 1024K, 96% used [0x00000000ec180000,0x00000000ec278000,0x00000000ec280000)
  to   space 1536K, 0% used [0x00000000ec380000,0x00000000ec380000,0x00000000ec500000)
 ParOldGen       total 68608K, used 14485K [0x00000000c0000000, 0x00000000c4300000, 0x00000000eab00000)
  object space 68608K, 21% used [0x00000000c0000000,0x00000000c0e25680,0x00000000c4300000)
 Metaspace       used 42495K, committed 43200K, reserved 1089536K
  class space    used 4569K, committed 4928K, reserved 1048576K
}

Deoptimization events (20 events):
Event: 10.202 Thread 0x0000019785929070 Uncommon trap: trap_request=0xffffff66 fr.pc=0x00000197f8bbc3a8 relative=0x0000000000000188
Event: 10.202 Thread 0x0000019785929070 Uncommon trap: reason=speculate_class_check action=maybe_recompile pc=0x00000197f8bbc3a8 method=java.util.regex.Pattern$BmpCharPredicate.lambda$union$2(Ljava/util/regex/Pattern$CharPredicate;I)Z @ 2 c2
Event: 10.202 Thread 0x0000019785929070 DEOPT PACKING pc=0x00000197f8bbc3a8 sp=0x000000283ddfd9f0
Event: 10.202 Thread 0x0000019785929070 DEOPT UNPACKING pc=0x00000197f0f720a3 sp=0x000000283ddfd918 mode 2
Event: 10.202 Thread 0x0000019785929070 Uncommon trap: trap_request=0xffffffde fr.pc=0x00000197f8bbca38 relative=0x0000000000000118
Event: 10.202 Thread 0x0000019785929070 Uncommon trap: reason=class_check action=maybe_recompile pc=0x00000197f8bbca38 method=java.util.regex.Pattern$BmpCharPredicate.lambda$union$2(Ljava/util/regex/Pattern$CharPredicate;I)Z @ 2 c2
Event: 10.202 Thread 0x0000019785929070 DEOPT PACKING pc=0x00000197f8bbca38 sp=0x000000283ddfda50
Event: 10.202 Thread 0x0000019785929070 DEOPT UNPACKING pc=0x00000197f0f720a3 sp=0x000000283ddfd9e8 mode 2
Event: 10.202 Thread 0x0000019785929070 Uncommon trap: trap_request=0xffffffde fr.pc=0x00000197f8bbca38 relative=0x0000000000000118
Event: 10.202 Thread 0x0000019785929070 Uncommon trap: reason=class_check action=maybe_recompile pc=0x00000197f8bbca38 method=java.util.regex.Pattern$BmpCharPredicate.lambda$union$2(Ljava/util/regex/Pattern$CharPredicate;I)Z @ 2 c2
Event: 10.202 Thread 0x0000019785929070 DEOPT PACKING pc=0x00000197f8bbca38 sp=0x000000283ddfd970
Event: 10.202 Thread 0x0000019785929070 DEOPT UNPACKING pc=0x00000197f0f720a3 sp=0x000000283ddfd908 mode 2
Event: 10.203 Thread 0x0000019785929070 Uncommon trap: trap_request=0xffffffde fr.pc=0x00000197f8bbca38 relative=0x0000000000000118
Event: 10.203 Thread 0x0000019785929070 Uncommon trap: reason=class_check action=maybe_recompile pc=0x00000197f8bbca38 method=java.util.regex.Pattern$BmpCharPredicate.lambda$union$2(Ljava/util/regex/Pattern$CharPredicate;I)Z @ 2 c2
Event: 10.203 Thread 0x0000019785929070 DEOPT PACKING pc=0x00000197f8bbca38 sp=0x000000283ddfda50
Event: 10.203 Thread 0x0000019785929070 DEOPT UNPACKING pc=0x00000197f0f720a3 sp=0x000000283ddfd9e8 mode 2
Event: 10.203 Thread 0x0000019785929070 Uncommon trap: trap_request=0xffffffde fr.pc=0x00000197f8bbca38 relative=0x0000000000000118
Event: 10.203 Thread 0x0000019785929070 Uncommon trap: reason=class_check action=maybe_recompile pc=0x00000197f8bbca38 method=java.util.regex.Pattern$BmpCharPredicate.lambda$union$2(Ljava/util/regex/Pattern$CharPredicate;I)Z @ 2 c2
Event: 10.203 Thread 0x0000019785929070 DEOPT PACKING pc=0x00000197f8bbca38 sp=0x000000283ddfd970
Event: 10.203 Thread 0x0000019785929070 DEOPT UNPACKING pc=0x00000197f0f720a3 sp=0x000000283ddfd908 mode 2

Classes unloaded (0 events):
No events

Classes redefined (0 events):
No events

Internal exceptions (20 events):
Event: 6.155 Thread 0x0000019784660570 Exception <a 'java/lang/ClassNotFoundException'{0x00000000ebeee7b0}: com/sun/org/apache/xerces/internal/impl/msg/spi/XMLSerializerMessagesProvider> (0x00000000ebeee7b0) 
thrown [e:\jenkins\tmp\workspace\build\src\src\hotspot\share\classfile\systemDictionary.cpp, line 256]
Event: 6.157 Thread 0x0000019784660570 Exception <a 'java/lang/ClassNotFoundException'{0x00000000ebefba88}: com/sun/org/apache/xerces/internal/impl/msg/spi/XMLMessagesProvider> (0x00000000ebefba88) 
thrown [e:\jenkins\tmp\workspace\build\src\src\hotspot\share\classfile\systemDictionary.cpp, line 256]
Event: 6.481 Thread 0x0000019784660570 Exception <a 'sun/nio/fs/WindowsException'{0x00000000eabe9820}> (0x00000000eabe9820) 
thrown [e:\jenkins\tmp\workspace\build\src\src\hotspot\share\prims\jni.cpp, line 516]
Event: 6.623 Thread 0x0000019784660570 Exception <a 'java/lang/ClassNotFoundException'{0x00000000eb17e2c8}: com/sun/org/apache/xml/internal/serializer/spi/XMLEntitiesProvider> (0x00000000eb17e2c8) 
thrown [e:\jenkins\tmp\workspace\build\src\src\hotspot\share\classfile\systemDictionary.cpp, line 256]
Event: 7.143 Thread 0x000001978592a880 Exception <a 'java/lang/NoSuchMethodError'{0x00000000ebf514f0}: 'void java.lang.invoke.DirectMethodHandle$Holder.invokeSpecial(java.lang.Object, java.lang.Object, java.lang.Object, int)'> (0x00000000ebf514f0) 
thrown [e:\jenkins\tmp\workspace\build\src\src\hotspot\share\interpreter\linkResolver.cpp, line 766]
Event: 7.387 Thread 0x000001978592a880 Exception <a 'java/lang/NoSuchMethodError'{0x00000000ec2b3140}: static Lorg/eclipse/m2e/core/internal/lifecyclemapping/model/PluginExecutionMetadata;.<clinit>()V> (0x00000000ec2b3140) 
thrown [e:\jenkins\tmp\workspace\build\src\src\hotspot\share\prims\jni.cpp, line 1107]
Event: 7.392 Thread 0x000001978592a880 Exception <a 'java/lang/NoSuchMethodError'{0x00000000ec2f4af0}: static Lorg/eclipse/m2e/core/internal/lifecyclemapping/model/PluginExecutionFilter;.<clinit>()V> (0x00000000ec2f4af0) 
thrown [e:\jenkins\tmp\workspace\build\src\src\hotspot\share\prims\jni.cpp, line 1107]
Event: 7.512 Thread 0x0000019784660570 Exception <a 'java/io/FileNotFoundException'{0x00000000eaf7e198}> (0x00000000eaf7e198) 
thrown [e:\jenkins\tmp\workspace\build\src\src\hotspot\share\prims\jni.cpp, line 516]
Event: 7.526 Thread 0x0000019784660570 Exception <a 'java/io/FileNotFoundException'{0x00000000eb00b468}> (0x00000000eb00b468) 
thrown [e:\jenkins\tmp\workspace\build\src\src\hotspot\share\prims\jni.cpp, line 516]
Event: 7.533 Thread 0x0000019784660570 Exception <a 'java/io/FileNotFoundException'{0x00000000eb0951d8}> (0x00000000eb0951d8) 
thrown [e:\jenkins\tmp\workspace\build\src\src\hotspot\share\prims\jni.cpp, line 516]
Event: 7.866 Thread 0x0000019784660570 Implicit null exception at 0x00000197f8b34f4c to 0x00000197f8b35c18
Event: 7.866 Thread 0x0000019784660570 Implicit null exception at 0x00000197f8b31ace to 0x00000197f8b32800
Event: 7.880 Thread 0x000001978592a880 Exception <a 'java/lang/NoSuchMethodError'{0x00000000ebe2bba0}: 'java.lang.Object java.lang.invoke.DirectMethodHandle$Holder.newInvokeSpecial(java.lang.Object, java.lang.Object, java.lang.Object, java.lang.Object, java.lang.Object)'> (0x00000000ebe2bba0) 
thrown [e:\jenkins\tmp\workspace\build\src\src\hotspot\share\interpreter\linkResolver.cpp, line 766]
Event: 8.216 Thread 0x000001978592a880 Implicit null exception at 0x00000197f8aa91e0 to 0x00000197f8aa9458
Event: 8.291 Thread 0x000001978592a880 Implicit null exception at 0x00000197f8a9c7d7 to 0x00000197f8a9ca40
Event: 8.948 Thread 0x0000019787a7ff10 Exception <a 'java/io/FileNotFoundException'{0x00000000ebd79c88}> (0x00000000ebd79c88) 
thrown [e:\jenkins\tmp\workspace\build\src\src\hotspot\share\prims\jni.cpp, line 516]
Event: 9.070 Thread 0x0000019787a7ff10 Exception <a 'java/lang/NoSuchMethodError'{0x00000000eacd10e0}: 'void java.lang.invoke.DirectMethodHandle$Holder.invokeStatic(java.lang.Object, java.lang.Object, java.lang.Object, java.lang.Object, java.lang.Object, java.lang.Object)'> (0x00000000eacd10e0) 
thrown [e:\jenkins\tmp\workspace\build\src\src\hotspot\share\interpreter\linkResolver.cpp, line 766]
Event: 10.077 Thread 0x000001978592a3b0 Exception <a 'java/lang/NoClassDefFoundError'{0x00000000eb8b86b0}: com/google/inject/servlet/ServletModuleTargetVisitor> (0x00000000eb8b86b0) 
thrown [e:\jenkins\tmp\workspace\build\src\src\hotspot\share\classfile\systemDictionary.cpp, line 245]
Event: 10.077 Thread 0x000001978592a3b0 Exception <a 'java/lang/NoClassDefFoundError'{0x00000000eb8bafa0}: javax/annotation/Priority> (0x00000000eb8bafa0) 
thrown [e:\jenkins\tmp\workspace\build\src\src\hotspot\share\classfile\systemDictionary.cpp, line 245]
Event: 10.213 Thread 0x000001978592a3b0 Exception <a 'java/io/FileNotFoundException'{0x00000000ebe272e0}> (0x00000000ebe272e0) 
thrown [e:\jenkins\tmp\workspace\build\src\src\hotspot\share\prims\jni.cpp, line 516]

VM Operations (20 events):
Event: 8.644 Executing VM operation: HandshakeAllThreads
Event: 8.648 Executing VM operation: HandshakeAllThreads done
Event: 9.048 Executing VM operation: ParallelGCFailedAllocation
Event: 9.052 Executing VM operation: ParallelGCFailedAllocation done
Event: 9.280 Executing VM operation: HandshakeAllThreads
Event: 9.294 Executing VM operation: HandshakeAllThreads done
Event: 9.322 Executing VM operation: HandshakeAllThreads
Event: 9.323 Executing VM operation: HandshakeAllThreads done
Event: 9.770 Executing VM operation: ParallelGCFailedAllocation
Event: 9.773 Executing VM operation: ParallelGCFailedAllocation done
Event: 9.826 Executing VM operation: HandshakeAllThreads
Event: 9.826 Executing VM operation: HandshakeAllThreads done
Event: 9.880 Executing VM operation: HandshakeAllThreads
Event: 9.880 Executing VM operation: HandshakeAllThreads done
Event: 10.079 Executing VM operation: HandshakeAllThreads
Event: 10.082 Executing VM operation: HandshakeAllThreads done
Event: 10.128 Executing VM operation: HandshakeAllThreads
Event: 10.128 Executing VM operation: HandshakeAllThreads done
Event: 10.156 Executing VM operation: ICBufferFull
Event: 10.156 Executing VM operation: ICBufferFull done

Events (20 events):
Event: 9.921 loading class java/util/Formatter$Flags
Event: 9.921 loading class java/util/Formatter$Flags done
Event: 9.921 loading class java/util/Formattable
Event: 9.921 loading class java/util/Formattable done
Event: 10.106 loading class java/lang/ProcessEnvironment$CheckedKeySet
Event: 10.106 loading class java/lang/ProcessEnvironment$CheckedKeySet done
Event: 10.197 loading class jdk/internal/math/FormattedFloatingDecimal$Form
Event: 10.197 loading class jdk/internal/math/FormattedFloatingDecimal$Form done
Event: 10.197 loading class jdk/internal/math/FormattedFloatingDecimal
Event: 10.197 loading class jdk/internal/math/FormattedFloatingDecimal done
Event: 10.197 loading class jdk/internal/math/FormattedFloatingDecimal$1
Event: 10.197 loading class jdk/internal/math/FormattedFloatingDecimal$1 done
Event: 10.197 loading class jdk/internal/math/FormattedFloatingDecimal$2
Event: 10.198 loading class jdk/internal/math/FormattedFloatingDecimal$2 done
Event: 10.209 loading class jdk/internal/reflect/UnsafeIntegerFieldAccessorImpl
Event: 10.210 loading class jdk/internal/reflect/UnsafeIntegerFieldAccessorImpl done
Event: 10.213 loading class sun/security/provider/MD5
Event: 10.214 loading class sun/security/provider/MD5 done
Event: 10.214 loading class sun/security/provider/ByteArrayAccess$LE
Event: 10.214 loading class sun/security/provider/ByteArrayAccess$LE done


Dynamic libraries:
0x00007ff65e1d0000 - 0x00007ff65e1de000 	c:\Users\jtalg\.vscode\extensions\redhat.java-1.3.0\jre\17.0.1-win32-x86_64\bin\java.exe
0x00007ff807760000 - 0x00007ff807969000 	C:\WINDOWS\SYSTEM32\ntdll.dll
0x00007ff806d70000 - 0x00007ff806e2d000 	C:\WINDOWS\System32\KERNEL32.DLL
0x00007ff804f80000 - 0x00007ff8052f4000 	C:\WINDOWS\System32\KERNELBASE.dll
0x00007ff805300000 - 0x00007ff805411000 	C:\WINDOWS\System32\ucrtbase.dll
0x00007fffeaa80000 - 0x00007fffeaa98000 	c:\Users\jtalg\.vscode\extensions\redhat.java-1.3.0\jre\17.0.1-win32-x86_64\bin\jli.dll
0x00007ff807200000 - 0x00007ff8073ac000 	C:\WINDOWS\System32\USER32.dll
0x00007ff805510000 - 0x00007ff805536000 	C:\WINDOWS\System32\win32u.dll
0x00007ff807620000 - 0x00007ff807649000 	C:\WINDOWS\System32\GDI32.dll
0x00007ff804dc0000 - 0x00007ff804ed2000 	C:\WINDOWS\System32\gdi32full.dll
0x00007ff804ee0000 - 0x00007ff804f7d000 	C:\WINDOWS\System32\msvcp_win.dll
0x00007fffe8ac0000 - 0x00007fffe8ad9000 	c:\Users\jtalg\.vscode\extensions\redhat.java-1.3.0\jre\17.0.1-win32-x86_64\bin\VCRUNTIME140.dll
0x00007ffff1bb0000 - 0x00007ffff1e55000 	C:\WINDOWS\WinSxS\amd64_microsoft.windows.common-controls_6595b64144ccf1df_6.0.22000.120_none_9d947278b86cc467\COMCTL32.dll
0x00007ff8057a0000 - 0x00007ff805843000 	C:\WINDOWS\System32\msvcrt.dll
0x00007ff8073b0000 - 0x00007ff8073e1000 	C:\WINDOWS\System32\IMM32.DLL
0x00007ff802130000 - 0x00007ff80213c000 	c:\Users\jtalg\.vscode\extensions\redhat.java-1.3.0\jre\17.0.1-win32-x86_64\bin\vcruntime140_1.dll
0x00007fffc78f0000 - 0x00007fffc7981000 	c:\Users\jtalg\.vscode\extensions\redhat.java-1.3.0\jre\17.0.1-win32-x86_64\bin\msvcp140.dll
0x00007fffc6ca0000 - 0x00007fffc78e6000 	c:\Users\jtalg\.vscode\extensions\redhat.java-1.3.0\jre\17.0.1-win32-x86_64\bin\server\jvm.dll
0x00007ff8070f0000 - 0x00007ff80719e000 	C:\WINDOWS\System32\ADVAPI32.dll
0x00007ff805a60000 - 0x00007ff805afe000 	C:\WINDOWS\System32\sechost.dll
0x00007ff805680000 - 0x00007ff8057a0000 	C:\WINDOWS\System32\RPCRT4.dll
0x00007ff8070e0000 - 0x00007ff8070e8000 	C:\WINDOWS\System32\PSAPI.DLL
0x00007fffe9c30000 - 0x00007fffe9c39000 	C:\WINDOWS\SYSTEM32\WSOCK32.dll
0x00007ff8073f0000 - 0x00007ff80745f000 	C:\WINDOWS\System32\WS2_32.dll
0x00007ffffda10000 - 0x00007ffffda43000 	C:\WINDOWS\SYSTEM32\WINMM.dll
0x00007ffffd680000 - 0x00007ffffd68a000 	C:\WINDOWS\SYSTEM32\VERSION.dll
0x00007ff803e40000 - 0x00007ff803e58000 	C:\WINDOWS\SYSTEM32\kernel.appcore.dll
0x00007ff8011b0000 - 0x00007ff8011ba000 	c:\Users\jtalg\.vscode\extensions\redhat.java-1.3.0\jre\17.0.1-win32-x86_64\bin\jimage.dll
0x00007fffed380000 - 0x00007fffed5a1000 	C:\WINDOWS\SYSTEM32\DBGHELP.DLL
0x00007fffea0c0000 - 0x00007fffea0f1000 	C:\WINDOWS\SYSTEM32\dbgcore.DLL
0x00007ff805490000 - 0x00007ff80550f000 	C:\WINDOWS\System32\bcryptPrimitives.dll
0x00007ff801170000 - 0x00007ff80117e000 	c:\Users\jtalg\.vscode\extensions\redhat.java-1.3.0\jre\17.0.1-win32-x86_64\bin\instrument.dll
0x00007fffe19d0000 - 0x00007fffe19f5000 	c:\Users\jtalg\.vscode\extensions\redhat.java-1.3.0\jre\17.0.1-win32-x86_64\bin\java.dll
0x00007fffe19b0000 - 0x00007fffe19c8000 	c:\Users\jtalg\.vscode\extensions\redhat.java-1.3.0\jre\17.0.1-win32-x86_64\bin\zip.dll
0x00007ff805be0000 - 0x00007ff80638e000 	C:\WINDOWS\System32\SHELL32.dll
0x00007ff802dc0000 - 0x00007ff803627000 	C:\WINDOWS\SYSTEM32\windows.storage.dll
0x00007ff8064a0000 - 0x00007ff806818000 	C:\WINDOWS\System32\combase.dll
0x00007ff802c50000 - 0x00007ff802db6000 	C:\WINDOWS\SYSTEM32\wintypes.dll
0x00007ff806e30000 - 0x00007ff806f1a000 	C:\WINDOWS\System32\SHCORE.dll
0x00007ff805b80000 - 0x00007ff805bdd000 	C:\WINDOWS\System32\shlwapi.dll
0x00007ff804b80000 - 0x00007ff804ba1000 	C:\WINDOWS\SYSTEM32\profapi.dll
0x00007fffe14f0000 - 0x00007fffe1509000 	C:\Users\jtalg\.vscode\extensions\redhat.java-1.3.0\jre\17.0.1-win32-x86_64\bin\net.dll
0x00007ffffe8c0000 - 0x00007ffffe9cc000 	C:\WINDOWS\SYSTEM32\WINHTTP.dll
0x00007ff804270000 - 0x00007ff8042d7000 	C:\WINDOWS\system32\mswsock.dll
0x00007fffd8df0000 - 0x00007fffd8e05000 	C:\Users\jtalg\.vscode\extensions\redhat.java-1.3.0\jre\17.0.1-win32-x86_64\bin\nio.dll
0x00007ff800130000 - 0x00007ff800140000 	c:\Users\jtalg\.vscode\extensions\redhat.java-1.3.0\jre\17.0.1-win32-x86_64\bin\verify.dll
0x00007ff8044c0000 - 0x00007ff8044d8000 	C:\WINDOWS\SYSTEM32\CRYPTSP.dll
0x00007ff803da0000 - 0x00007ff803dd5000 	C:\WINDOWS\system32\rsaenh.dll
0x00007ff804360000 - 0x00007ff804389000 	C:\WINDOWS\SYSTEM32\USERENV.dll
0x00007ff804630000 - 0x00007ff804657000 	C:\WINDOWS\SYSTEM32\bcrypt.dll
0x00007ff8044b0000 - 0x00007ff8044bc000 	C:\WINDOWS\SYSTEM32\CRYPTBASE.dll
0x00007ff803920000 - 0x00007ff80394d000 	C:\WINDOWS\SYSTEM32\IPHLPAPI.DLL
0x00007ff8070d0000 - 0x00007ff8070d9000 	C:\WINDOWS\System32\NSI.dll
0x00007ffffea20000 - 0x00007ffffea39000 	C:\WINDOWS\SYSTEM32\dhcpcsvc6.DLL
0x00007fffff3d0000 - 0x00007fffff3ee000 	C:\WINDOWS\SYSTEM32\dhcpcsvc.DLL
0x00007ff8039a0000 - 0x00007ff803a87000 	C:\WINDOWS\SYSTEM32\DNSAPI.dll
0x00007fffd7410000 - 0x00007fffd744e000 	C:\Users\jtalg\AppData\Roaming\Code\User\globalStorage\redhat.java\1.3.0\config_win\org.eclipse.equinox.launcher\org.eclipse.equinox.launcher.win32.win32.x86_64_1.2.400.v20211117-0650\eclipse_11602.dll
0x00007ff806f20000 - 0x00007ff8070ba000 	C:\WINDOWS\System32\ole32.dll
0x00007fffd3830000 - 0x00007fffd3841000 	C:\Users\jtalg\AppData\Roaming\Code\User\globalStorage\redhat.java\1.3.0\config_win\org.eclipse.osgi\22\0\.cp\jWinHttp-1.0.0.dll

dbghelp: loaded successfully - version: 4.0.5 - missing functions: none
symbol engine: initialized successfully - sym options: 0x614 - pdb path: .;c:\Users\jtalg\.vscode\extensions\redhat.java-1.3.0\jre\17.0.1-win32-x86_64\bin;C:\WINDOWS\SYSTEM32;C:\WINDOWS\WinSxS\amd64_microsoft.windows.common-controls_6595b64144ccf1df_6.0.22000.120_none_9d947278b86cc467;c:\Users\jtalg\.vscode\extensions\redhat.java-1.3.0\jre\17.0.1-win32-x86_64\bin\server;C:\Users\jtalg\AppData\Roaming\Code\User\globalStorage\redhat.java\1.3.0\config_win\org.eclipse.equinox.launcher\org.eclipse.equinox.launcher.win32.win32.x86_64_1.2.400.v20211117-0650;C:\Users\jtalg\AppData\Roaming\Code\User\globalStorage\redhat.java\1.3.0\config_win\org.eclipse.osgi\22\0\.cp

VM Arguments:
jvm_args: --add-modules=ALL-SYSTEM --add-opens=java.base/java.util=ALL-UNNAMED --add-opens=java.base/java.lang=ALL-UNNAMED --add-opens=java.base/sun.nio.fs=ALL-UNNAMED -Declipse.application=org.eclipse.jdt.ls.core.id1 -Dosgi.bundles.defaultStartLevel=4 -Declipse.product=org.eclipse.jdt.ls.core.product -Djava.import.generatesMetadataFilesAtProjectRoot=false -Dfile.encoding=utf8 -DwatchParentProcess=false -XX:+UseParallelGC -XX:GCTimeRatio=4 -XX:AdaptiveSizePolicyWeight=90 -Dsun.zip.disableMemoryMapping=true -Xmx1G -Xms100m -javaagent:c:\Users\jtalg\.vscode\extensions\gabrielbb.vscode-lombok-1.0.1\server\lombok.jar -XX:+HeapDumpOnOutOfMemoryError -XX:HeapDumpPath=c:\Users\jtalg\AppData\Roaming\Code\User\workspaceStorage\23ab0888d26938d64720ae656aa4ab37\redhat.java 
java_command: c:\Users\jtalg\.vscode\extensions\redhat.java-1.3.0\server\plugins\org.eclipse.equinox.launcher_1.6.400.v20210924-0641.jar -configuration c:\Users\jtalg\AppData\Roaming\Code\User\globalStorage\redhat.java\1.3.0\config_win -data c:\Users\jtalg\AppData\Roaming\Code\User\workspaceStorage\23ab0888d26938d64720ae656aa4ab37\redhat.java\jdt_ws
java_class_path (initial): c:\Users\jtalg\.vscode\extensions\redhat.java-1.3.0\server\plugins\org.eclipse.equinox.launcher_1.6.400.v20210924-0641.jar
Launcher Type: SUN_STANDARD

[Global flags]
    uintx AdaptiveSizePolicyWeight                 = 90                                        {product} {command line}
     intx CICompilerCount                          = 3                                         {product} {ergonomic}
    uintx GCTimeRatio                              = 4                                         {product} {command line}
     bool HeapDumpOnOutOfMemoryError               = true                                   {manageable} {command line}
    ccstr HeapDumpPath                             = c:\Users\jtalg\AppData\Roaming\Code\User\workspaceStorage\23ab0888d26938d64720ae656aa4ab37\redhat.java         {manageable} {command line}
   size_t InitialHeapSize                          = 104857600                                 {product} {command line}
   size_t MaxHeapSize                              = 1073741824                                {product} {command line}
   size_t MaxNewSize                               = 357564416                                 {product} {ergonomic}
   size_t MinHeapDeltaBytes                        = 524288                                    {product} {ergonomic}
   size_t MinHeapSize                              = 104857600                                 {product} {command line}
   size_t NewSize                                  = 34603008                                  {product} {ergonomic}
    uintx NonNMethodCodeHeapSize                   = 5832780                                {pd product} {ergonomic}
    uintx NonProfiledCodeHeapSize                  = 122912730                              {pd product} {ergonomic}
   size_t OldSize                                  = 70254592                                  {product} {ergonomic}
    uintx ProfiledCodeHeapSize                     = 122912730                              {pd product} {ergonomic}
    uintx ReservedCodeCacheSize                    = 251658240                              {pd product} {ergonomic}
     bool SegmentedCodeCache                       = true                                      {product} {ergonomic}
   size_t SoftMaxHeapSize                          = 1073741824                             {manageable} {ergonomic}
     bool UseCompressedClassPointers               = true                           {product lp64_product} {ergonomic}
     bool UseCompressedOops                        = true                           {product lp64_product} {ergonomic}
     bool UseLargePagesIndividualAllocation        = false                                  {pd product} {ergonomic}
     bool UseParallelGC                            = true                                      {product} {command line}

Logging:
Log output configuration:
 #0: stdout all=warning uptime,level,tags
 #1: stderr all=off uptime,level,tags

Environment Variables:
JAVA_HOME=C:\Program Files\RedHat\java-11-openjdk-11.0.13-1
PATH=D:\Virtual Machine\VMware\bin\;C:\Program Files (x86)\Common Files\Oracle\Java\javapath;C:\WINDOWS\system32;C:\WINDOWS;C:\WINDOWS\System32\Wbem;C:\WINDOWS\System32\WindowsPowerShell\v1.0\;C:\WINDOWS\System32\OpenSSH\;C:\Program Files\NVIDIA Corporation\NVIDIA NvDLISR;D:\Dev\Git\cmd;D:\Dev\NodeJS\;C:\Program Files (x86)\NVIDIA Corporation\PhysX\Common;C:\Program Files\Microsoft SQL Server\130\Tools\Binn\;C:\WINDOWS\system32;C:\WINDOWS;C:\WINDOWS\System32\Wbem;C:\WINDOWS\System32\WindowsPowerShell\v1.0\;C:\WINDOWS\System32\OpenSSH\;C:\Program Files\RedHat\java-11-openjdk-11.0.13-1\bin;C:\Program Files\RedHat\java-11-openjdk-11.0.13-1\bin;C:\Users\jtalg\apache-maven-3.8.4-bin\apache-maven-3.8.4\bin;C:\Gradle\gradle-7.3.3\bin;C:\Users\jtalg\AppData\Local\Microsoft\WindowsApps;D:\Dev\Microsoft VS Code\bin;D:\Dev\heroku\bin;C:\Users\jtalg\AppData\Roaming\npm;C:\Program Files\JetBrains\IntelliJ IDEA 2020.3.3\bin;;
USERNAME=jtalg
OS=Windows_NT
PROCESSOR_IDENTIFIER=Intel64 Family 6 Model 142 Stepping 11, GenuineIntel



---------------  S Y S T E M  ---------------

OS:
 Windows 10 , 64 bit Build 22000 (10.0.22000.434)
OS uptime: 4 days 1:38 hours

CPU: total 4 (initial active 4) (2 cores per cpu, 2 threads per core) family 6 model 142 stepping 11 microcode 0xde, cx8, cmov, fxsr, ht, mmx, 3dnowpref, sse, sse2, sse3, ssse3, sse4.1, sse4.2, popcnt, lzcnt, tsc, tscinvbit, avx, avx2, aes, erms, clmul, bmi1, bmi2, adx, fma, vzeroupper, clflush, clflushopt

Memory: 4k page, system-wide physical 8040M (671M free)
TotalPageFile size 12136M (AvailPageFile size 4M)
current process WorkingSet (physical memory assigned to process): 197M, peak: 197M
current process commit charge ("private bytes"): 283M, peak: 285M

vm_info: OpenJDK 64-Bit Server VM (17.0.1+12) for windows-amd64 JRE (17.0.1+12), built on Oct 20 2021 07:42:55 by "" with MS VC++ 16.7 (VS2019)

END.
