#
# There is insufficient memory for the Java Runtime Environment to continue.
# Native memory allocation (malloc) failed to allocate 2654272 bytes for Chunk::new
# Possible reasons:
#   The system is out of physical RAM or swap space
#   The process is running with CompressedOops enabled, and the Java Heap may be blocking the growth of the native heap
# Possible solutions:
#   Reduce memory load on the system
#   Increase physical memory or swap space
#   Check if swap backing store is full
#   Decrease Java heap size (-Xmx/-Xms)
#   Decrease number of Java threads
#   Decrease Java thread stack sizes (-Xss)
#   Set larger code cache with -XX:ReservedCodeCacheSize=
#   JVM is running with Unscaled Compressed Oops mode in which the Java heap is
#     placed in the first 4GB address space. The Java Heap base address is the
#     maximum limit for the native heap growth. Please use -XX:HeapBaseMinAddress
#     to set the Java Heap base and to place the Java Heap above 4GB virtual address.
# This output file may be truncated or incomplete.
#
#  Out of Memory Error (arena.cpp:189), pid=13728, tid=14696
#
# JRE version: OpenJDK Runtime Environment Temurin-17.0.1+12 (17.0.1+12) (build 17.0.1+12)
# Java VM: OpenJDK 64-Bit Server VM Temurin-17.0.1+12 (17.0.1+12, mixed mode, tiered, compressed oops, compressed class ptrs, parallel gc, windows-amd64)
# No core dump will be written. Minidumps are not enabled by default on client versions of Windows
#

---------------  S U M M A R Y ------------

Command Line: --add-modules=ALL-SYSTEM --add-opens=java.base/java.util=ALL-UNNAMED --add-opens=java.base/java.lang=ALL-UNNAMED --add-opens=java.base/sun.nio.fs=ALL-UNNAMED -Declipse.application=org.eclipse.jdt.ls.core.id1 -Dosgi.bundles.defaultStartLevel=4 -Declipse.product=org.eclipse.jdt.ls.core.product -Djava.import.generatesMetadataFilesAtProjectRoot=false -Dfile.encoding=utf8 -DwatchParentProcess=false -XX:+UseParallelGC -XX:GCTimeRatio=4 -XX:AdaptiveSizePolicyWeight=90 -Dsun.zip.disableMemoryMapping=true -Xmx1G -Xms100m -javaagent:c:\Users\jtalg\.vscode\extensions\gabrielbb.vscode-lombok-1.0.1\server\lombok.jar -XX:+HeapDumpOnOutOfMemoryError -XX:HeapDumpPath=c:\Users\jtalg\AppData\Roaming\Code\User\workspaceStorage\23ab0888d26938d64720ae656aa4ab37\redhat.java c:\Users\jtalg\.vscode\extensions\redhat.java-1.3.0\server\plugins\org.eclipse.equinox.launcher_1.6.400.v20210924-0641.jar -configuration c:\Users\jtalg\AppData\Roaming\Code\User\globalStorage\redhat.java\1.3.0\config_win -data c:\Users\jtalg\AppData\Roaming\Code\User\workspaceStorage\23ab0888d26938d64720ae656aa4ab37\redhat.java\jdt_ws

Host: Intel(R) Core(TM) i3-8145U CPU @ 2.10GHz, 4 cores, 7G,  Windows 10 , 64 bit Build 22000 (10.0.22000.434)
Time: Mon Jan 31 15:45:37 2022  Windows 10 , 64 bit Build 22000 (10.0.22000.434) elapsed time: 5.614531 seconds (0d 0h 0m 5s)

---------------  T H R E A D  ---------------

Current thread (0x000001e269590470):  JavaThread "C2 CompilerThread1" daemon [_thread_in_native, id=14696, stack(0x000000b5ae900000,0x000000b5aea00000)]


Current CompileTask:
C2:   5614 4999   !   4       org.eclipse.osgi.internal.loader.BundleLoader::findRequiredSource (283 bytes)

Stack: [0x000000b5ae900000,0x000000b5aea00000]
Native frames: (J=compiled Java code, j=interpreted, Vv=VM code, C=native code)
V  [jvm.dll+0x6744da]
V  [jvm.dll+0x82e144]
V  [jvm.dll+0x82f8ee]
V  [jvm.dll+0x82ff53]
V  [jvm.dll+0x245175]
V  [jvm.dll+0xab85b]
V  [jvm.dll+0xabdec]
V  [jvm.dll+0x362f07]
V  [jvm.dll+0x1bb698]
V  [jvm.dll+0x218189]
V  [jvm.dll+0x217451]
V  [jvm.dll+0x1a355d]
V  [jvm.dll+0x226e38]
V  [jvm.dll+0x224f7c]
V  [jvm.dll+0x7e3f5b]
V  [jvm.dll+0x7de51a]
V  [jvm.dll+0x673305]
C  [ucrtbase.dll+0x26c0c]
C  [KERNEL32.DLL+0x154e0]
C  [ntdll.dll+0x485b]


---------------  P R O C E S S  ---------------

Threads class SMR info:
_java_thread_list=0x000001e26d552530, length=26, elements={
0x000001e251ca7770, 0x000001e267a05040, 0x000001e267a082b0, 0x000001e267a48010,
0x000001e267a488d0, 0x000001e267a49930, 0x000001e267a4aa80, 0x000001e267a4f4b0,
0x000001e267a506f0, 0x000001e267a52060, 0x000001e269464ce0, 0x000001e269590470,
0x000001e2698443c0, 0x000001e269e61bd0, 0x000001e26aa45ff0, 0x000001e26aa46790,
0x000001e26a994e80, 0x000001e26aa5a570, 0x000001e26ad1b810, 0x000001e26af0a420,
0x000001e26ad64f70, 0x000001e26ad65440, 0x000001e26ad65910, 0x000001e26ad67120,
0x000001e26ad662b0, 0x000001e26ad66780
}

Java Threads: ( => current thread )
  0x000001e251ca7770 JavaThread "main" [_thread_blocked, id=14764, stack(0x000000b5adc00000,0x000000b5add00000)]
  0x000001e267a05040 JavaThread "Reference Handler" daemon [_thread_blocked, id=9668, stack(0x000000b5adf00000,0x000000b5ae000000)]
  0x000001e267a082b0 JavaThread "Finalizer" daemon [_thread_blocked, id=9164, stack(0x000000b5ae000000,0x000000b5ae100000)]
  0x000001e267a48010 JavaThread "Signal Dispatcher" daemon [_thread_blocked, id=9916, stack(0x000000b5ae100000,0x000000b5ae200000)]
  0x000001e267a488d0 JavaThread "Attach Listener" daemon [_thread_blocked, id=11852, stack(0x000000b5ae200000,0x000000b5ae300000)]
  0x000001e267a49930 JavaThread "Service Thread" daemon [_thread_blocked, id=7620, stack(0x000000b5ae300000,0x000000b5ae400000)]
  0x000001e267a4aa80 JavaThread "Monitor Deflation Thread" daemon [_thread_blocked, id=11288, stack(0x000000b5ae400000,0x000000b5ae500000)]
  0x000001e267a4f4b0 JavaThread "C2 CompilerThread0" daemon [_thread_in_native, id=15564, stack(0x000000b5ae500000,0x000000b5ae600000)]
  0x000001e267a506f0 JavaThread "C1 CompilerThread0" daemon [_thread_blocked, id=11092, stack(0x000000b5ae600000,0x000000b5ae700000)]
  0x000001e267a52060 JavaThread "Sweeper thread" daemon [_thread_blocked, id=14968, stack(0x000000b5ae700000,0x000000b5ae800000)]
  0x000001e269464ce0 JavaThread "Common-Cleaner" daemon [_thread_blocked, id=1688, stack(0x000000b5ae800000,0x000000b5ae900000)]
=>0x000001e269590470 JavaThread "C2 CompilerThread1" daemon [_thread_in_native, id=14696, stack(0x000000b5ae900000,0x000000b5aea00000)]
  0x000001e2698443c0 JavaThread "Notification Thread" daemon [_thread_blocked, id=15476, stack(0x000000b5aea00000,0x000000b5aeb00000)]
  0x000001e269e61bd0 JavaThread "Active Thread: Equinox Container: 28ae733d-acc0-4fc7-9f28-aaae64bb0ac6" [_thread_blocked, id=9068, stack(0x000000b5aef00000,0x000000b5af000000)]
  0x000001e26aa45ff0 JavaThread "Framework Event Dispatcher: Equinox Container: 28ae733d-acc0-4fc7-9f28-aaae64bb0ac6" daemon [_thread_blocked, id=1916, stack(0x000000b5af000000,0x000000b5af100000)]
  0x000001e26aa46790 JavaThread "Start Level: Equinox Container: 28ae733d-acc0-4fc7-9f28-aaae64bb0ac6" daemon [_thread_blocked, id=4464, stack(0x000000b5af100000,0x000000b5af200000)]
  0x000001e26a994e80 JavaThread "SCR Component Actor" daemon [_thread_blocked, id=11556, stack(0x000000b5af200000,0x000000b5af300000)]
  0x000001e26aa5a570 JavaThread "Timer-0" [_thread_blocked, id=6356, stack(0x000000b5af300000,0x000000b5af400000)]
  0x000001e26ad1b810 JavaThread "Bundle File Closer" daemon [_thread_blocked, id=6968, stack(0x000000b5af400000,0x000000b5af500000)]
  0x000001e26af0a420 JavaThread "Worker-JM" [_thread_blocked, id=13540, stack(0x000000b5af500000,0x000000b5af600000)]
  0x000001e26ad64f70 JavaThread "Worker-0: Processing Java changes since last activation" [_thread_blocked, id=13692, stack(0x000000b5af600000,0x000000b5af700000)]
  0x000001e26ad65440 JavaThread "Worker-1: Refreshing workspace" [_thread_in_Java, id=3408, stack(0x000000b5af700000,0x000000b5af800000)]
  0x000001e26ad65910 JavaThread "Java indexing" daemon [_thread_blocked, id=14848, stack(0x000000b5af800000,0x000000b5af900000)]
  0x000001e26ad67120 JavaThread "Worker-2: Repository registry initialization" [_thread_in_native, id=12752, stack(0x000000b5af900000,0x000000b5afa00000)]
  0x000001e26ad662b0 JavaThread "pool-2-thread-1" [_thread_blocked, id=14844, stack(0x000000b5afa00000,0x000000b5afb00000)]
  0x000001e26ad66780 JavaThread "Worker-3" [_thread_blocked, id=1064, stack(0x000000b5afb00000,0x000000b5afc00000)]

Other Threads:
  0x000001e2679eccf0 VMThread "VM Thread" [stack: 0x000000b5ade00000,0x000000b5adf00000] [id=15584]
  0x000001e269844890 WatcherThread [stack: 0x000000b5aeb00000,0x000000b5aec00000] [id=11040]
  0x000001e251cbf6f0 GCTaskThread "GC Thread#0" [stack: 0x000000b5add00000,0x000000b5ade00000] [id=6156]
  0x000001e269b2d7e0 GCTaskThread "GC Thread#1" [stack: 0x000000b5aec00000,0x000000b5aed00000] [id=4944]
  0x000001e269b2da90 GCTaskThread "GC Thread#2" [stack: 0x000000b5aed00000,0x000000b5aee00000] [id=5464]
  0x000001e269a22560 GCTaskThread "GC Thread#3" [stack: 0x000000b5aee00000,0x000000b5aef00000] [id=15984]

Threads with active compile tasks:
C2 CompilerThread0     5641 5203       4       java.util.Properties$LineReader::readLine (584 bytes)
C2 CompilerThread1     5641 4999   !   4       org.eclipse.osgi.internal.loader.BundleLoader::findRequiredSource (283 bytes)

VM state: not at safepoint (normal execution)

VM Mutex/Monitor currently owned by a thread: None

Heap address: 0x00000000c0000000, size: 1024 MB, Compressed Oops mode: 32-bit

CDS archive(s) not mapped
Compressed class space mapped at: 0x0000000100000000-0x0000000140000000, reserved size: 1073741824
Narrow klass base: 0x0000000000000000, Narrow klass shift: 3, Narrow klass range: 0x140000000

GC Precious Log:
 CPUs: 4 total, 4 available
 Memory: 8040M
 Large Page Support: Disabled
 NUMA Support: Disabled
 Compressed Oops: Enabled (32-bit)
 Alignments: Space 512K, Generation 512K, Heap 2M
 Heap Min Capacity: 100M
 Heap Initial Capacity: 100M
 Heap Max Capacity: 1G
 Pre-touch: Disabled
 Parallel Workers: 4

Heap:
 PSYoungGen      total 21504K, used 13098K [0x00000000eab00000, 0x00000000ec980000, 0x0000000100000000)
  eden space 19456K, 56% used [0x00000000eab00000,0x00000000eb5cdfe8,0x00000000ebe00000)
  from space 2048K, 99% used [0x00000000ec280000,0x00000000ec47cb18,0x00000000ec480000)
  to   space 4608K, 0% used [0x00000000ebe00000,0x00000000ebe00000,0x00000000ec280000)
 ParOldGen       total 68608K, used 21965K [0x00000000c0000000, 0x00000000c4300000, 0x00000000eab00000)
  object space 68608K, 32% used [0x00000000c0000000,0x00000000c1573788,0x00000000c4300000)
 Metaspace       used 51521K, committed 52352K, reserved 1097728K
  class space    used 5609K, committed 6016K, reserved 1048576K

Card table byte_map: [0x000001e2652f0000,0x000001e265500000] _byte_map_base: 0x000001e264cf0000

Marking Bits: (ParMarkBitMap*) 0x00007fffc7822a60
 Begin Bits: [0x000001e265660000, 0x000001e266660000)
 End Bits:   [0x000001e266660000, 0x000001e267660000)

Polling page: 0x000001e251d80000

Metaspace:

Usage:
  Non-class:     44.84 MB used.
      Class:      5.48 MB used.
       Both:     50.31 MB used.

Virtual space:
  Non-class space:       48.00 MB reserved,      45.25 MB ( 94%) committed,  6 nodes.
      Class space:        1.00 GB reserved,       5.88 MB ( <1%) committed,  1 nodes.
             Both:        1.05 GB reserved,      51.12 MB (  5%) committed. 

Chunk freelists:
   Non-Class:  2.23 MB
       Class:  2.18 MB
        Both:  4.41 MB

MaxMetaspaceSize: unlimited
CompressedClassSpaceSize: 1.00 GB
Initial GC threshold: 21.00 MB
Current GC threshold: 58.38 MB
CDS: off
MetaspaceReclaimPolicy: balanced
 - commit_granule_bytes: 65536.
 - commit_granule_words: 8192.
 - virtual_space_node_default_size: 1048576.
 - enlarge_chunks_in_place: 1.
 - new_chunks_are_fully_committed: 0.
 - uncommit_free_chunks: 1.
 - use_allocation_guard: 0.
 - handle_deallocations: 1.


Internal statistics:

num_allocs_failed_limit: 6.
num_arena_births: 364.
num_arena_deaths: 0.
num_vsnodes_births: 7.
num_vsnodes_deaths: 0.
num_space_committed: 818.
num_space_uncommitted: 0.
num_chunks_returned_to_freelist: 6.
num_chunks_taken_from_freelist: 2314.
num_chunk_merges: 3.
num_chunk_splits: 1426.
num_chunks_enlarged: 835.
num_purges: 0.
num_inconsistent_stats: 0.

CodeHeap 'non-profiled nmethods': size=120000Kb used=2457Kb max_used=2457Kb free=117542Kb
 bounds [0x000001e25dbd0000, 0x000001e25de40000, 0x000001e265100000]
CodeHeap 'profiled nmethods': size=120000Kb used=11067Kb max_used=11067Kb free=108932Kb
 bounds [0x000001e2566a0000, 0x000001e257170000, 0x000001e25dbd0000]
CodeHeap 'non-nmethods': size=5760Kb used=1288Kb max_used=1356Kb free=4471Kb
 bounds [0x000001e256100000, 0x000001e256370000, 0x000001e2566a0000]
 total_blobs=5793 nmethods=5181 adapters=526
 compilation: enabled
              stopped_count=0, restarted_count=0
 full_count=0

Compilation events (20 events):
Event: 5.514 Thread 0x000001e267a4f4b0 5112       4       java.util.stream.StreamSpliterators$AbstractWrappingSpliterator::fillBuffer (64 bytes)
Event: 5.514 Thread 0x000001e267a506f0 nmethod 5179 0x000001e257158010 code [0x000001e2571582a0, 0x000001e257158a28]
Event: 5.514 Thread 0x000001e267a506f0 5180       2       lombok.patcher.scripts.ReplaceMethodCallScript$ReplaceMethodCall::visitMethodInsn (250 bytes)
Event: 5.515 Thread 0x000001e267a506f0 nmethod 5180 0x000001e257158f90 code [0x000001e257159240, 0x000001e2571599d8]
Event: 5.516 Thread 0x000001e267a506f0 5181       2       org.objectweb.asm.MethodWriter::visitFrame (811 bytes)
Event: 5.517 Thread 0x000001e267a506f0 nmethod 5181 0x000001e25715a110 code [0x000001e25715a520, 0x000001e25715b818]
Event: 5.517 Thread 0x000001e267a506f0 5182       2       org.objectweb.asm.ClassReader::readStackMapFrame (535 bytes)
Event: 5.518 Thread 0x000001e267a506f0 nmethod 5182 0x000001e25715c610 code [0x000001e25715c840, 0x000001e25715d188]
Event: 5.518 Thread 0x000001e267a506f0 5178       2       lombok.patcher.Hook::getClassSpec (8 bytes)
Event: 5.518 Thread 0x000001e267a506f0 nmethod 5178 0x000001e25715d710 code [0x000001e25715d8a0, 0x000001e25715d9c8]
Event: 5.525 Thread 0x000001e267a4f4b0 nmethod 5112 0x000001e25de2d810 code [0x000001e25de2da00, 0x000001e25de2dfb8]
Event: 5.525 Thread 0x000001e267a4f4b0 5076       4       jdk.internal.jimage.ImageLocation::getFullName (109 bytes)
Event: 5.551 Thread 0x000001e267a506f0 5185       3       org.objectweb.asm.ClassReader::<init> (371 bytes)
Event: 5.553 Thread 0x000001e267a506f0 nmethod 5185 0x000001e25715da90 code [0x000001e25715dd60, 0x000001e25715ef18]
Event: 5.553 Thread 0x000001e267a506f0 5186 %     3       org.objectweb.asm.SymbolTable::<init> @ 98 (536 bytes)
Event: 5.557 Thread 0x000001e267a506f0 nmethod 5186% 0x000001e25715f490 code [0x000001e25715fa40, 0x000001e257162648]
Event: 5.557 Thread 0x000001e267a506f0 5187       2       org.objectweb.asm.MethodWriter::visitLocalVariable (222 bytes)
Event: 5.558 Thread 0x000001e267a506f0 nmethod 5187 0x000001e257163810 code [0x000001e257163aa0, 0x000001e257164378]
Event: 5.563 Thread 0x000001e267a506f0 5188       1       sun.nio.ch.NativeThread::current (2 bytes)
Event: 5.563 Thread 0x000001e267a506f0 nmethod 5188 0x000001e25de2e710 code [0x000001e25de2e8a0, 0x000001e25de2e958]

GC Heap History (20 events):
Event: 3.182 GC heap before
{Heap before GC invocations=9 (full 1):
 PSYoungGen      total 25600K, used 22937K [0x00000000eab00000, 0x00000000eca80000, 0x0000000100000000)
  eden space 24064K, 89% used [0x00000000eab00000,0x00000000ebfeafb0,0x00000000ec280000)
  from space 1536K, 98% used [0x00000000ec480000,0x00000000ec5fb528,0x00000000ec600000)
  to   space 4096K, 0% used [0x00000000ec680000,0x00000000ec680000,0x00000000eca80000)
 ParOldGen       total 68608K, used 11782K [0x00000000c0000000, 0x00000000c4300000, 0x00000000eab00000)
  object space 68608K, 17% used [0x00000000c0000000,0x00000000c0b81848,0x00000000c4300000)
 Metaspace       used 35146K, committed 35840K, reserved 1081344K
  class space    used 3656K, committed 3968K, reserved 1048576K
}
Event: 3.186 GC heap after
{Heap after GC invocations=9 (full 1):
 PSYoungGen      total 27136K, used 2699K [0x00000000eab00000, 0x00000000ec980000, 0x0000000100000000)
  eden space 24064K, 0% used [0x00000000eab00000,0x00000000eab00000,0x00000000ec280000)
  from space 3072K, 87% used [0x00000000ec680000,0x00000000ec922e50,0x00000000ec980000)
  to   space 3072K, 0% used [0x00000000ec380000,0x00000000ec380000,0x00000000ec680000)
 ParOldGen       total 68608K, used 11790K [0x00000000c0000000, 0x00000000c4300000, 0x00000000eab00000)
  object space 68608K, 17% used [0x00000000c0000000,0x00000000c0b83848,0x00000000c4300000)
 Metaspace       used 35146K, committed 35840K, reserved 1081344K
  class space    used 3656K, committed 3968K, reserved 1048576K
}
Event: 3.186 GC heap before
{Heap before GC invocations=10 (full 2):
 PSYoungGen      total 27136K, used 2699K [0x00000000eab00000, 0x00000000ec980000, 0x0000000100000000)
  eden space 24064K, 0% used [0x00000000eab00000,0x00000000eab00000,0x00000000ec280000)
  from space 3072K, 87% used [0x00000000ec680000,0x00000000ec922e50,0x00000000ec980000)
  to   space 3072K, 0% used [0x00000000ec380000,0x00000000ec380000,0x00000000ec680000)
 ParOldGen       total 68608K, used 11790K [0x00000000c0000000, 0x00000000c4300000, 0x00000000eab00000)
  object space 68608K, 17% used [0x00000000c0000000,0x00000000c0b83848,0x00000000c4300000)
 Metaspace       used 35146K, committed 35840K, reserved 1081344K
  class space    used 3656K, committed 3968K, reserved 1048576K
}
Event: 3.227 GC heap after
{Heap after GC invocations=10 (full 2):
 PSYoungGen      total 27136K, used 0K [0x00000000eab00000, 0x00000000ec980000, 0x0000000100000000)
  eden space 24064K, 0% used [0x00000000eab00000,0x00000000eab00000,0x00000000ec280000)
  from space 3072K, 0% used [0x00000000ec680000,0x00000000ec680000,0x00000000ec980000)
  to   space 3072K, 0% used [0x00000000ec380000,0x00000000ec380000,0x00000000ec680000)
 ParOldGen       total 68608K, used 12725K [0x00000000c0000000, 0x00000000c4300000, 0x00000000eab00000)
  object space 68608K, 18% used [0x00000000c0000000,0x00000000c0c6d588,0x00000000c4300000)
 Metaspace       used 35146K, committed 35840K, reserved 1081344K
  class space    used 3656K, committed 3968K, reserved 1048576K
}
Event: 3.575 GC heap before
{Heap before GC invocations=11 (full 2):
 PSYoungGen      total 27136K, used 24064K [0x00000000eab00000, 0x00000000ec980000, 0x0000000100000000)
  eden space 24064K, 100% used [0x00000000eab00000,0x00000000ec280000,0x00000000ec280000)
  from space 3072K, 0% used [0x00000000ec680000,0x00000000ec680000,0x00000000ec980000)
  to   space 3072K, 0% used [0x00000000ec380000,0x00000000ec380000,0x00000000ec680000)
 ParOldGen       total 68608K, used 12725K [0x00000000c0000000, 0x00000000c4300000, 0x00000000eab00000)
  object space 68608K, 18% used [0x00000000c0000000,0x00000000c0c6d588,0x00000000c4300000)
 Metaspace       used 37675K, committed 38400K, reserved 1089536K
  class space    used 3998K, committed 4288K, reserved 1048576K
}
Event: 3.577 GC heap after
{Heap after GC invocations=11 (full 2):
 PSYoungGen      total 25088K, used 1120K [0x00000000eab00000, 0x00000000ec700000, 0x0000000100000000)
  eden space 23552K, 0% used [0x00000000eab00000,0x00000000eab00000,0x00000000ec200000)
  from space 1536K, 72% used [0x00000000ec380000,0x00000000ec498178,0x00000000ec500000)
  to   space 2048K, 0% used [0x00000000ec500000,0x00000000ec500000,0x00000000ec700000)
 ParOldGen       total 68608K, used 12733K [0x00000000c0000000, 0x00000000c4300000, 0x00000000eab00000)
  object space 68608K, 18% used [0x00000000c0000000,0x00000000c0c6f588,0x00000000c4300000)
 Metaspace       used 37675K, committed 38400K, reserved 1089536K
  class space    used 3998K, committed 4288K, reserved 1048576K
}
Event: 3.916 GC heap before
{Heap before GC invocations=12 (full 2):
 PSYoungGen      total 25088K, used 24672K [0x00000000eab00000, 0x00000000ec700000, 0x0000000100000000)
  eden space 23552K, 100% used [0x00000000eab00000,0x00000000ec200000,0x00000000ec200000)
  from space 1536K, 72% used [0x00000000ec380000,0x00000000ec498178,0x00000000ec500000)
  to   space 2048K, 0% used [0x00000000ec500000,0x00000000ec500000,0x00000000ec700000)
 ParOldGen       total 68608K, used 12733K [0x00000000c0000000, 0x00000000c4300000, 0x00000000eab00000)
  object space 68608K, 18% used [0x00000000c0000000,0x00000000c0c6f588,0x00000000c4300000)
 Metaspace       used 40862K, committed 41600K, reserved 1089536K
  class space    used 4371K, committed 4672K, reserved 1048576K
}
Event: 3.918 GC heap after
{Heap after GC invocations=12 (full 2):
 PSYoungGen      total 25088K, used 1968K [0x00000000eab00000, 0x00000000ec700000, 0x0000000100000000)
  eden space 23040K, 0% used [0x00000000eab00000,0x00000000eab00000,0x00000000ec180000)
  from space 2048K, 96% used [0x00000000ec500000,0x00000000ec6ec188,0x00000000ec700000)
  to   space 2560K, 0% used [0x00000000ec200000,0x00000000ec200000,0x00000000ec480000)
 ParOldGen       total 68608K, used 12741K [0x00000000c0000000, 0x00000000c4300000, 0x00000000eab00000)
  object space 68608K, 18% used [0x00000000c0000000,0x00000000c0c71588,0x00000000c4300000)
 Metaspace       used 40862K, committed 41600K, reserved 1089536K
  class space    used 4371K, committed 4672K, reserved 1048576K
}
Event: 4.237 GC heap before
{Heap before GC invocations=13 (full 2):
 PSYoungGen      total 25088K, used 25008K [0x00000000eab00000, 0x00000000ec700000, 0x0000000100000000)
  eden space 23040K, 100% used [0x00000000eab00000,0x00000000ec180000,0x00000000ec180000)
  from space 2048K, 96% used [0x00000000ec500000,0x00000000ec6ec188,0x00000000ec700000)
  to   space 2560K, 0% used [0x00000000ec200000,0x00000000ec200000,0x00000000ec480000)
 ParOldGen       total 68608K, used 12741K [0x00000000c0000000, 0x00000000c4300000, 0x00000000eab00000)
  object space 68608K, 18% used [0x00000000c0000000,0x00000000c0c71588,0x00000000c4300000)
 Metaspace       used 43028K, committed 43712K, reserved 1089536K
  class space    used 4633K, committed 4928K, reserved 1048576K
}
Event: 4.242 GC heap after
{Heap after GC invocations=13 (full 2):
 PSYoungGen      total 24064K, used 1088K [0x00000000eab00000, 0x00000000ec580000, 0x0000000100000000)
  eden space 22528K, 0% used [0x00000000eab00000,0x00000000eab00000,0x00000000ec100000)
  from space 1536K, 70% used [0x00000000ec200000,0x00000000ec310000,0x00000000ec380000)
  to   space 1536K, 0% used [0x00000000ec400000,0x00000000ec400000,0x00000000ec580000)
 ParOldGen       total 68608K, used 14618K [0x00000000c0000000, 0x00000000c4300000, 0x00000000eab00000)
  object space 68608K, 21% used [0x00000000c0000000,0x00000000c0e46af0,0x00000000c4300000)
 Metaspace       used 43028K, committed 43712K, reserved 1089536K
  class space    used 4633K, committed 4928K, reserved 1048576K
}
Event: 4.645 GC heap before
{Heap before GC invocations=14 (full 2):
 PSYoungGen      total 24064K, used 23616K [0x00000000eab00000, 0x00000000ec580000, 0x0000000100000000)
  eden space 22528K, 100% used [0x00000000eab00000,0x00000000ec100000,0x00000000ec100000)
  from space 1536K, 70% used [0x00000000ec200000,0x00000000ec310000,0x00000000ec380000)
  to   space 1536K, 0% used [0x00000000ec400000,0x00000000ec400000,0x00000000ec580000)
 ParOldGen       total 68608K, used 14618K [0x00000000c0000000, 0x00000000c4300000, 0x00000000eab00000)
  object space 68608K, 21% used [0x00000000c0000000,0x00000000c0e46af0,0x00000000c4300000)
 Metaspace       used 46157K, committed 46912K, reserved 1097728K
  class space    used 4994K, committed 5312K, reserved 1048576K
}
Event: 4.650 GC heap after
{Heap after GC invocations=14 (full 2):
 PSYoungGen      total 23552K, used 1536K [0x00000000eab00000, 0x00000000ec680000, 0x0000000100000000)
  eden space 22016K, 0% used [0x00000000eab00000,0x00000000eab00000,0x00000000ec080000)
  from space 1536K, 100% used [0x00000000ec400000,0x00000000ec580000,0x00000000ec580000)
  to   space 3072K, 0% used [0x00000000ec080000,0x00000000ec080000,0x00000000ec380000)
 ParOldGen       total 68608K, used 15601K [0x00000000c0000000, 0x00000000c4300000, 0x00000000eab00000)
  object space 68608K, 22% used [0x00000000c0000000,0x00000000c0f3c7f0,0x00000000c4300000)
 Metaspace       used 46157K, committed 46912K, reserved 1097728K
  class space    used 4994K, committed 5312K, reserved 1048576K
}
Event: 5.029 GC heap before
{Heap before GC invocations=15 (full 2):
 PSYoungGen      total 23552K, used 23552K [0x00000000eab00000, 0x00000000ec680000, 0x0000000100000000)
  eden space 22016K, 100% used [0x00000000eab00000,0x00000000ec080000,0x00000000ec080000)
  from space 1536K, 100% used [0x00000000ec400000,0x00000000ec580000,0x00000000ec580000)
  to   space 3072K, 0% used [0x00000000ec080000,0x00000000ec080000,0x00000000ec380000)
 ParOldGen       total 68608K, used 15601K [0x00000000c0000000, 0x00000000c4300000, 0x00000000eab00000)
  object space 68608K, 22% used [0x00000000c0000000,0x00000000c0f3c7f0,0x00000000c4300000)
 Metaspace       used 48573K, committed 49408K, reserved 1097728K
  class space    used 5254K, committed 5632K, reserved 1048576K
}
Event: 5.033 GC heap after
{Heap after GC invocations=15 (full 2):
 PSYoungGen      total 23552K, used 1280K [0x00000000eab00000, 0x00000000ec480000, 0x0000000100000000)
  eden space 22016K, 0% used [0x00000000eab00000,0x00000000eab00000,0x00000000ec080000)
  from space 1536K, 83% used [0x00000000ec080000,0x00000000ec1c0020,0x00000000ec200000)
  to   space 2048K, 0% used [0x00000000ec280000,0x00000000ec280000,0x00000000ec480000)
 ParOldGen       total 68608K, used 17131K [0x00000000c0000000, 0x00000000c4300000, 0x00000000eab00000)
  object space 68608K, 24% used [0x00000000c0000000,0x00000000c10baea0,0x00000000c4300000)
 Metaspace       used 48573K, committed 49408K, reserved 1097728K
  class space    used 5254K, committed 5632K, reserved 1048576K
}
Event: 5.198 GC heap before
{Heap before GC invocations=16 (full 2):
 PSYoungGen      total 23552K, used 23296K [0x00000000eab00000, 0x00000000ec480000, 0x0000000100000000)
  eden space 22016K, 100% used [0x00000000eab00000,0x00000000ec080000,0x00000000ec080000)
  from space 1536K, 83% used [0x00000000ec080000,0x00000000ec1c0020,0x00000000ec200000)
  to   space 2048K, 0% used [0x00000000ec280000,0x00000000ec280000,0x00000000ec480000)
 ParOldGen       total 68608K, used 17131K [0x00000000c0000000, 0x00000000c4300000, 0x00000000eab00000)
  object space 68608K, 24% used [0x00000000c0000000,0x00000000c10baea0,0x00000000c4300000)
 Metaspace       used 49698K, committed 50496K, reserved 1097728K
  class space    used 5400K, committed 5760K, reserved 1048576K
}
Event: 5.206 GC heap after
{Heap after GC invocations=16 (full 2):
 PSYoungGen      total 24064K, used 1856K [0x00000000eab00000, 0x00000000ec480000, 0x0000000100000000)
  eden space 22016K, 0% used [0x00000000eab00000,0x00000000eab00000,0x00000000ec080000)
  from space 2048K, 90% used [0x00000000ec280000,0x00000000ec450010,0x00000000ec480000)
  to   space 2048K, 0% used [0x00000000ec080000,0x00000000ec080000,0x00000000ec280000)
 ParOldGen       total 68608K, used 18343K [0x00000000c0000000, 0x00000000c4300000, 0x00000000eab00000)
  object space 68608K, 26% used [0x00000000c0000000,0x00000000c11e9ed0,0x00000000c4300000)
 Metaspace       used 49698K, committed 50496K, reserved 1097728K
  class space    used 5400K, committed 5760K, reserved 1048576K
}
Event: 5.344 GC heap before
{Heap before GC invocations=17 (full 2):
 PSYoungGen      total 24064K, used 23872K [0x00000000eab00000, 0x00000000ec480000, 0x0000000100000000)
  eden space 22016K, 100% used [0x00000000eab00000,0x00000000ec080000,0x00000000ec080000)
  from space 2048K, 90% used [0x00000000ec280000,0x00000000ec450010,0x00000000ec480000)
  to   space 2048K, 0% used [0x00000000ec080000,0x00000000ec080000,0x00000000ec280000)
 ParOldGen       total 68608K, used 18343K [0x00000000c0000000, 0x00000000c4300000, 0x00000000eab00000)
  object space 68608K, 26% used [0x00000000c0000000,0x00000000c11e9ed0,0x00000000c4300000)
 Metaspace       used 50112K, committed 50944K, reserved 1097728K
  class space    used 5447K, committed 5824K, reserved 1048576K
}
Event: 5.348 GC heap after
{Heap after GC invocations=17 (full 2):
 PSYoungGen      total 24064K, used 1984K [0x00000000eab00000, 0x00000000ec480000, 0x0000000100000000)
  eden space 22016K, 0% used [0x00000000eab00000,0x00000000eab00000,0x00000000ec080000)
  from space 2048K, 96% used [0x00000000ec080000,0x00000000ec270030,0x00000000ec280000)
  to   space 2048K, 0% used [0x00000000ec280000,0x00000000ec280000,0x00000000ec480000)
 ParOldGen       total 68608K, used 20021K [0x00000000c0000000, 0x00000000c4300000, 0x00000000eab00000)
  object space 68608K, 29% used [0x00000000c0000000,0x00000000c138d728,0x00000000c4300000)
 Metaspace       used 50112K, committed 50944K, reserved 1097728K
  class space    used 5447K, committed 5824K, reserved 1048576K
}
Event: 5.456 GC heap before
{Heap before GC invocations=18 (full 2):
 PSYoungGen      total 24064K, used 24000K [0x00000000eab00000, 0x00000000ec480000, 0x0000000100000000)
  eden space 22016K, 100% used [0x00000000eab00000,0x00000000ec080000,0x00000000ec080000)
  from space 2048K, 96% used [0x00000000ec080000,0x00000000ec270030,0x00000000ec280000)
  to   space 2048K, 0% used [0x00000000ec280000,0x00000000ec280000,0x00000000ec480000)
 ParOldGen       total 68608K, used 20021K [0x00000000c0000000, 0x00000000c4300000, 0x00000000eab00000)
  object space 68608K, 29% used [0x00000000c0000000,0x00000000c138d728,0x00000000c4300000)
 Metaspace       used 50202K, committed 51008K, reserved 1097728K
  class space    used 5451K, committed 5824K, reserved 1048576K
}
Event: 5.459 GC heap after
{Heap after GC invocations=18 (full 2):
 PSYoungGen      total 21504K, used 2034K [0x00000000eab00000, 0x00000000ec980000, 0x0000000100000000)
  eden space 19456K, 0% used [0x00000000eab00000,0x00000000eab00000,0x00000000ebe00000)
  from space 2048K, 99% used [0x00000000ec280000,0x00000000ec47cb18,0x00000000ec480000)
  to   space 4608K, 0% used [0x00000000ebe00000,0x00000000ebe00000,0x00000000ec280000)
 ParOldGen       total 68608K, used 21965K [0x00000000c0000000, 0x00000000c4300000, 0x00000000eab00000)
  object space 68608K, 32% used [0x00000000c0000000,0x00000000c1573788,0x00000000c4300000)
 Metaspace       used 50202K, committed 51008K, reserved 1097728K
  class space    used 5451K, committed 5824K, reserved 1048576K
}

Deoptimization events (20 events):
Event: 4.966 Thread 0x000001e26ad67120 DEOPT PACKING pc=0x000001e25dc036e4 sp=0x000000b5af9fe220
Event: 4.966 Thread 0x000001e26ad67120 DEOPT UNPACKING pc=0x000001e2561520a3 sp=0x000000b5af9fe178 mode 2
Event: 4.966 Thread 0x000001e26ad67120 Uncommon trap: trap_request=0xffffff45 fr.pc=0x000001e25dde10fc relative=0x00000000000002dc
Event: 4.966 Thread 0x000001e26ad67120 Uncommon trap: reason=unstable_if action=reinterpret pc=0x000001e25dde10fc method=java.nio.DirectByteBuffer.<init>(Lsun/nio/ch/DirectBuffer;IIIIILjava/io/FileDescriptor;ZLjdk/internal/access/foreign/MemorySegmentProxy;)V @ 47 c2
Event: 4.966 Thread 0x000001e26ad67120 DEOPT PACKING pc=0x000001e25dde10fc sp=0x000000b5af9fe070
Event: 4.966 Thread 0x000001e26ad67120 DEOPT UNPACKING pc=0x000001e2561520a3 sp=0x000000b5af9fdf98 mode 2
Event: 4.997 Thread 0x000001e26ad65440 Uncommon trap: trap_request=0xffffffd6 fr.pc=0x000001e25dde20ac relative=0x00000000000003ec
Event: 4.997 Thread 0x000001e26ad65440 Uncommon trap: reason=array_check action=maybe_recompile pc=0x000001e25dde20ac method=java.util.TimSort.binarySort([Ljava/lang/Object;IIILjava/util/Comparator;)V @ 215 c2
Event: 4.998 Thread 0x000001e26ad65440 DEOPT PACKING pc=0x000001e25dde20ac sp=0x000000b5af7fcc50
Event: 4.998 Thread 0x000001e26ad65440 DEOPT UNPACKING pc=0x000001e2561520a3 sp=0x000000b5af7fcbe8 mode 2
Event: 5.035 Thread 0x000001e26ad67120 Uncommon trap: trap_request=0xffffff45 fr.pc=0x000001e25dde0828 relative=0x0000000000000288
Event: 5.035 Thread 0x000001e26ad67120 Uncommon trap: reason=unstable_if action=reinterpret pc=0x000001e25dde0828 method=java.nio.DirectByteBuffer.<init>(Lsun/nio/ch/DirectBuffer;IIIIILjava/io/FileDescriptor;ZLjdk/internal/access/foreign/MemorySegmentProxy;)V @ 47 c2
Event: 5.035 Thread 0x000001e26ad67120 DEOPT PACKING pc=0x000001e25dde0828 sp=0x000000b5af9fdd70
Event: 5.035 Thread 0x000001e26ad67120 DEOPT UNPACKING pc=0x000001e2561520a3 sp=0x000000b5af9fdd30 mode 2
Event: 5.141 Thread 0x000001e26ad65440 DEOPT PACKING pc=0x000001e256d53d1e sp=0x000000b5af7fb3c0
Event: 5.141 Thread 0x000001e26ad65440 DEOPT UNPACKING pc=0x000001e256152843 sp=0x000000b5af7fa8b0 mode 0
Event: 5.479 Thread 0x000001e26ad65440 Uncommon trap: trap_request=0xffffff45 fr.pc=0x000001e25dcb4704 relative=0x0000000000000084
Event: 5.479 Thread 0x000001e26ad65440 Uncommon trap: reason=unstable_if action=reinterpret pc=0x000001e25dcb4704 method=org.eclipse.core.runtime.Path.segment(I)Ljava/lang/String; @ 6 c2
Event: 5.479 Thread 0x000001e26ad65440 DEOPT PACKING pc=0x000001e25dcb4704 sp=0x000000b5af7fe580
Event: 5.479 Thread 0x000001e26ad65440 DEOPT UNPACKING pc=0x000001e2561520a3 sp=0x000000b5af7fe518 mode 2

Classes unloaded (0 events):
No events

Classes redefined (0 events):
No events

Internal exceptions (20 events):
Event: 3.121 Thread 0x000001e26ad65440 Exception <a 'java/lang/NoSuchMethodError'{0x00000000ebce7ce0}: 'java.lang.Object java.lang.invoke.DirectMethodHandle$Holder.newInvokeSpecial(java.lang.Object, java.lang.Object, java.lang.Object, java.lang.Object, java.lang.Object)'> (0x00000000ebce7ce0) 
thrown [e:\jenkins\tmp\workspace\build\src\src\hotspot\share\interpreter\linkResolver.cpp, line 766]
Event: 3.135 Thread 0x000001e26aa46790 Implicit null exception at 0x000001e25dcf4b4e to 0x000001e25dcf587c
Event: 3.383 Thread 0x000001e26ad65440 Implicit null exception at 0x000001e25dc88ce0 to 0x000001e25dc88f58
Event: 3.413 Thread 0x000001e26ad65440 Implicit null exception at 0x000001e25dc7d857 to 0x000001e25dc7dac0
Event: 3.688 Thread 0x000001e26ad662b0 Exception <a 'java/io/FileNotFoundException'{0x00000000eb2dc158}> (0x00000000eb2dc158) 
thrown [e:\jenkins\tmp\workspace\build\src\src\hotspot\share\prims\jni.cpp, line 516]
Event: 3.740 Thread 0x000001e26ad662b0 Exception <a 'java/lang/NoSuchMethodError'{0x00000000eb79e440}: 'void java.lang.invoke.DirectMethodHandle$Holder.invokeStatic(java.lang.Object, java.lang.Object, java.lang.Object, java.lang.Object, java.lang.Object, java.lang.Object)'> (0x00000000eb79e440) 
thrown [e:\jenkins\tmp\workspace\build\src\src\hotspot\share\interpreter\linkResolver.cpp, line 766]
Event: 4.431 Thread 0x000001e26ad65440 Exception <a 'java/lang/NoClassDefFoundError'{0x00000000eb514900}: com/google/inject/servlet/ServletModuleTargetVisitor> (0x00000000eb514900) 
thrown [e:\jenkins\tmp\workspace\build\src\src\hotspot\share\classfile\systemDictionary.cpp, line 245]
Event: 4.431 Thread 0x000001e26ad65440 Exception <a 'java/lang/NoClassDefFoundError'{0x00000000eb517f38}: javax/annotation/Priority> (0x00000000eb517f38) 
thrown [e:\jenkins\tmp\workspace\build\src\src\hotspot\share\classfile\systemDictionary.cpp, line 245]
Event: 4.536 Thread 0x000001e26ad67120 Exception <a 'java/io/FileNotFoundException'{0x00000000ebae8e20}> (0x00000000ebae8e20) 
thrown [e:\jenkins\tmp\workspace\build\src\src\hotspot\share\prims\jni.cpp, line 516]
Event: 4.546 Thread 0x000001e26ad65440 Exception <a 'java/lang/NoSuchMethodError'{0x00000000ebb50e30}: 'java.lang.Object java.lang.invoke.Invokers$Holder.invoke_MT(java.lang.Object, java.lang.Object, java.lang.Object)'> (0x00000000ebb50e30) 
thrown [e:\jenkins\tmp\workspace\build\src\src\hotspot\share\interpreter\linkResolver.cpp, line 766]
Event: 4.612 Thread 0x000001e26ad67120 Exception <a 'sun/nio/fs/WindowsException'{0x00000000ebe91498}> (0x00000000ebe91498) 
thrown [e:\jenkins\tmp\workspace\build\src\src\hotspot\share\prims\jni.cpp, line 516]
Event: 4.613 Thread 0x000001e26ad67120 Exception <a 'sun/nio/fs/WindowsException'{0x00000000ebe94330}> (0x00000000ebe94330) 
thrown [e:\jenkins\tmp\workspace\build\src\src\hotspot\share\prims\jni.cpp, line 516]
Event: 4.700 Thread 0x000001e26ad67120 Exception <a 'java/lang/NoSuchMethodError'{0x00000000eadcc5a8}: 'int java.lang.invoke.DirectMethodHandle$Holder.invokeSpecial(java.lang.Object, java.lang.Object, java.lang.Object)'> (0x00000000eadcc5a8) 
thrown [e:\jenkins\tmp\workspace\build\src\src\hotspot\share\interpreter\linkResolver.cpp, line 766]
Event: 4.896 Thread 0x000001e26ad67120 Exception <a 'sun/nio/fs/WindowsException'{0x00000000eb97c5d0}> (0x00000000eb97c5d0) 
thrown [e:\jenkins\tmp\workspace\build\src\src\hotspot\share\prims\jni.cpp, line 516]
Event: 4.897 Thread 0x000001e26ad67120 Exception <a 'sun/nio/fs/WindowsException'{0x00000000eb97d128}> (0x00000000eb97d128) 
thrown [e:\jenkins\tmp\workspace\build\src\src\hotspot\share\prims\jni.cpp, line 516]
Event: 4.962 Thread 0x000001e26ad67120 Exception <a 'java/lang/NoSuchMethodError'{0x00000000eba574f8}: 'void java.lang.invoke.Invokers$Holder.invokeExact_MT(java.lang.Object, java.lang.Object, java.lang.Object)'> (0x00000000eba574f8) 
thrown [e:\jenkins\tmp\workspace\build\src\src\hotspot\share\interpreter\linkResolver.cpp, line 766]
Event: 5.068 Thread 0x000001e26ad65440 Exception <a 'java/io/FileNotFoundException'{0x00000000eacb1558}> (0x00000000eacb1558) 
thrown [e:\jenkins\tmp\workspace\build\src\src\hotspot\share\prims\jni.cpp, line 516]
Event: 5.070 Thread 0x000001e26ad65440 Exception <a 'java/io/FileNotFoundException'{0x00000000eacb3960}> (0x00000000eacb3960) 
thrown [e:\jenkins\tmp\workspace\build\src\src\hotspot\share\prims\jni.cpp, line 516]
Event: 5.072 Thread 0x000001e26ad65440 Exception <a 'java/lang/NoSuchMethodError'{0x00000000ead79828}: 'void java.lang.invoke.DirectMethodHandle$Holder.invokeStaticInit(java.lang.Object, java.lang.Object, java.lang.Object)'> (0x00000000ead79828) 
thrown [e:\jenkins\tmp\workspace\build\src\src\hotspot\share\interpreter\linkResolver.cpp, line 766]
Event: 5.148 Thread 0x000001e26ad67120 Exception <a 'sun/nio/fs/WindowsException'{0x00000000eb8ef3c0}> (0x00000000eb8ef3c0) 
thrown [e:\jenkins\tmp\workspace\build\src\src\hotspot\share\prims\jni.cpp, line 516]

VM Operations (20 events):
Event: 4.603 Executing VM operation: HandshakeAllThreads
Event: 4.604 Executing VM operation: HandshakeAllThreads done
Event: 4.642 Executing VM operation: ParallelGCFailedAllocation
Event: 4.653 Executing VM operation: ParallelGCFailedAllocation done
Event: 4.667 Executing VM operation: HandshakeAllThreads
Event: 4.667 Executing VM operation: HandshakeAllThreads done
Event: 4.871 Executing VM operation: HandshakeAllThreads
Event: 4.874 Executing VM operation: HandshakeAllThreads done
Event: 4.936 Executing VM operation: HandshakeAllThreads
Event: 4.937 Executing VM operation: HandshakeAllThreads done
Event: 5.028 Executing VM operation: ParallelGCFailedAllocation
Event: 5.036 Executing VM operation: ParallelGCFailedAllocation done
Event: 5.184 Executing VM operation: ParallelGCFailedAllocation
Event: 5.209 Executing VM operation: ParallelGCFailedAllocation done
Event: 5.247 Executing VM operation: HandshakeAllThreads
Event: 5.247 Executing VM operation: HandshakeAllThreads done
Event: 5.344 Executing VM operation: ParallelGCFailedAllocation
Event: 5.348 Executing VM operation: ParallelGCFailedAllocation done
Event: 5.456 Executing VM operation: ParallelGCFailedAllocation
Event: 5.459 Executing VM operation: ParallelGCFailedAllocation done

Events (20 events):
Event: 4.973 loading class java/util/concurrent/atomic/AtomicReferenceFieldUpdater
Event: 4.997 loading class java/util/concurrent/atomic/AtomicReferenceFieldUpdater done
Event: 4.997 loading class java/util/concurrent/atomic/AtomicReferenceFieldUpdater$AtomicReferenceFieldUpdaterImpl
Event: 4.998 loading class java/util/concurrent/atomic/AtomicReferenceFieldUpdater$AtomicReferenceFieldUpdaterImpl done
Event: 4.998 loading class java/util/concurrent/atomic/AtomicReferenceFieldUpdater$AtomicReferenceFieldUpdaterImpl$1
Event: 4.998 loading class java/util/concurrent/atomic/AtomicReferenceFieldUpdater$AtomicReferenceFieldUpdaterImpl$1 done
Event: 5.086 loading class java/lang/StrictMath
Event: 5.086 loading class java/lang/StrictMath done
Event: 5.161 loading class java/util/zip/CheckedOutputStream
Event: 5.161 loading class java/util/zip/CheckedOutputStream done
Event: 5.162 loading class java/nio/channels/Channels$1
Event: 5.165 loading class java/nio/channels/Channels$1 done
Event: 5.246 loading class java/lang/ClassValue$ClassValueMap
Event: 5.246 loading class java/lang/ClassValue$ClassValueMap done
Event: 5.264 loading class sun/nio/ch/Util$BufferCache
Event: 5.264 loading class sun/nio/ch/Util$BufferCache done
Event: 5.264 loading class java/nio/DirectByteBuffer$Deallocator
Event: 5.264 loading class java/nio/DirectByteBuffer$Deallocator done
Event: 5.488 loading class java/lang/ExceptionInInitializerError
Event: 5.488 loading class java/lang/ExceptionInInitializerError done


Dynamic libraries:
0x00007ff65e1d0000 - 0x00007ff65e1de000 	c:\Users\jtalg\.vscode\extensions\redhat.java-1.3.0\jre\17.0.1-win32-x86_64\bin\java.exe
0x00007ff807760000 - 0x00007ff807969000 	C:\WINDOWS\SYSTEM32\ntdll.dll
0x00007ff806d70000 - 0x00007ff806e2d000 	C:\WINDOWS\System32\KERNEL32.DLL
0x00007ff804f80000 - 0x00007ff8052f4000 	C:\WINDOWS\System32\KERNELBASE.dll
0x00007ff805300000 - 0x00007ff805411000 	C:\WINDOWS\System32\ucrtbase.dll
0x00007fffeaa80000 - 0x00007fffeaa98000 	c:\Users\jtalg\.vscode\extensions\redhat.java-1.3.0\jre\17.0.1-win32-x86_64\bin\jli.dll
0x00007fffe8ac0000 - 0x00007fffe8ad9000 	c:\Users\jtalg\.vscode\extensions\redhat.java-1.3.0\jre\17.0.1-win32-x86_64\bin\VCRUNTIME140.dll
0x00007ff807200000 - 0x00007ff8073ac000 	C:\WINDOWS\System32\USER32.dll
0x00007ff805510000 - 0x00007ff805536000 	C:\WINDOWS\System32\win32u.dll
0x00007ffff1bb0000 - 0x00007ffff1e55000 	C:\WINDOWS\WinSxS\amd64_microsoft.windows.common-controls_6595b64144ccf1df_6.0.22000.120_none_9d947278b86cc467\COMCTL32.dll
0x00007ff807620000 - 0x00007ff807649000 	C:\WINDOWS\System32\GDI32.dll
0x00007ff8057a0000 - 0x00007ff805843000 	C:\WINDOWS\System32\msvcrt.dll
0x00007ff804dc0000 - 0x00007ff804ed2000 	C:\WINDOWS\System32\gdi32full.dll
0x00007ff804ee0000 - 0x00007ff804f7d000 	C:\WINDOWS\System32\msvcp_win.dll
0x00007ff8073b0000 - 0x00007ff8073e1000 	C:\WINDOWS\System32\IMM32.DLL
0x00007ff802130000 - 0x00007ff80213c000 	c:\Users\jtalg\.vscode\extensions\redhat.java-1.3.0\jre\17.0.1-win32-x86_64\bin\vcruntime140_1.dll
0x00007fffc78f0000 - 0x00007fffc7981000 	c:\Users\jtalg\.vscode\extensions\redhat.java-1.3.0\jre\17.0.1-win32-x86_64\bin\msvcp140.dll
0x00007fffc6ca0000 - 0x00007fffc78e6000 	c:\Users\jtalg\.vscode\extensions\redhat.java-1.3.0\jre\17.0.1-win32-x86_64\bin\server\jvm.dll
0x00007ff8070f0000 - 0x00007ff80719e000 	C:\WINDOWS\System32\ADVAPI32.dll
0x00007ff805a60000 - 0x00007ff805afe000 	C:\WINDOWS\System32\sechost.dll
0x00007ff805680000 - 0x00007ff8057a0000 	C:\WINDOWS\System32\RPCRT4.dll
0x00007ff8070e0000 - 0x00007ff8070e8000 	C:\WINDOWS\System32\PSAPI.DLL
0x00007fffe9c30000 - 0x00007fffe9c39000 	C:\WINDOWS\SYSTEM32\WSOCK32.dll
0x00007ffffda10000 - 0x00007ffffda43000 	C:\WINDOWS\SYSTEM32\WINMM.dll
0x00007ffffd680000 - 0x00007ffffd68a000 	C:\WINDOWS\SYSTEM32\VERSION.dll
0x00007ff8073f0000 - 0x00007ff80745f000 	C:\WINDOWS\System32\WS2_32.dll
0x00007ff803e40000 - 0x00007ff803e58000 	C:\WINDOWS\SYSTEM32\kernel.appcore.dll
0x00007ff8011b0000 - 0x00007ff8011ba000 	c:\Users\jtalg\.vscode\extensions\redhat.java-1.3.0\jre\17.0.1-win32-x86_64\bin\jimage.dll
0x00007fffed380000 - 0x00007fffed5a1000 	C:\WINDOWS\SYSTEM32\DBGHELP.DLL
0x00007fffea0c0000 - 0x00007fffea0f1000 	C:\WINDOWS\SYSTEM32\dbgcore.DLL
0x00007ff805490000 - 0x00007ff80550f000 	C:\WINDOWS\System32\bcryptPrimitives.dll
0x00007ff801170000 - 0x00007ff80117e000 	c:\Users\jtalg\.vscode\extensions\redhat.java-1.3.0\jre\17.0.1-win32-x86_64\bin\instrument.dll
0x00007fffe19d0000 - 0x00007fffe19f5000 	c:\Users\jtalg\.vscode\extensions\redhat.java-1.3.0\jre\17.0.1-win32-x86_64\bin\java.dll
0x00007fffe19b0000 - 0x00007fffe19c8000 	c:\Users\jtalg\.vscode\extensions\redhat.java-1.3.0\jre\17.0.1-win32-x86_64\bin\zip.dll
0x00007ff805be0000 - 0x00007ff80638e000 	C:\WINDOWS\System32\SHELL32.dll
0x00007ff802dc0000 - 0x00007ff803627000 	C:\WINDOWS\SYSTEM32\windows.storage.dll
0x00007ff8064a0000 - 0x00007ff806818000 	C:\WINDOWS\System32\combase.dll
0x00007ff802c50000 - 0x00007ff802db6000 	C:\WINDOWS\SYSTEM32\wintypes.dll
0x00007ff806e30000 - 0x00007ff806f1a000 	C:\WINDOWS\System32\SHCORE.dll
0x00007ff805b80000 - 0x00007ff805bdd000 	C:\WINDOWS\System32\shlwapi.dll
0x00007ff804b80000 - 0x00007ff804ba1000 	C:\WINDOWS\SYSTEM32\profapi.dll
0x00007fffe14f0000 - 0x00007fffe1509000 	C:\Users\jtalg\.vscode\extensions\redhat.java-1.3.0\jre\17.0.1-win32-x86_64\bin\net.dll
0x00007ffffe8c0000 - 0x00007ffffe9cc000 	C:\WINDOWS\SYSTEM32\WINHTTP.dll
0x00007ff804270000 - 0x00007ff8042d7000 	C:\WINDOWS\system32\mswsock.dll
0x00007fffd8df0000 - 0x00007fffd8e05000 	C:\Users\jtalg\.vscode\extensions\redhat.java-1.3.0\jre\17.0.1-win32-x86_64\bin\nio.dll
0x00007ff800130000 - 0x00007ff800140000 	c:\Users\jtalg\.vscode\extensions\redhat.java-1.3.0\jre\17.0.1-win32-x86_64\bin\verify.dll
0x00007ff8044c0000 - 0x00007ff8044d8000 	C:\WINDOWS\SYSTEM32\CRYPTSP.dll
0x00007ff803da0000 - 0x00007ff803dd5000 	C:\WINDOWS\system32\rsaenh.dll
0x00007ff804360000 - 0x00007ff804389000 	C:\WINDOWS\SYSTEM32\USERENV.dll
0x00007ff804630000 - 0x00007ff804657000 	C:\WINDOWS\SYSTEM32\bcrypt.dll
0x00007ff8044b0000 - 0x00007ff8044bc000 	C:\WINDOWS\SYSTEM32\CRYPTBASE.dll
0x00007ff803920000 - 0x00007ff80394d000 	C:\WINDOWS\SYSTEM32\IPHLPAPI.DLL
0x00007ff8070d0000 - 0x00007ff8070d9000 	C:\WINDOWS\System32\NSI.dll
0x00007ffffea20000 - 0x00007ffffea39000 	C:\WINDOWS\SYSTEM32\dhcpcsvc6.DLL
0x00007fffff3d0000 - 0x00007fffff3ee000 	C:\WINDOWS\SYSTEM32\dhcpcsvc.DLL
0x00007ff8039a0000 - 0x00007ff803a87000 	C:\WINDOWS\SYSTEM32\DNSAPI.dll
0x00007fffd7410000 - 0x00007fffd744e000 	C:\Users\jtalg\AppData\Roaming\Code\User\globalStorage\redhat.java\1.3.0\config_win\org.eclipse.equinox.launcher\org.eclipse.equinox.launcher.win32.win32.x86_64_1.2.400.v20211117-0650\eclipse_11602.dll
0x00007ff806f20000 - 0x00007ff8070ba000 	C:\WINDOWS\System32\ole32.dll
0x00007fffd3830000 - 0x00007fffd3841000 	C:\Users\jtalg\AppData\Roaming\Code\User\globalStorage\redhat.java\1.3.0\config_win\org.eclipse.osgi\22\0\.cp\jWinHttp-1.0.0.dll
0x00007fffff4a0000 - 0x00007fffff4a9000 	C:\Users\jtalg\.vscode\extensions\redhat.java-1.3.0\jre\17.0.1-win32-x86_64\bin\management.dll
0x00007ffff5400000 - 0x00007ffff540b000 	C:\Users\jtalg\.vscode\extensions\redhat.java-1.3.0\jre\17.0.1-win32-x86_64\bin\management_ext.dll

dbghelp: loaded successfully - version: 4.0.5 - missing functions: none
symbol engine: initialized successfully - sym options: 0x614 - pdb path: .;c:\Users\jtalg\.vscode\extensions\redhat.java-1.3.0\jre\17.0.1-win32-x86_64\bin;C:\WINDOWS\SYSTEM32;C:\WINDOWS\WinSxS\amd64_microsoft.windows.common-controls_6595b64144ccf1df_6.0.22000.120_none_9d947278b86cc467;c:\Users\jtalg\.vscode\extensions\redhat.java-1.3.0\jre\17.0.1-win32-x86_64\bin\server;C:\Users\jtalg\AppData\Roaming\Code\User\globalStorage\redhat.java\1.3.0\config_win\org.eclipse.equinox.launcher\org.eclipse.equinox.launcher.win32.win32.x86_64_1.2.400.v20211117-0650;C:\Users\jtalg\AppData\Roaming\Code\User\globalStorage\redhat.java\1.3.0\config_win\org.eclipse.osgi\22\0\.cp

VM Arguments:
jvm_args: --add-modules=ALL-SYSTEM --add-opens=java.base/java.util=ALL-UNNAMED --add-opens=java.base/java.lang=ALL-UNNAMED --add-opens=java.base/sun.nio.fs=ALL-UNNAMED -Declipse.application=org.eclipse.jdt.ls.core.id1 -Dosgi.bundles.defaultStartLevel=4 -Declipse.product=org.eclipse.jdt.ls.core.product -Djava.import.generatesMetadataFilesAtProjectRoot=false -Dfile.encoding=utf8 -DwatchParentProcess=false -XX:+UseParallelGC -XX:GCTimeRatio=4 -XX:AdaptiveSizePolicyWeight=90 -Dsun.zip.disableMemoryMapping=true -Xmx1G -Xms100m -javaagent:c:\Users\jtalg\.vscode\extensions\gabrielbb.vscode-lombok-1.0.1\server\lombok.jar -XX:+HeapDumpOnOutOfMemoryError -XX:HeapDumpPath=c:\Users\jtalg\AppData\Roaming\Code\User\workspaceStorage\23ab0888d26938d64720ae656aa4ab37\redhat.java 
java_command: c:\Users\jtalg\.vscode\extensions\redhat.java-1.3.0\server\plugins\org.eclipse.equinox.launcher_1.6.400.v20210924-0641.jar -configuration c:\Users\jtalg\AppData\Roaming\Code\User\globalStorage\redhat.java\1.3.0\config_win -data c:\Users\jtalg\AppData\Roaming\Code\User\workspaceStorage\23ab0888d26938d64720ae656aa4ab37\redhat.java\jdt_ws
java_class_path (initial): c:\Users\jtalg\.vscode\extensions\redhat.java-1.3.0\server\plugins\org.eclipse.equinox.launcher_1.6.400.v20210924-0641.jar
Launcher Type: SUN_STANDARD

[Global flags]
    uintx AdaptiveSizePolicyWeight                 = 90                                        {product} {command line}
     intx CICompilerCount                          = 3                                         {product} {ergonomic}
    uintx GCTimeRatio                              = 4                                         {product} {command line}
     bool HeapDumpOnOutOfMemoryError               = true                                   {manageable} {command line}
    ccstr HeapDumpPath                             = c:\Users\jtalg\AppData\Roaming\Code\User\workspaceStorage\23ab0888d26938d64720ae656aa4ab37\redhat.java         {manageable} {command line}
   size_t InitialHeapSize                          = 104857600                                 {product} {command line}
   size_t MaxHeapSize                              = 1073741824                                {product} {command line}
   size_t MaxNewSize                               = 357564416                                 {product} {ergonomic}
   size_t MinHeapDeltaBytes                        = 524288                                    {product} {ergonomic}
   size_t MinHeapSize                              = 104857600                                 {product} {command line}
   size_t NewSize                                  = 34603008                                  {product} {ergonomic}
    uintx NonNMethodCodeHeapSize                   = 5832780                                {pd product} {ergonomic}
    uintx NonProfiledCodeHeapSize                  = 122912730                              {pd product} {ergonomic}
   size_t OldSize                                  = 70254592                                  {product} {ergonomic}
    uintx ProfiledCodeHeapSize                     = 122912730                              {pd product} {ergonomic}
    uintx ReservedCodeCacheSize                    = 251658240                              {pd product} {ergonomic}
     bool SegmentedCodeCache                       = true                                      {product} {ergonomic}
   size_t SoftMaxHeapSize                          = 1073741824                             {manageable} {ergonomic}
     bool UseCompressedClassPointers               = true                           {product lp64_product} {ergonomic}
     bool UseCompressedOops                        = true                           {product lp64_product} {ergonomic}
     bool UseLargePagesIndividualAllocation        = false                                  {pd product} {ergonomic}
     bool UseParallelGC                            = true                                      {product} {command line}

Logging:
Log output configuration:
 #0: stdout all=warning uptime,level,tags
 #1: stderr all=off uptime,level,tags

Environment Variables:
JAVA_HOME=C:\Program Files\RedHat\java-11-openjdk-11.0.13-1
PATH=D:\Virtual Machine\VMware\bin\;C:\Program Files (x86)\Common Files\Oracle\Java\javapath;C:\WINDOWS\system32;C:\WINDOWS;C:\WINDOWS\System32\Wbem;C:\WINDOWS\System32\WindowsPowerShell\v1.0\;C:\WINDOWS\System32\OpenSSH\;C:\Program Files\NVIDIA Corporation\NVIDIA NvDLISR;D:\Dev\Git\cmd;D:\Dev\NodeJS\;C:\Program Files (x86)\NVIDIA Corporation\PhysX\Common;C:\Program Files\Microsoft SQL Server\130\Tools\Binn\;C:\WINDOWS\system32;C:\WINDOWS;C:\WINDOWS\System32\Wbem;C:\WINDOWS\System32\WindowsPowerShell\v1.0\;C:\WINDOWS\System32\OpenSSH\;C:\Program Files\RedHat\java-11-openjdk-11.0.13-1\bin;C:\Program Files\RedHat\java-11-openjdk-11.0.13-1\bin;C:\Users\jtalg\apache-maven-3.8.4-bin\apache-maven-3.8.4\bin;C:\Gradle\gradle-7.3.3\bin;C:\Users\jtalg\AppData\Local\Microsoft\WindowsApps;D:\Dev\Microsoft VS Code\bin;D:\Dev\heroku\bin;C:\Users\jtalg\AppData\Roaming\npm;C:\Program Files\JetBrains\IntelliJ IDEA 2020.3.3\bin;;
USERNAME=jtalg
OS=Windows_NT
PROCESSOR_IDENTIFIER=Intel64 Family 6 Model 142 Stepping 11, GenuineIntel



---------------  S Y S T E M  ---------------

OS:
 Windows 10 , 64 bit Build 22000 (10.0.22000.434)
OS uptime: 4 days 1:38 hours

CPU: total 4 (initial active 4) (2 cores per cpu, 2 threads per core) family 6 model 142 stepping 11 microcode 0xde, cx8, cmov, fxsr, ht, mmx, 3dnowpref, sse, sse2, sse3, ssse3, sse4.1, sse4.2, popcnt, lzcnt, tsc, tscinvbit, avx, avx2, aes, erms, clmul, bmi1, bmi2, adx, fma, vzeroupper, clflush, clflushopt

Memory: 4k page, system-wide physical 8040M (684M free)
TotalPageFile size 12136M (AvailPageFile size 5M)
current process WorkingSet (physical memory assigned to process): 203M, peak: 207M
current process commit charge ("private bytes"): 286M, peak: 288M

vm_info: OpenJDK 64-Bit Server VM (17.0.1+12) for windows-amd64 JRE (17.0.1+12), built on Oct 20 2021 07:42:55 by "" with MS VC++ 16.7 (VS2019)

END.
