#
# There is insufficient memory for the Java Runtime Environment to continue.
# Native memory allocation (malloc) failed to allocate 220656 bytes for Chunk::new
# Possible reasons:
#   The system is out of physical RAM or swap space
#   The process is running with CompressedOops enabled, and the Java Heap may be blocking the growth of the native heap
# Possible solutions:
#   Reduce memory load on the system
#   Increase physical memory or swap space
#   Check if swap backing store is full
#   Decrease Java heap size (-Xmx/-Xms)
#   Decrease number of Java threads
#   Decrease Java thread stack sizes (-Xss)
#   Set larger code cache with -XX:ReservedCodeCacheSize=
#   JVM is running with Unscaled Compressed Oops mode in which the Java heap is
#     placed in the first 4GB address space. The Java Heap base address is the
#     maximum limit for the native heap growth. Please use -XX:HeapBaseMinAddress
#     to set the Java Heap base and to place the Java Heap above 4GB virtual address.
# This output file may be truncated or incomplete.
#
#  Out of Memory Error (arena.cpp:189), pid=12108, tid=5732
#
# JRE version: OpenJDK Runtime Environment Temurin-17.0.1+12 (17.0.1+12) (build 17.0.1+12)
# Java VM: OpenJDK 64-Bit Server VM Temurin-17.0.1+12 (17.0.1+12, mixed mode, tiered, compressed oops, compressed class ptrs, parallel gc, windows-amd64)
# No core dump will be written. Minidumps are not enabled by default on client versions of Windows
#

---------------  S U M M A R Y ------------

Command Line: --add-modules=ALL-SYSTEM --add-opens=java.base/java.util=ALL-UNNAMED --add-opens=java.base/java.lang=ALL-UNNAMED --add-opens=java.base/sun.nio.fs=ALL-UNNAMED -Declipse.application=org.eclipse.jdt.ls.core.id1 -Dosgi.bundles.defaultStartLevel=4 -Declipse.product=org.eclipse.jdt.ls.core.product -Djava.import.generatesMetadataFilesAtProjectRoot=false -Dfile.encoding=utf8 -DwatchParentProcess=false -XX:+UseParallelGC -XX:GCTimeRatio=4 -XX:AdaptiveSizePolicyWeight=90 -Dsun.zip.disableMemoryMapping=true -Xmx1G -Xms100m -javaagent:c:\Users\jtalg\.vscode\extensions\gabrielbb.vscode-lombok-1.0.1\server\lombok.jar -XX:+HeapDumpOnOutOfMemoryError -XX:HeapDumpPath=c:\Users\jtalg\AppData\Roaming\Code\User\workspaceStorage\23ab0888d26938d64720ae656aa4ab37\redhat.java c:\Users\jtalg\.vscode\extensions\redhat.java-1.3.0\server\plugins\org.eclipse.equinox.launcher_1.6.400.v20210924-0641.jar -configuration c:\Users\jtalg\AppData\Roaming\Code\User\globalStorage\redhat.java\1.3.0\config_win -data c:\Users\jtalg\AppData\Roaming\Code\User\workspaceStorage\23ab0888d26938d64720ae656aa4ab37\redhat.java\jdt_ws

Host: Intel(R) Core(TM) i3-8145U CPU @ 2.10GHz, 4 cores, 7G,  Windows 10 , 64 bit Build 22000 (10.0.22000.434)
Time: Mon Jan 31 15:45:31 2022  Windows 10 , 64 bit Build 22000 (10.0.22000.434) elapsed time: 11.781926 seconds (0d 0h 0m 11s)

---------------  T H R E A D  ---------------

Current thread (0x0000017a5d4be170):  JavaThread "C2 CompilerThread1" daemon [_thread_in_native, id=5732, stack(0x0000005e9ea00000,0x0000005e9eb00000)]


Current CompileTask:
C2:  11782 8523   !   4       org.codehaus.plexus.interpolation.StringSearchInterpolator::interpolate (650 bytes)

Stack: [0x0000005e9ea00000,0x0000005e9eb00000]
Native frames: (J=compiled Java code, j=interpreted, Vv=VM code, C=native code)
V  [jvm.dll+0x6744da]
V  [jvm.dll+0x82e144]
V  [jvm.dll+0x82f8ee]
V  [jvm.dll+0x82ff53]
V  [jvm.dll+0x245175]
V  [jvm.dll+0xab85b]
V  [jvm.dll+0xabdec]
V  [jvm.dll+0x55de79]
V  [jvm.dll+0x32d4f0]
V  [jvm.dll+0x32c96a]
V  [jvm.dll+0x218031]
V  [jvm.dll+0x217451]
V  [jvm.dll+0x1a355d]
V  [jvm.dll+0x226e38]
V  [jvm.dll+0x224f7c]
V  [jvm.dll+0x7e3f5b]
V  [jvm.dll+0x7de51a]
V  [jvm.dll+0x673305]
C  [ucrtbase.dll+0x26c0c]
C  [KERNEL32.DLL+0x154e0]
C  [ntdll.dll+0x485b]


---------------  P R O C E S S  ---------------

Threads class SMR info:
_java_thread_list=0x0000017a62749170, length=28, elements={
0x0000017a47496fb0, 0x0000017a5b2a63b0, 0x0000017a5b2a7130, 0x0000017a5b2bff30,
0x0000017a5b2dd990, 0x0000017a5b2df660, 0x0000017a5b2dff20, 0x0000017a5b2e0b10,
0x0000017a5b2e14c0, 0x0000017a5b31d080, 0x0000017a5cd557c0, 0x0000017a5cfbe890,
0x0000017a5d4be170, 0x0000017a5d50e830, 0x0000017a5d69df80, 0x0000017a5d72e110,
0x0000017a5d633ac0, 0x0000017a5ea678d0, 0x0000017a5eb0c030, 0x0000017a5eb18100,
0x0000017a5eb96070, 0x0000017a5eb99a30, 0x0000017a5eb973b0, 0x0000017a5eb97d50,
0x0000017a5eb96540, 0x0000017a5eb96a10, 0x0000017a5eb96ee0, 0x0000017a5f3f9a40
}

Java Threads: ( => current thread )
  0x0000017a47496fb0 JavaThread "main" [_thread_blocked, id=1084, stack(0x0000005e9da00000,0x0000005e9db00000)]
  0x0000017a5b2a63b0 JavaThread "Reference Handler" daemon [_thread_blocked, id=4512, stack(0x0000005e9de00000,0x0000005e9df00000)]
  0x0000017a5b2a7130 JavaThread "Finalizer" daemon [_thread_blocked, id=15540, stack(0x0000005e9df00000,0x0000005e9e000000)]
  0x0000017a5b2bff30 JavaThread "Signal Dispatcher" daemon [_thread_blocked, id=11820, stack(0x0000005e9e000000,0x0000005e9e100000)]
  0x0000017a5b2dd990 JavaThread "Attach Listener" daemon [_thread_blocked, id=14032, stack(0x0000005e9e100000,0x0000005e9e200000)]
  0x0000017a5b2df660 JavaThread "Service Thread" daemon [_thread_blocked, id=4012, stack(0x0000005e9e200000,0x0000005e9e300000)]
  0x0000017a5b2dff20 JavaThread "Monitor Deflation Thread" daemon [_thread_blocked, id=13020, stack(0x0000005e9e300000,0x0000005e9e400000)]
  0x0000017a5b2e0b10 JavaThread "C2 CompilerThread0" daemon [_thread_in_native, id=8752, stack(0x0000005e9e400000,0x0000005e9e500000)]
  0x0000017a5b2e14c0 JavaThread "C1 CompilerThread0" daemon [_thread_in_vm, id=5456, stack(0x0000005e9e500000,0x0000005e9e600000)]
  0x0000017a5b31d080 JavaThread "Sweeper thread" daemon [_thread_blocked, id=13620, stack(0x0000005e9e600000,0x0000005e9e700000)]
  0x0000017a5cd557c0 JavaThread "Common-Cleaner" daemon [_thread_blocked, id=10424, stack(0x0000005e9e700000,0x0000005e9e800000)]
  0x0000017a5cfbe890 JavaThread "Notification Thread" daemon [_thread_blocked, id=8540, stack(0x0000005e9e800000,0x0000005e9e900000)]
=>0x0000017a5d4be170 JavaThread "C2 CompilerThread1" daemon [_thread_in_native, id=5732, stack(0x0000005e9ea00000,0x0000005e9eb00000)]
  0x0000017a5d50e830 JavaThread "Active Thread: Equinox Container: ca512eaa-bdcd-437a-8112-4577fc72d8bf" [_thread_blocked, id=328, stack(0x0000005e9ee00000,0x0000005e9ef00000)]
  0x0000017a5d69df80 JavaThread "Framework Event Dispatcher: Equinox Container: ca512eaa-bdcd-437a-8112-4577fc72d8bf" daemon [_thread_blocked, id=13416, stack(0x0000005e9ef00000,0x0000005e9f000000)]
  0x0000017a5d72e110 JavaThread "Start Level: Equinox Container: ca512eaa-bdcd-437a-8112-4577fc72d8bf" daemon [_thread_blocked, id=1512, stack(0x0000005e9f000000,0x0000005e9f100000)]
  0x0000017a5d633ac0 JavaThread "SCR Component Actor" daemon [_thread_blocked, id=3524, stack(0x0000005e9f100000,0x0000005e9f200000)]
  0x0000017a5ea678d0 JavaThread "Bundle File Closer" daemon [_thread_blocked, id=1544, stack(0x0000005e9f300000,0x0000005e9f400000)]
  0x0000017a5eb0c030 JavaThread "Worker-JM" [_thread_blocked, id=9840, stack(0x0000005e9f400000,0x0000005e9f500000)]
  0x0000017a5eb18100 JavaThread "Worker-0" [_thread_blocked, id=4900, stack(0x0000005e9f500000,0x0000005e9f600000)]
  0x0000017a5eb96070 JavaThread "Worker-1: Java indexing... " [_thread_blocked, id=12432, stack(0x0000005e9f600000,0x0000005e9f700000)]
  0x0000017a5eb99a30 JavaThread "Java indexing" daemon [_thread_in_vm, id=13280, stack(0x0000005e9f700000,0x0000005e9f800000)]
  0x0000017a5eb973b0 JavaThread "Worker-2: Initialize workspace" [_thread_blocked, id=11044, stack(0x0000005e9f800000,0x0000005e9f900000)]
  0x0000017a5eb97d50 JavaThread "pool-2-thread-1" [_thread_in_native, id=1060, stack(0x0000005e9f900000,0x0000005e9fa00000)]
  0x0000017a5eb96540 JavaThread "Worker-3: Building" [_thread_in_Java, id=13936, stack(0x0000005e9fa00000,0x0000005e9fb00000)]
  0x0000017a5eb96a10 JavaThread "Worker-4" [_thread_blocked, id=3308, stack(0x0000005e9fb00000,0x0000005e9fc00000)]
  0x0000017a5eb96ee0 JavaThread "Worker-5" [_thread_blocked, id=16148, stack(0x0000005e9f200000,0x0000005e9f300000)]
  0x0000017a5f3f9a40 JavaThread "ForkJoinPool.commonPool-worker-1" daemon [_thread_blocked, id=12472, stack(0x0000005e9fc00000,0x0000005e9fd00000)]

Other Threads:
  0x0000017a5b28c470 VMThread "VM Thread" [stack: 0x0000005e9dd00000,0x0000005e9de00000] [id=11624]
  0x0000017a5cfc0c70 WatcherThread [stack: 0x0000005e9e900000,0x0000005e9ea00000] [id=12556]
  0x0000017a474ac690 GCTaskThread "GC Thread#0" [stack: 0x0000005e9dc00000,0x0000005e9dd00000] [id=4320]
  0x0000017a5d554c80 GCTaskThread "GC Thread#1" [stack: 0x0000005e9eb00000,0x0000005e9ec00000] [id=9336]
  0x0000017a5d589c50 GCTaskThread "GC Thread#2" [stack: 0x0000005e9ec00000,0x0000005e9ed00000] [id=15964]
  0x0000017a5d42d030 GCTaskThread "GC Thread#3" [stack: 0x0000005e9ed00000,0x0000005e9ee00000] [id=10380]

Threads with active compile tasks:
C2 CompilerThread0    11809 8049       4       org.eclipse.jdt.internal.compiler.lookup.BinaryTypeBinding::createMethod (1687 bytes)
C2 CompilerThread1    11809 8523   !   4       org.codehaus.plexus.interpolation.StringSearchInterpolator::interpolate (650 bytes)

VM state: not at safepoint (normal execution)

VM Mutex/Monitor currently owned by a thread: None

Heap address: 0x00000000c0000000, size: 1024 MB, Compressed Oops mode: 32-bit

CDS archive(s) not mapped
Compressed class space mapped at: 0x0000000100000000-0x0000000140000000, reserved size: 1073741824
Narrow klass base: 0x0000000000000000, Narrow klass shift: 3, Narrow klass range: 0x140000000

GC Precious Log:
 CPUs: 4 total, 4 available
 Memory: 8040M
 Large Page Support: Disabled
 NUMA Support: Disabled
 Compressed Oops: Enabled (32-bit)
 Alignments: Space 512K, Generation 512K, Heap 2M
 Heap Min Capacity: 100M
 Heap Initial Capacity: 100M
 Heap Max Capacity: 1G
 Pre-touch: Disabled
 Parallel Workers: 4

Heap:
 PSYoungGen      total 15360K, used 5371K [0x00000000eab00000, 0x00000000ebc00000, 0x0000000100000000)
  eden space 14336K, 30% used [0x00000000eab00000,0x00000000eaf4af88,0x00000000eb900000)
  from space 1024K, 95% used [0x00000000eb980000,0x00000000eba74010,0x00000000eba80000)
  to   space 1536K, 0% used [0x00000000eba80000,0x00000000eba80000,0x00000000ebc00000)
 ParOldGen       total 68608K, used 58613K [0x00000000c0000000, 0x00000000c4300000, 0x00000000eab00000)
  object space 68608K, 85% used [0x00000000c0000000,0x00000000c393d748,0x00000000c4300000)
 Metaspace       used 65065K, committed 66048K, reserved 1114112K
  class space    used 6926K, committed 7424K, reserved 1048576K

Card table byte_map: [0x0000017a46e50000,0x0000017a47060000] _byte_map_base: 0x0000017a46850000

Marking Bits: (ParMarkBitMap*) 0x00007fffc7822a60
 Begin Bits: [0x0000017a59120000, 0x0000017a5a120000)
 End Bits:   [0x0000017a5a120000, 0x0000017a5b120000)

Polling page: 0x0000017a45410000

Metaspace:

Usage:
  Non-class:     56.78 MB used.
      Class:      6.76 MB used.
       Both:     63.54 MB used.

Virtual space:
  Non-class space:       64.00 MB reserved,      57.25 MB ( 89%) committed,  8 nodes.
      Class space:        1.00 GB reserved,       7.25 MB ( <1%) committed,  1 nodes.
             Both:        1.06 GB reserved,      64.50 MB (  6%) committed. 

Chunk freelists:
   Non-Class:  2.50 MB
       Class:  737.00 KB
        Both:  3.22 MB

MaxMetaspaceSize: unlimited
CompressedClassSpaceSize: 1.00 GB
Initial GC threshold: 21.00 MB
Current GC threshold: 97.31 MB
CDS: off
MetaspaceReclaimPolicy: balanced
 - commit_granule_bytes: 65536.
 - commit_granule_words: 8192.
 - virtual_space_node_default_size: 1048576.
 - enlarge_chunks_in_place: 1.
 - new_chunks_are_fully_committed: 0.
 - uncommit_free_chunks: 1.
 - use_allocation_guard: 0.
 - handle_deallocations: 1.


Internal statistics:

num_allocs_failed_limit: 9.
num_arena_births: 502.
num_arena_deaths: 0.
num_vsnodes_births: 9.
num_vsnodes_deaths: 0.
num_space_committed: 1032.
num_space_uncommitted: 0.
num_chunks_returned_to_freelist: 9.
num_chunks_taken_from_freelist: 3106.
num_chunk_merges: 6.
num_chunk_splits: 1940.
num_chunks_enlarged: 1125.
num_purges: 0.
num_inconsistent_stats: 0.

CodeHeap 'non-profiled nmethods': size=120000Kb used=4547Kb max_used=4547Kb free=115452Kb
 bounds [0x0000017a51bf0000, 0x0000017a52070000, 0x0000017a59120000]
CodeHeap 'profiled nmethods': size=120000Kb used=17327Kb max_used=17327Kb free=102672Kb
 bounds [0x0000017a4a6c0000, 0x0000017a4b7b0000, 0x0000017a51bf0000]
CodeHeap 'non-nmethods': size=5760Kb used=1343Kb max_used=1422Kb free=4416Kb
 bounds [0x0000017a4a120000, 0x0000017a4a390000, 0x0000017a4a6c0000]
 total_blobs=8538 nmethods=7851 adapters=601
 compilation: enabled
              stopped_count=0, restarted_count=0
 full_count=0

Compilation events (20 events):
Event: 11.767 Thread 0x0000017a5b2e14c0 nmethod 8722 0x0000017a4b78ea10 code [0x0000017a4b78eca0, 0x0000017a4b78f9e8]
Event: 11.771 Thread 0x0000017a5b2e14c0 8723       3       org.eclipse.jdt.ls.core.internal.handlers.ProgressReporterManager$ProgressReporter::worked (15 bytes)
Event: 11.771 Thread 0x0000017a5b2e14c0 nmethod 8723 0x0000017a4b78ff10 code [0x0000017a4b7900a0, 0x0000017a4b7901e8]
Event: 11.771 Thread 0x0000017a5b2e14c0 8725       3       org.apache.maven.model.merge.MavenModelMerger::getReportPluginKey (5 bytes)
Event: 11.772 Thread 0x0000017a5b2e14c0 nmethod 8725 0x0000017a4b790290 code [0x0000017a4b7904a0, 0x0000017a4b790988]
Event: 11.772 Thread 0x0000017a5b2e14c0 8724       1       org.apache.maven.model.DistributionManagement::setSnapshotRepository (6 bytes)
Event: 11.772 Thread 0x0000017a5b2e14c0 nmethod 8724 0x0000017a5205ec90 code [0x0000017a5205ee20, 0x0000017a5205eef8]
Event: 11.772 Thread 0x0000017a5b2e14c0 8726       3       org.apache.maven.model.merge.ModelMerger::mergeReportPlugin (46 bytes)
Event: 11.773 Thread 0x0000017a5b2e14c0 nmethod 8726 0x0000017a4b790c10 code [0x0000017a4b790de0, 0x0000017a4b7912e8]
Event: 11.773 Thread 0x0000017a5b2e14c0 8728       3       org.apache.maven.model.merge.MavenModelMerger::mergeReportPlugin_ReportSets (235 bytes)
Event: 11.776 Thread 0x0000017a5b2e14c0 nmethod 8728 0x0000017a4b791490 code [0x0000017a4b7918a0, 0x0000017a4b793c58]
Event: 11.776 Thread 0x0000017a5b2e14c0 8727       3       org.apache.maven.model.merge.ModelMerger::mergeReportPlugin_GroupId (41 bytes)
Event: 11.776 Thread 0x0000017a5b2e14c0 nmethod 8727 0x0000017a4b794790 code [0x0000017a4b794960, 0x0000017a4b794d38]
Event: 11.777 Thread 0x0000017a5b2e14c0 8729       3       org.apache.maven.model.management.DefaultPluginManagementInjector$ManagementModelMerger::mergePlugin_Executions (208 bytes)
Event: 11.779 Thread 0x0000017a5b2e14c0 nmethod 8729 0x0000017a4b794e90 code [0x0000017a4b795260, 0x0000017a4b7970a8]
Event: 11.779 Thread 0x0000017a5b2e14c0 8730       3       org.eclipse.aether.artifact.DefaultArtifact::<init> (17 bytes)
Event: 11.779 Thread 0x0000017a5b2e14c0 nmethod 8730 0x0000017a4b797a90 code [0x0000017a4b797c20, 0x0000017a4b797d68]
Event: 11.779 Thread 0x0000017a5b2e14c0 8731       3       org.eclipse.aether.artifact.DefaultArtifact::<init> (62 bytes)
Event: 11.780 Thread 0x0000017a5b2e14c0 nmethod 8731 0x0000017a4b797e10 code [0x0000017a4b798060, 0x0000017a4b798c38]
Event: 11.780 Thread 0x0000017a5b2e14c0 8732       3       java.io.InputStreamReader::<init> (30 bytes)

GC Heap History (20 events):
Event: 9.644 GC heap before
{Heap before GC invocations=33 (full 3):
 PSYoungGen      total 18944K, used 18874K [0x00000000eab00000, 0x00000000ec280000, 0x0000000100000000)
  eden space 15872K, 100% used [0x00000000eab00000,0x00000000eba80000,0x00000000eba80000)
  from space 3072K, 97% used [0x00000000eba80000,0x00000000ebd6e828,0x00000000ebd80000)
  to   space 4096K, 0% used [0x00000000ebe80000,0x00000000ebe80000,0x00000000ec280000)
 ParOldGen       total 68608K, used 41057K [0x00000000c0000000, 0x00000000c4300000, 0x00000000eab00000)
  object space 68608K, 59% used [0x00000000c0000000,0x00000000c28185c8,0x00000000c4300000)
 Metaspace       used 61202K, committed 62208K, reserved 1105920K
  class space    used 6627K, committed 7104K, reserved 1048576K
}
Event: 9.649 GC heap after
{Heap after GC invocations=33 (full 3):
 PSYoungGen      total 16896K, used 960K [0x00000000eab00000, 0x00000000ebf80000, 0x0000000100000000)
  eden space 15872K, 0% used [0x00000000eab00000,0x00000000eab00000,0x00000000eba80000)
  from space 1024K, 93% used [0x00000000ebe80000,0x00000000ebf70000,0x00000000ebf80000)
  to   space 2048K, 0% used [0x00000000ebb80000,0x00000000ebb80000,0x00000000ebd80000)
 ParOldGen       total 68608K, used 43969K [0x00000000c0000000, 0x00000000c4300000, 0x00000000eab00000)
  object space 68608K, 64% used [0x00000000c0000000,0x00000000c2af0538,0x00000000c4300000)
 Metaspace       used 61202K, committed 62208K, reserved 1105920K
  class space    used 6627K, committed 7104K, reserved 1048576K
}
Event: 9.818 GC heap before
{Heap before GC invocations=34 (full 3):
 PSYoungGen      total 16896K, used 16832K [0x00000000eab00000, 0x00000000ebf80000, 0x0000000100000000)
  eden space 15872K, 100% used [0x00000000eab00000,0x00000000eba80000,0x00000000eba80000)
  from space 1024K, 93% used [0x00000000ebe80000,0x00000000ebf70000,0x00000000ebf80000)
  to   space 2048K, 0% used [0x00000000ebb80000,0x00000000ebb80000,0x00000000ebd80000)
 ParOldGen       total 68608K, used 43969K [0x00000000c0000000, 0x00000000c4300000, 0x00000000eab00000)
  object space 68608K, 64% used [0x00000000c0000000,0x00000000c2af0538,0x00000000c4300000)
 Metaspace       used 61482K, committed 62464K, reserved 1105920K
  class space    used 6643K, committed 7104K, reserved 1048576K
}
Event: 9.822 GC heap after
{Heap after GC invocations=34 (full 3):
 PSYoungGen      total 17920K, used 1952K [0x00000000eab00000, 0x00000000ebf80000, 0x0000000100000000)
  eden space 15872K, 0% used [0x00000000eab00000,0x00000000eab00000,0x00000000eba80000)
  from space 2048K, 95% used [0x00000000ebb80000,0x00000000ebd68000,0x00000000ebd80000)
  to   space 2048K, 0% used [0x00000000ebd80000,0x00000000ebd80000,0x00000000ebf80000)
 ParOldGen       total 68608K, used 44861K [0x00000000c0000000, 0x00000000c4300000, 0x00000000eab00000)
  object space 68608K, 65% used [0x00000000c0000000,0x00000000c2bcf588,0x00000000c4300000)
 Metaspace       used 61482K, committed 62464K, reserved 1105920K
  class space    used 6643K, committed 7104K, reserved 1048576K
}
Event: 10.030 GC heap before
{Heap before GC invocations=35 (full 3):
 PSYoungGen      total 17920K, used 17824K [0x00000000eab00000, 0x00000000ebf80000, 0x0000000100000000)
  eden space 15872K, 100% used [0x00000000eab00000,0x00000000eba80000,0x00000000eba80000)
  from space 2048K, 95% used [0x00000000ebb80000,0x00000000ebd68000,0x00000000ebd80000)
  to   space 2048K, 0% used [0x00000000ebd80000,0x00000000ebd80000,0x00000000ebf80000)
 ParOldGen       total 68608K, used 44861K [0x00000000c0000000, 0x00000000c4300000, 0x00000000eab00000)
  object space 68608K, 65% used [0x00000000c0000000,0x00000000c2bcf588,0x00000000c4300000)
 Metaspace       used 61799K, committed 62848K, reserved 1105920K
  class space    used 6667K, committed 7168K, reserved 1048576K
}
Event: 10.034 GC heap after
{Heap after GC invocations=35 (full 3):
 PSYoungGen      total 17920K, used 1962K [0x00000000eab00000, 0x00000000ebf80000, 0x0000000100000000)
  eden space 15872K, 0% used [0x00000000eab00000,0x00000000eab00000,0x00000000eba80000)
  from space 2048K, 95% used [0x00000000ebd80000,0x00000000ebf6aa08,0x00000000ebf80000)
  to   space 2048K, 0% used [0x00000000ebb80000,0x00000000ebb80000,0x00000000ebd80000)
 ParOldGen       total 68608K, used 47121K [0x00000000c0000000, 0x00000000c4300000, 0x00000000eab00000)
  object space 68608K, 68% used [0x00000000c0000000,0x00000000c2e04610,0x00000000c4300000)
 Metaspace       used 61799K, committed 62848K, reserved 1105920K
  class space    used 6667K, committed 7168K, reserved 1048576K
}
Event: 10.431 GC heap before
{Heap before GC invocations=36 (full 3):
 PSYoungGen      total 17920K, used 17834K [0x00000000eab00000, 0x00000000ebf80000, 0x0000000100000000)
  eden space 15872K, 100% used [0x00000000eab00000,0x00000000eba80000,0x00000000eba80000)
  from space 2048K, 95% used [0x00000000ebd80000,0x00000000ebf6aa08,0x00000000ebf80000)
  to   space 2048K, 0% used [0x00000000ebb80000,0x00000000ebb80000,0x00000000ebd80000)
 ParOldGen       total 68608K, used 47121K [0x00000000c0000000, 0x00000000c4300000, 0x00000000eab00000)
  object space 68608K, 68% used [0x00000000c0000000,0x00000000c2e04610,0x00000000c4300000)
 Metaspace       used 62578K, committed 63616K, reserved 1105920K
  class space    used 6729K, committed 7232K, reserved 1048576K
}
Event: 10.438 GC heap after
{Heap after GC invocations=36 (full 3):
 PSYoungGen      total 17920K, used 1957K [0x00000000eab00000, 0x00000000ebe80000, 0x0000000100000000)
  eden space 15872K, 0% used [0x00000000eab00000,0x00000000eab00000,0x00000000eba80000)
  from space 2048K, 95% used [0x00000000ebb80000,0x00000000ebd696d0,0x00000000ebd80000)
  to   space 1024K, 0% used [0x00000000ebd80000,0x00000000ebd80000,0x00000000ebe80000)
 ParOldGen       total 68608K, used 48992K [0x00000000c0000000, 0x00000000c4300000, 0x00000000eab00000)
  object space 68608K, 71% used [0x00000000c0000000,0x00000000c2fd81a8,0x00000000c4300000)
 Metaspace       used 62578K, committed 63616K, reserved 1105920K
  class space    used 6729K, committed 7232K, reserved 1048576K
}
Event: 10.912 GC heap before
{Heap before GC invocations=37 (full 3):
 PSYoungGen      total 17920K, used 17740K [0x00000000eab00000, 0x00000000ebe80000, 0x0000000100000000)
  eden space 15872K, 99% used [0x00000000eab00000,0x00000000eba69ab8,0x00000000eba80000)
  from space 2048K, 95% used [0x00000000ebb80000,0x00000000ebd696d0,0x00000000ebd80000)
  to   space 1024K, 0% used [0x00000000ebd80000,0x00000000ebd80000,0x00000000ebe80000)
 ParOldGen       total 68608K, used 48992K [0x00000000c0000000, 0x00000000c4300000, 0x00000000eab00000)
  object space 68608K, 71% used [0x00000000c0000000,0x00000000c2fd81a8,0x00000000c4300000)
 Metaspace       used 63626K, committed 64576K, reserved 1114112K
  class space    used 6828K, committed 7296K, reserved 1048576K
}
Event: 10.918 GC heap after
{Heap after GC invocations=37 (full 3):
 PSYoungGen      total 15360K, used 1021K [0x00000000eab00000, 0x00000000ec380000, 0x0000000100000000)
  eden space 14336K, 0% used [0x00000000eab00000,0x00000000eab00000,0x00000000eb900000)
  from space 1024K, 99% used [0x00000000ebd80000,0x00000000ebe7f6b8,0x00000000ebe80000)
  to   space 4608K, 0% used [0x00000000eb900000,0x00000000eb900000,0x00000000ebd80000)
 ParOldGen       total 68608K, used 51765K [0x00000000c0000000, 0x00000000c4300000, 0x00000000eab00000)
  object space 68608K, 75% used [0x00000000c0000000,0x00000000c328d568,0x00000000c4300000)
 Metaspace       used 63626K, committed 64576K, reserved 1114112K
  class space    used 6828K, committed 7296K, reserved 1048576K
}
Event: 11.143 GC heap before
{Heap before GC invocations=38 (full 3):
 PSYoungGen      total 15360K, used 15357K [0x00000000eab00000, 0x00000000ec380000, 0x0000000100000000)
  eden space 14336K, 100% used [0x00000000eab00000,0x00000000eb900000,0x00000000eb900000)
  from space 1024K, 99% used [0x00000000ebd80000,0x00000000ebe7f6b8,0x00000000ebe80000)
  to   space 4608K, 0% used [0x00000000eb900000,0x00000000eb900000,0x00000000ebd80000)
 ParOldGen       total 68608K, used 51765K [0x00000000c0000000, 0x00000000c4300000, 0x00000000eab00000)
  object space 68608K, 75% used [0x00000000c0000000,0x00000000c328d568,0x00000000c4300000)
 Metaspace       used 64428K, committed 65408K, reserved 1114112K
  class space    used 6894K, committed 7360K, reserved 1048576K
}
Event: 11.146 GC heap after
{Heap after GC invocations=38 (full 3):
 PSYoungGen      total 16896K, used 2359K [0x00000000eab00000, 0x00000000ebf00000, 0x0000000100000000)
  eden space 14336K, 0% used [0x00000000eab00000,0x00000000eab00000,0x00000000eb900000)
  from space 2560K, 92% used [0x00000000eb900000,0x00000000ebb4de08,0x00000000ebb80000)
  to   space 3072K, 0% used [0x00000000ebc00000,0x00000000ebc00000,0x00000000ebf00000)
 ParOldGen       total 68608K, used 52797K [0x00000000c0000000, 0x00000000c4300000, 0x00000000eab00000)
  object space 68608K, 76% used [0x00000000c0000000,0x00000000c338f400,0x00000000c4300000)
 Metaspace       used 64428K, committed 65408K, reserved 1114112K
  class space    used 6894K, committed 7360K, reserved 1048576K
}
Event: 11.296 GC heap before
{Heap before GC invocations=39 (full 3):
 PSYoungGen      total 16896K, used 16695K [0x00000000eab00000, 0x00000000ebf00000, 0x0000000100000000)
  eden space 14336K, 100% used [0x00000000eab00000,0x00000000eb900000,0x00000000eb900000)
  from space 2560K, 92% used [0x00000000eb900000,0x00000000ebb4de08,0x00000000ebb80000)
  to   space 3072K, 0% used [0x00000000ebc00000,0x00000000ebc00000,0x00000000ebf00000)
 ParOldGen       total 68608K, used 52797K [0x00000000c0000000, 0x00000000c4300000, 0x00000000eab00000)
  object space 68608K, 76% used [0x00000000c0000000,0x00000000c338f400,0x00000000c4300000)
 Metaspace       used 64542K, committed 65536K, reserved 1114112K
  class space    used 6897K, committed 7360K, reserved 1048576K
}
Event: 11.302 GC heap after
{Heap after GC invocations=39 (full 3):
 PSYoungGen      total 15872K, used 1504K [0x00000000eab00000, 0x00000000ebd80000, 0x0000000100000000)
  eden space 14336K, 0% used [0x00000000eab00000,0x00000000eab00000,0x00000000eb900000)
  from space 1536K, 97% used [0x00000000ebc00000,0x00000000ebd78000,0x00000000ebd80000)
  to   space 2048K, 0% used [0x00000000eb980000,0x00000000eb980000,0x00000000ebb80000)
 ParOldGen       total 68608K, used 55001K [0x00000000c0000000, 0x00000000c4300000, 0x00000000eab00000)
  object space 68608K, 80% used [0x00000000c0000000,0x00000000c35b6570,0x00000000c4300000)
 Metaspace       used 64542K, committed 65536K, reserved 1114112K
  class space    used 6897K, committed 7360K, reserved 1048576K
}
Event: 11.449 GC heap before
{Heap before GC invocations=40 (full 3):
 PSYoungGen      total 15872K, used 15840K [0x00000000eab00000, 0x00000000ebd80000, 0x0000000100000000)
  eden space 14336K, 100% used [0x00000000eab00000,0x00000000eb900000,0x00000000eb900000)
  from space 1536K, 97% used [0x00000000ebc00000,0x00000000ebd78000,0x00000000ebd80000)
  to   space 2048K, 0% used [0x00000000eb980000,0x00000000eb980000,0x00000000ebb80000)
 ParOldGen       total 68608K, used 55001K [0x00000000c0000000, 0x00000000c4300000, 0x00000000eab00000)
  object space 68608K, 80% used [0x00000000c0000000,0x00000000c35b6570,0x00000000c4300000)
 Metaspace       used 64750K, committed 65728K, reserved 1114112K
  class space    used 6907K, committed 7360K, reserved 1048576K
}
Event: 11.452 GC heap after
{Heap after GC invocations=40 (full 3):
 PSYoungGen      total 15872K, used 1280K [0x00000000eab00000, 0x00000000ebc80000, 0x0000000100000000)
  eden space 14336K, 0% used [0x00000000eab00000,0x00000000eab00000,0x00000000eb900000)
  from space 1536K, 83% used [0x00000000eb980000,0x00000000ebac0000,0x00000000ebb00000)
  to   space 1536K, 0% used [0x00000000ebb00000,0x00000000ebb00000,0x00000000ebc80000)
 ParOldGen       total 68608K, used 56241K [0x00000000c0000000, 0x00000000c4300000, 0x00000000eab00000)
  object space 68608K, 81% used [0x00000000c0000000,0x00000000c36ec5a0,0x00000000c4300000)
 Metaspace       used 64750K, committed 65728K, reserved 1114112K
  class space    used 6907K, committed 7360K, reserved 1048576K
}
Event: 11.617 GC heap before
{Heap before GC invocations=41 (full 3):
 PSYoungGen      total 15872K, used 15616K [0x00000000eab00000, 0x00000000ebc80000, 0x0000000100000000)
  eden space 14336K, 100% used [0x00000000eab00000,0x00000000eb900000,0x00000000eb900000)
  from space 1536K, 83% used [0x00000000eb980000,0x00000000ebac0000,0x00000000ebb00000)
  to   space 1536K, 0% used [0x00000000ebb00000,0x00000000ebb00000,0x00000000ebc80000)
 ParOldGen       total 68608K, used 56241K [0x00000000c0000000, 0x00000000c4300000, 0x00000000eab00000)
  object space 68608K, 81% used [0x00000000c0000000,0x00000000c36ec5a0,0x00000000c4300000)
 Metaspace       used 64920K, committed 65920K, reserved 1114112K
  class space    used 6919K, committed 7424K, reserved 1048576K
}
Event: 11.621 GC heap after
{Heap after GC invocations=41 (full 3):
 PSYoungGen      total 15872K, used 1472K [0x00000000eab00000, 0x00000000ebc80000, 0x0000000100000000)
  eden space 14336K, 0% used [0x00000000eab00000,0x00000000eab00000,0x00000000eb900000)
  from space 1536K, 95% used [0x00000000ebb00000,0x00000000ebc70000,0x00000000ebc80000)
  to   space 1536K, 0% used [0x00000000eb980000,0x00000000eb980000,0x00000000ebb00000)
 ParOldGen       total 68608K, used 57301K [0x00000000c0000000, 0x00000000c4300000, 0x00000000eab00000)
  object space 68608K, 83% used [0x00000000c0000000,0x00000000c37f5738,0x00000000c4300000)
 Metaspace       used 64920K, committed 65920K, reserved 1114112K
  class space    used 6919K, committed 7424K, reserved 1048576K
}
Event: 11.749 GC heap before
{Heap before GC invocations=42 (full 3):
 PSYoungGen      total 15872K, used 15808K [0x00000000eab00000, 0x00000000ebc80000, 0x0000000100000000)
  eden space 14336K, 100% used [0x00000000eab00000,0x00000000eb900000,0x00000000eb900000)
  from space 1536K, 95% used [0x00000000ebb00000,0x00000000ebc70000,0x00000000ebc80000)
  to   space 1536K, 0% used [0x00000000eb980000,0x00000000eb980000,0x00000000ebb00000)
 ParOldGen       total 68608K, used 57301K [0x00000000c0000000, 0x00000000c4300000, 0x00000000eab00000)
  object space 68608K, 83% used [0x00000000c0000000,0x00000000c37f5738,0x00000000c4300000)
 Metaspace       used 65012K, committed 65984K, reserved 1114112K
  class space    used 6922K, committed 7424K, reserved 1048576K
}
Event: 11.751 GC heap after
{Heap after GC invocations=42 (full 3):
 PSYoungGen      total 15360K, used 976K [0x00000000eab00000, 0x00000000ebc00000, 0x0000000100000000)
  eden space 14336K, 0% used [0x00000000eab00000,0x00000000eab00000,0x00000000eb900000)
  from space 1024K, 95% used [0x00000000eb980000,0x00000000eba74010,0x00000000eba80000)
  to   space 1536K, 0% used [0x00000000eba80000,0x00000000eba80000,0x00000000ebc00000)
 ParOldGen       total 68608K, used 58613K [0x00000000c0000000, 0x00000000c4300000, 0x00000000eab00000)
  object space 68608K, 85% used [0x00000000c0000000,0x00000000c393d748,0x00000000c4300000)
 Metaspace       used 65012K, committed 65984K, reserved 1114112K
  class space    used 6922K, committed 7424K, reserved 1048576K
}

Deoptimization events (20 events):
Event: 11.270 Thread 0x0000017a5eb96540 Uncommon trap: trap_request=0xffffff45 fr.pc=0x0000017a52009224 relative=0x0000000000000d64
Event: 11.270 Thread 0x0000017a5eb96540 Uncommon trap: reason=unstable_if action=reinterpret pc=0x0000017a52009224 method=org.codehaus.plexus.util.xml.pull.MXParser.nextImpl()I @ 972 c2
Event: 11.270 Thread 0x0000017a5eb96540 DEOPT PACKING pc=0x0000017a52009224 sp=0x0000005e9fafcc50
Event: 11.270 Thread 0x0000017a5eb96540 DEOPT UNPACKING pc=0x0000017a4a1720a3 sp=0x0000005e9fafcbb0 mode 2
Event: 11.460 Thread 0x0000017a5eb96540 Uncommon trap: trap_request=0xffffff45 fr.pc=0x0000017a51c195bc relative=0x00000000000003fc
Event: 11.460 Thread 0x0000017a5eb96540 Uncommon trap: reason=unstable_if action=reinterpret pc=0x0000017a51c195bc method=java.lang.Integer.parseInt(Ljava/lang/String;I)I @ 1 c2
Event: 11.461 Thread 0x0000017a5eb96540 DEOPT PACKING pc=0x0000017a51c195bc sp=0x0000005e9fafd320
Event: 11.461 Thread 0x0000017a5eb96540 DEOPT UNPACKING pc=0x0000017a4a1720a3 sp=0x0000005e9fafd290 mode 2
Event: 11.472 Thread 0x0000017a5eb96540 Uncommon trap: trap_request=0xffffff45 fr.pc=0x0000017a51ce15ac relative=0x000000000000010c
Event: 11.472 Thread 0x0000017a5eb96540 Uncommon trap: reason=unstable_if action=reinterpret pc=0x0000017a51ce15ac method=java.util.Arrays.hashCode([Ljava/lang/Object;)I @ 34 c2
Event: 11.472 Thread 0x0000017a5eb96540 DEOPT PACKING pc=0x0000017a51ce15ac sp=0x0000005e9fafcff0
Event: 11.472 Thread 0x0000017a5eb96540 DEOPT UNPACKING pc=0x0000017a4a1720a3 sp=0x0000005e9fafcf70 mode 2
Event: 11.478 Thread 0x0000017a5eb99a30 DEOPT PACKING pc=0x0000017a4a97e470 sp=0x0000005e9f7fe330
Event: 11.478 Thread 0x0000017a5eb99a30 DEOPT UNPACKING pc=0x0000017a4a172843 sp=0x0000005e9f7fd7a8 mode 0
Event: 11.501 Thread 0x0000017a5eb96540 DEOPT PACKING pc=0x0000017a4b5cc43e sp=0x0000005e9fafb910
Event: 11.501 Thread 0x0000017a5eb96540 DEOPT UNPACKING pc=0x0000017a4a172843 sp=0x0000005e9fafae10 mode 0
Event: 11.695 Thread 0x0000017a5eb96540 DEOPT PACKING pc=0x0000017a4b295ae4 sp=0x0000005e9fafc0b0
Event: 11.695 Thread 0x0000017a5eb96540 DEOPT UNPACKING pc=0x0000017a4a172843 sp=0x0000005e9fafb608 mode 0
Event: 11.700 Thread 0x0000017a5eb96540 DEOPT PACKING pc=0x0000017a4ad761a1 sp=0x0000005e9fafc450
Event: 11.700 Thread 0x0000017a5eb96540 DEOPT UNPACKING pc=0x0000017a4a172843 sp=0x0000005e9fafb908 mode 0

Classes unloaded (0 events):
No events

Classes redefined (0 events):
No events

Internal exceptions (20 events):
Event: 11.662 Thread 0x0000017a5eb99a30 Implicit null exception at 0x0000017a4b30cdd1 to 0x0000017a4b30cf25
Event: 11.662 Thread 0x0000017a5eb99a30 Exception <a 'java/lang/NullPointerException'{0x00000000eb04ce88}> (0x00000000eb04ce88) 
thrown [e:\jenkins\tmp\workspace\build\src\src\hotspot\share\runtime\sharedRuntime.cpp, line 628]
Event: 11.663 Thread 0x0000017a5eb99a30 Implicit null exception at 0x0000017a4b30cdd1 to 0x0000017a4b30cf25
Event: 11.663 Thread 0x0000017a5eb99a30 Exception <a 'java/lang/NullPointerException'{0x00000000eb04d4c8}> (0x00000000eb04d4c8) 
thrown [e:\jenkins\tmp\workspace\build\src\src\hotspot\share\runtime\sharedRuntime.cpp, line 628]
Event: 11.663 Thread 0x0000017a5eb99a30 Implicit null exception at 0x0000017a4b30cdd1 to 0x0000017a4b30cf25
Event: 11.663 Thread 0x0000017a5eb99a30 Exception <a 'java/lang/NullPointerException'{0x00000000eb04ebb0}> (0x00000000eb04ebb0) 
thrown [e:\jenkins\tmp\workspace\build\src\src\hotspot\share\runtime\sharedRuntime.cpp, line 628]
Event: 11.663 Thread 0x0000017a5eb99a30 Implicit null exception at 0x0000017a4b30cdd1 to 0x0000017a4b30cf25
Event: 11.663 Thread 0x0000017a5eb99a30 Exception <a 'java/lang/NullPointerException'{0x00000000eb04f5a0}> (0x00000000eb04f5a0) 
thrown [e:\jenkins\tmp\workspace\build\src\src\hotspot\share\runtime\sharedRuntime.cpp, line 628]
Event: 11.663 Thread 0x0000017a5eb99a30 Implicit null exception at 0x0000017a4b30cdd1 to 0x0000017a4b30cf25
Event: 11.663 Thread 0x0000017a5eb99a30 Exception <a 'java/lang/NullPointerException'{0x00000000eb04fa48}> (0x00000000eb04fa48) 
thrown [e:\jenkins\tmp\workspace\build\src\src\hotspot\share\runtime\sharedRuntime.cpp, line 628]
Event: 11.663 Thread 0x0000017a5eb99a30 Implicit null exception at 0x0000017a4b30cdd1 to 0x0000017a4b30cf25
Event: 11.663 Thread 0x0000017a5eb99a30 Exception <a 'java/lang/NullPointerException'{0x00000000eb04feb8}> (0x00000000eb04feb8) 
thrown [e:\jenkins\tmp\workspace\build\src\src\hotspot\share\runtime\sharedRuntime.cpp, line 628]
Event: 11.663 Thread 0x0000017a5eb99a30 Implicit null exception at 0x0000017a4b30cdd1 to 0x0000017a4b30cf25
Event: 11.663 Thread 0x0000017a5eb99a30 Exception <a 'java/lang/NullPointerException'{0x00000000eb051068}> (0x00000000eb051068) 
thrown [e:\jenkins\tmp\workspace\build\src\src\hotspot\share\runtime\sharedRuntime.cpp, line 628]
Event: 11.664 Thread 0x0000017a5eb99a30 Implicit null exception at 0x0000017a4b30cdd1 to 0x0000017a4b30cf25
Event: 11.664 Thread 0x0000017a5eb99a30 Exception <a 'java/lang/NullPointerException'{0x00000000eb052218}> (0x00000000eb052218) 
thrown [e:\jenkins\tmp\workspace\build\src\src\hotspot\share\runtime\sharedRuntime.cpp, line 628]
Event: 11.672 Thread 0x0000017a5eb99a30 Implicit null exception at 0x0000017a4b30cdd1 to 0x0000017a4b30cf25
Event: 11.672 Thread 0x0000017a5eb99a30 Exception <a 'java/lang/NullPointerException'{0x00000000eb16e288}> (0x00000000eb16e288) 
thrown [e:\jenkins\tmp\workspace\build\src\src\hotspot\share\runtime\sharedRuntime.cpp, line 628]
Event: 11.673 Thread 0x0000017a5eb99a30 Implicit null exception at 0x0000017a4b30cdd1 to 0x0000017a4b30cf25
Event: 11.673 Thread 0x0000017a5eb99a30 Exception <a 'java/lang/NullPointerException'{0x00000000eb1b8450}> (0x00000000eb1b8450) 
thrown [e:\jenkins\tmp\workspace\build\src\src\hotspot\share\runtime\sharedRuntime.cpp, line 628]

VM Operations (20 events):
Event: 10.717 Executing VM operation: HandshakeAllThreads
Event: 10.733 Executing VM operation: HandshakeAllThreads done
Event: 10.848 Executing VM operation: HandshakeAllThreads
Event: 10.857 Executing VM operation: HandshakeAllThreads done
Event: 10.859 Executing VM operation: ICBufferFull
Event: 10.863 Executing VM operation: ICBufferFull done
Event: 10.912 Executing VM operation: ParallelGCFailedAllocation
Event: 10.918 Executing VM operation: ParallelGCFailedAllocation done
Event: 11.143 Executing VM operation: ParallelGCFailedAllocation
Event: 11.146 Executing VM operation: ParallelGCFailedAllocation done
Event: 11.158 Executing VM operation: HandshakeAllThreads
Event: 11.158 Executing VM operation: HandshakeAllThreads done
Event: 11.296 Executing VM operation: ParallelGCFailedAllocation
Event: 11.303 Executing VM operation: ParallelGCFailedAllocation done
Event: 11.449 Executing VM operation: ParallelGCFailedAllocation
Event: 11.452 Executing VM operation: ParallelGCFailedAllocation done
Event: 11.617 Executing VM operation: ParallelGCFailedAllocation
Event: 11.621 Executing VM operation: ParallelGCFailedAllocation done
Event: 11.749 Executing VM operation: ParallelGCFailedAllocation
Event: 11.752 Executing VM operation: ParallelGCFailedAllocation done

Events (20 events):
Event: 10.620 Thread 0x0000017a5f3f6a20 Thread exited: 0x0000017a5f3f6a20
Event: 10.842 loading class java/util/regex/Pattern$Pos
Event: 10.842 loading class java/util/regex/Pattern$Pos done
Event: 11.117 loading class java/util/concurrent/ForkJoinTask$AdaptedCallable
Event: 11.118 loading class java/util/concurrent/ForkJoinTask$AdaptedCallable done
Event: 11.118 loading class java/util/concurrent/ForkJoinTask$Aux
Event: 11.118 loading class java/util/concurrent/ForkJoinTask$Aux done
Event: 11.118 loading class java/util/concurrent/ForkJoinWorkerThread
Event: 11.119 loading class java/util/concurrent/ForkJoinWorkerThread done
Event: 11.119 loading class java/util/concurrent/ThreadLocalRandom
Event: 11.119 loading class java/util/concurrent/ThreadLocalRandom done
Event: 11.119 loading class jdk/internal/util/random/RandomSupport
Event: 11.120 loading class jdk/internal/util/random/RandomSupport done
Event: 11.120 loading class java/util/concurrent/ForkJoinPool$DefaultCommonPoolForkJoinWorkerThreadFactory$1
Event: 11.120 loading class java/util/concurrent/ForkJoinPool$DefaultCommonPoolForkJoinWorkerThreadFactory$1 done
Event: 11.124 Thread 0x0000017a5f3f9a40 Thread added: 0x0000017a5f3f9a40
Event: 11.124 loading class java/util/concurrent/CountedCompleter
Event: 11.128 loading class java/util/concurrent/CountedCompleter done
Event: 11.677 loading class sun/nio/cs/ISO_8859_1$Decoder
Event: 11.677 loading class sun/nio/cs/ISO_8859_1$Decoder done


Dynamic libraries:
0x00007ff65e1d0000 - 0x00007ff65e1de000 	c:\Users\jtalg\.vscode\extensions\redhat.java-1.3.0\jre\17.0.1-win32-x86_64\bin\java.exe
0x00007ff807760000 - 0x00007ff807969000 	C:\WINDOWS\SYSTEM32\ntdll.dll
0x00007ff806d70000 - 0x00007ff806e2d000 	C:\WINDOWS\System32\KERNEL32.DLL
0x00007ff804f80000 - 0x00007ff8052f4000 	C:\WINDOWS\System32\KERNELBASE.dll
0x00007ff805300000 - 0x00007ff805411000 	C:\WINDOWS\System32\ucrtbase.dll
0x00007fffe8ac0000 - 0x00007fffe8ad9000 	c:\Users\jtalg\.vscode\extensions\redhat.java-1.3.0\jre\17.0.1-win32-x86_64\bin\VCRUNTIME140.dll
0x00007fffeaa80000 - 0x00007fffeaa98000 	c:\Users\jtalg\.vscode\extensions\redhat.java-1.3.0\jre\17.0.1-win32-x86_64\bin\jli.dll
0x00007ff807200000 - 0x00007ff8073ac000 	C:\WINDOWS\System32\USER32.dll
0x00007ff805510000 - 0x00007ff805536000 	C:\WINDOWS\System32\win32u.dll
0x00007ffff1bb0000 - 0x00007ffff1e55000 	C:\WINDOWS\WinSxS\amd64_microsoft.windows.common-controls_6595b64144ccf1df_6.0.22000.120_none_9d947278b86cc467\COMCTL32.dll
0x00007ff8057a0000 - 0x00007ff805843000 	C:\WINDOWS\System32\msvcrt.dll
0x00007ff807620000 - 0x00007ff807649000 	C:\WINDOWS\System32\GDI32.dll
0x00007ff804dc0000 - 0x00007ff804ed2000 	C:\WINDOWS\System32\gdi32full.dll
0x00007ff804ee0000 - 0x00007ff804f7d000 	C:\WINDOWS\System32\msvcp_win.dll
0x00007ff8073b0000 - 0x00007ff8073e1000 	C:\WINDOWS\System32\IMM32.DLL
0x00007ff802130000 - 0x00007ff80213c000 	c:\Users\jtalg\.vscode\extensions\redhat.java-1.3.0\jre\17.0.1-win32-x86_64\bin\vcruntime140_1.dll
0x00007fffc78f0000 - 0x00007fffc7981000 	c:\Users\jtalg\.vscode\extensions\redhat.java-1.3.0\jre\17.0.1-win32-x86_64\bin\msvcp140.dll
0x00007fffc6ca0000 - 0x00007fffc78e6000 	c:\Users\jtalg\.vscode\extensions\redhat.java-1.3.0\jre\17.0.1-win32-x86_64\bin\server\jvm.dll
0x00007ff8070f0000 - 0x00007ff80719e000 	C:\WINDOWS\System32\ADVAPI32.dll
0x00007ff805a60000 - 0x00007ff805afe000 	C:\WINDOWS\System32\sechost.dll
0x00007ff805680000 - 0x00007ff8057a0000 	C:\WINDOWS\System32\RPCRT4.dll
0x00007ff8070e0000 - 0x00007ff8070e8000 	C:\WINDOWS\System32\PSAPI.DLL
0x00007fffe9c30000 - 0x00007fffe9c39000 	C:\WINDOWS\SYSTEM32\WSOCK32.dll
0x00007ff8073f0000 - 0x00007ff80745f000 	C:\WINDOWS\System32\WS2_32.dll
0x00007ffffda10000 - 0x00007ffffda43000 	C:\WINDOWS\SYSTEM32\WINMM.dll
0x00007ffffd680000 - 0x00007ffffd68a000 	C:\WINDOWS\SYSTEM32\VERSION.dll
0x00007ff803e40000 - 0x00007ff803e58000 	C:\WINDOWS\SYSTEM32\kernel.appcore.dll
0x00007ff8011b0000 - 0x00007ff8011ba000 	c:\Users\jtalg\.vscode\extensions\redhat.java-1.3.0\jre\17.0.1-win32-x86_64\bin\jimage.dll
0x00007fffed380000 - 0x00007fffed5a1000 	C:\WINDOWS\SYSTEM32\DBGHELP.DLL
0x00007fffea0c0000 - 0x00007fffea0f1000 	C:\WINDOWS\SYSTEM32\dbgcore.DLL
0x00007ff805490000 - 0x00007ff80550f000 	C:\WINDOWS\System32\bcryptPrimitives.dll
0x00007ff801170000 - 0x00007ff80117e000 	c:\Users\jtalg\.vscode\extensions\redhat.java-1.3.0\jre\17.0.1-win32-x86_64\bin\instrument.dll
0x00007fffe19d0000 - 0x00007fffe19f5000 	c:\Users\jtalg\.vscode\extensions\redhat.java-1.3.0\jre\17.0.1-win32-x86_64\bin\java.dll
0x00007fffe19b0000 - 0x00007fffe19c8000 	c:\Users\jtalg\.vscode\extensions\redhat.java-1.3.0\jre\17.0.1-win32-x86_64\bin\zip.dll
0x00007ff805be0000 - 0x00007ff80638e000 	C:\WINDOWS\System32\SHELL32.dll
0x00007ff802dc0000 - 0x00007ff803627000 	C:\WINDOWS\SYSTEM32\windows.storage.dll
0x00007ff8064a0000 - 0x00007ff806818000 	C:\WINDOWS\System32\combase.dll
0x00007ff802c50000 - 0x00007ff802db6000 	C:\WINDOWS\SYSTEM32\wintypes.dll
0x00007ff806e30000 - 0x00007ff806f1a000 	C:\WINDOWS\System32\SHCORE.dll
0x00007ff805b80000 - 0x00007ff805bdd000 	C:\WINDOWS\System32\shlwapi.dll
0x00007ff804b80000 - 0x00007ff804ba1000 	C:\WINDOWS\SYSTEM32\profapi.dll
0x00007fffe14f0000 - 0x00007fffe1509000 	C:\Users\jtalg\.vscode\extensions\redhat.java-1.3.0\jre\17.0.1-win32-x86_64\bin\net.dll
0x00007ffffe8c0000 - 0x00007ffffe9cc000 	C:\WINDOWS\SYSTEM32\WINHTTP.dll
0x00007ff804270000 - 0x00007ff8042d7000 	C:\WINDOWS\system32\mswsock.dll
0x00007fffd8df0000 - 0x00007fffd8e05000 	C:\Users\jtalg\.vscode\extensions\redhat.java-1.3.0\jre\17.0.1-win32-x86_64\bin\nio.dll
0x00007ff800130000 - 0x00007ff800140000 	c:\Users\jtalg\.vscode\extensions\redhat.java-1.3.0\jre\17.0.1-win32-x86_64\bin\verify.dll
0x00007ff8044c0000 - 0x00007ff8044d8000 	C:\WINDOWS\SYSTEM32\CRYPTSP.dll
0x00007ff803da0000 - 0x00007ff803dd5000 	C:\WINDOWS\system32\rsaenh.dll
0x00007ff804360000 - 0x00007ff804389000 	C:\WINDOWS\SYSTEM32\USERENV.dll
0x00007ff804630000 - 0x00007ff804657000 	C:\WINDOWS\SYSTEM32\bcrypt.dll
0x00007ff8044b0000 - 0x00007ff8044bc000 	C:\WINDOWS\SYSTEM32\CRYPTBASE.dll
0x00007ff803920000 - 0x00007ff80394d000 	C:\WINDOWS\SYSTEM32\IPHLPAPI.DLL
0x00007ff8070d0000 - 0x00007ff8070d9000 	C:\WINDOWS\System32\NSI.dll
0x00007ffffea20000 - 0x00007ffffea39000 	C:\WINDOWS\SYSTEM32\dhcpcsvc6.DLL
0x00007fffff3d0000 - 0x00007fffff3ee000 	C:\WINDOWS\SYSTEM32\dhcpcsvc.DLL
0x00007ff8039a0000 - 0x00007ff803a87000 	C:\WINDOWS\SYSTEM32\DNSAPI.dll
0x00007fffcbc00000 - 0x00007fffcbc3e000 	C:\Users\jtalg\AppData\Roaming\Code\User\globalStorage\redhat.java\1.3.0\config_win\org.eclipse.equinox.launcher\org.eclipse.equinox.launcher.win32.win32.x86_64_1.2.400.v20211117-0650\eclipse_11602.dll
0x00007ff806f20000 - 0x00007ff8070ba000 	C:\WINDOWS\System32\ole32.dll
0x00007fffd7430000 - 0x00007fffd7441000 	C:\Users\jtalg\AppData\Roaming\Code\User\globalStorage\redhat.java\1.3.0\config_win\org.eclipse.osgi\22\0\.cp\jWinHttp-1.0.0.dll
0x00007fffff4a0000 - 0x00007fffff4a9000 	C:\Users\jtalg\.vscode\extensions\redhat.java-1.3.0\jre\17.0.1-win32-x86_64\bin\management.dll
0x00007ffff5400000 - 0x00007ffff540b000 	C:\Users\jtalg\.vscode\extensions\redhat.java-1.3.0\jre\17.0.1-win32-x86_64\bin\management_ext.dll

dbghelp: loaded successfully - version: 4.0.5 - missing functions: none
symbol engine: initialized successfully - sym options: 0x614 - pdb path: .;c:\Users\jtalg\.vscode\extensions\redhat.java-1.3.0\jre\17.0.1-win32-x86_64\bin;C:\WINDOWS\SYSTEM32;C:\WINDOWS\WinSxS\amd64_microsoft.windows.common-controls_6595b64144ccf1df_6.0.22000.120_none_9d947278b86cc467;c:\Users\jtalg\.vscode\extensions\redhat.java-1.3.0\jre\17.0.1-win32-x86_64\bin\server;C:\Users\jtalg\AppData\Roaming\Code\User\globalStorage\redhat.java\1.3.0\config_win\org.eclipse.equinox.launcher\org.eclipse.equinox.launcher.win32.win32.x86_64_1.2.400.v20211117-0650;C:\Users\jtalg\AppData\Roaming\Code\User\globalStorage\redhat.java\1.3.0\config_win\org.eclipse.osgi\22\0\.cp

VM Arguments:
jvm_args: --add-modules=ALL-SYSTEM --add-opens=java.base/java.util=ALL-UNNAMED --add-opens=java.base/java.lang=ALL-UNNAMED --add-opens=java.base/sun.nio.fs=ALL-UNNAMED -Declipse.application=org.eclipse.jdt.ls.core.id1 -Dosgi.bundles.defaultStartLevel=4 -Declipse.product=org.eclipse.jdt.ls.core.product -Djava.import.generatesMetadataFilesAtProjectRoot=false -Dfile.encoding=utf8 -DwatchParentProcess=false -XX:+UseParallelGC -XX:GCTimeRatio=4 -XX:AdaptiveSizePolicyWeight=90 -Dsun.zip.disableMemoryMapping=true -Xmx1G -Xms100m -javaagent:c:\Users\jtalg\.vscode\extensions\gabrielbb.vscode-lombok-1.0.1\server\lombok.jar -XX:+HeapDumpOnOutOfMemoryError -XX:HeapDumpPath=c:\Users\jtalg\AppData\Roaming\Code\User\workspaceStorage\23ab0888d26938d64720ae656aa4ab37\redhat.java 
java_command: c:\Users\jtalg\.vscode\extensions\redhat.java-1.3.0\server\plugins\org.eclipse.equinox.launcher_1.6.400.v20210924-0641.jar -configuration c:\Users\jtalg\AppData\Roaming\Code\User\globalStorage\redhat.java\1.3.0\config_win -data c:\Users\jtalg\AppData\Roaming\Code\User\workspaceStorage\23ab0888d26938d64720ae656aa4ab37\redhat.java\jdt_ws
java_class_path (initial): c:\Users\jtalg\.vscode\extensions\redhat.java-1.3.0\server\plugins\org.eclipse.equinox.launcher_1.6.400.v20210924-0641.jar
Launcher Type: SUN_STANDARD

[Global flags]
    uintx AdaptiveSizePolicyWeight                 = 90                                        {product} {command line}
     intx CICompilerCount                          = 3                                         {product} {ergonomic}
    uintx GCTimeRatio                              = 4                                         {product} {command line}
     bool HeapDumpOnOutOfMemoryError               = true                                   {manageable} {command line}
    ccstr HeapDumpPath                             = c:\Users\jtalg\AppData\Roaming\Code\User\workspaceStorage\23ab0888d26938d64720ae656aa4ab37\redhat.java         {manageable} {command line}
   size_t InitialHeapSize                          = 104857600                                 {product} {command line}
   size_t MaxHeapSize                              = 1073741824                                {product} {command line}
   size_t MaxNewSize                               = 357564416                                 {product} {ergonomic}
   size_t MinHeapDeltaBytes                        = 524288                                    {product} {ergonomic}
   size_t MinHeapSize                              = 104857600                                 {product} {command line}
   size_t NewSize                                  = 34603008                                  {product} {ergonomic}
    uintx NonNMethodCodeHeapSize                   = 5832780                                {pd product} {ergonomic}
    uintx NonProfiledCodeHeapSize                  = 122912730                              {pd product} {ergonomic}
   size_t OldSize                                  = 70254592                                  {product} {ergonomic}
    uintx ProfiledCodeHeapSize                     = 122912730                              {pd product} {ergonomic}
    uintx ReservedCodeCacheSize                    = 251658240                              {pd product} {ergonomic}
     bool SegmentedCodeCache                       = true                                      {product} {ergonomic}
   size_t SoftMaxHeapSize                          = 1073741824                             {manageable} {ergonomic}
     bool UseCompressedClassPointers               = true                           {product lp64_product} {ergonomic}
     bool UseCompressedOops                        = true                           {product lp64_product} {ergonomic}
     bool UseLargePagesIndividualAllocation        = false                                  {pd product} {ergonomic}
     bool UseParallelGC                            = true                                      {product} {command line}

Logging:
Log output configuration:
 #0: stdout all=warning uptime,level,tags
 #1: stderr all=off uptime,level,tags

Environment Variables:
JAVA_HOME=C:\Program Files\RedHat\java-11-openjdk-11.0.13-1
PATH=D:\Virtual Machine\VMware\bin\;C:\Program Files (x86)\Common Files\Oracle\Java\javapath;C:\WINDOWS\system32;C:\WINDOWS;C:\WINDOWS\System32\Wbem;C:\WINDOWS\System32\WindowsPowerShell\v1.0\;C:\WINDOWS\System32\OpenSSH\;C:\Program Files\NVIDIA Corporation\NVIDIA NvDLISR;D:\Dev\Git\cmd;D:\Dev\NodeJS\;C:\Program Files (x86)\NVIDIA Corporation\PhysX\Common;C:\Program Files\Microsoft SQL Server\130\Tools\Binn\;C:\WINDOWS\system32;C:\WINDOWS;C:\WINDOWS\System32\Wbem;C:\WINDOWS\System32\WindowsPowerShell\v1.0\;C:\WINDOWS\System32\OpenSSH\;C:\Program Files\RedHat\java-11-openjdk-11.0.13-1\bin;C:\Program Files\RedHat\java-11-openjdk-11.0.13-1\bin;C:\Users\jtalg\apache-maven-3.8.4-bin\apache-maven-3.8.4\bin;C:\Gradle\gradle-7.3.3\bin;C:\Users\jtalg\AppData\Local\Microsoft\WindowsApps;D:\Dev\Microsoft VS Code\bin;D:\Dev\heroku\bin;C:\Users\jtalg\AppData\Roaming\npm;C:\Program Files\JetBrains\IntelliJ IDEA 2020.3.3\bin;;
USERNAME=jtalg
OS=Windows_NT
PROCESSOR_IDENTIFIER=Intel64 Family 6 Model 142 Stepping 11, GenuineIntel



---------------  S Y S T E M  ---------------

OS:
 Windows 10 , 64 bit Build 22000 (10.0.22000.434)
OS uptime: 4 days 1:38 hours

CPU: total 4 (initial active 4) (2 cores per cpu, 2 threads per core) family 6 model 142 stepping 11 microcode 0xde, cx8, cmov, fxsr, ht, mmx, 3dnowpref, sse, sse2, sse3, ssse3, sse4.1, sse4.2, popcnt, lzcnt, tsc, tscinvbit, avx, avx2, aes, erms, clmul, bmi1, bmi2, adx, fma, vzeroupper, clflush, clflushopt

Memory: 4k page, system-wide physical 8040M (614M free)
TotalPageFile size 12136M (AvailPageFile size 6M)
current process WorkingSet (physical memory assigned to process): 282M, peak: 286M
current process commit charge ("private bytes"): 321M, peak: 325M

vm_info: OpenJDK 64-Bit Server VM (17.0.1+12) for windows-amd64 JRE (17.0.1+12), built on Oct 20 2021 07:42:55 by "" with MS VC++ 16.7 (VS2019)

END.
