#
# There is insufficient memory for the Java Runtime Environment to continue.
# Native memory allocation (malloc) failed to allocate 2181712 bytes for Chunk::new
# Possible reasons:
#   The system is out of physical RAM or swap space
#   The process is running with CompressedOops enabled, and the Java Heap may be blocking the growth of the native heap
# Possible solutions:
#   Reduce memory load on the system
#   Increase physical memory or swap space
#   Check if swap backing store is full
#   Decrease Java heap size (-Xmx/-Xms)
#   Decrease number of Java threads
#   Decrease Java thread stack sizes (-Xss)
#   Set larger code cache with -XX:ReservedCodeCacheSize=
#   JVM is running with Unscaled Compressed Oops mode in which the Java heap is
#     placed in the first 4GB address space. The Java Heap base address is the
#     maximum limit for the native heap growth. Please use -XX:HeapBaseMinAddress
#     to set the Java Heap base and to place the Java Heap above 4GB virtual address.
# This output file may be truncated or incomplete.
#
#  Out of Memory Error (arena.cpp:189), pid=11780, tid=12984
#
# JRE version: OpenJDK Runtime Environment Temurin-17.0.1+12 (17.0.1+12) (build 17.0.1+12)
# Java VM: OpenJDK 64-Bit Server VM Temurin-17.0.1+12 (17.0.1+12, mixed mode, tiered, compressed oops, compressed class ptrs, parallel gc, windows-amd64)
# No core dump will be written. Minidumps are not enabled by default on client versions of Windows
#

---------------  S U M M A R Y ------------

Command Line: --add-modules=ALL-SYSTEM --add-opens=java.base/java.util=ALL-UNNAMED --add-opens=java.base/java.lang=ALL-UNNAMED --add-opens=java.base/sun.nio.fs=ALL-UNNAMED -Declipse.application=org.eclipse.jdt.ls.core.id1 -Dosgi.bundles.defaultStartLevel=4 -Declipse.product=org.eclipse.jdt.ls.core.product -Djava.import.generatesMetadataFilesAtProjectRoot=false -Dfile.encoding=utf8 -DwatchParentProcess=false -XX:+UseParallelGC -XX:GCTimeRatio=4 -XX:AdaptiveSizePolicyWeight=90 -Dsun.zip.disableMemoryMapping=true -Xmx1G -Xms100m -javaagent:c:\Users\jtalg\.vscode\extensions\gabrielbb.vscode-lombok-1.0.1\server\lombok.jar -XX:+HeapDumpOnOutOfMemoryError -XX:HeapDumpPath=c:\Users\jtalg\AppData\Roaming\Code\User\workspaceStorage\23ab0888d26938d64720ae656aa4ab37\redhat.java c:\Users\jtalg\.vscode\extensions\redhat.java-1.3.0\server\plugins\org.eclipse.equinox.launcher_1.6.400.v20210924-0641.jar -configuration c:\Users\jtalg\AppData\Roaming\Code\User\globalStorage\redhat.java\1.3.0\config_win -data c:\Users\jtalg\AppData\Roaming\Code\User\workspaceStorage\23ab0888d26938d64720ae656aa4ab37\redhat.java\jdt_ws

Host: Intel(R) Core(TM) i3-8145U CPU @ 2.10GHz, 4 cores, 7G,  Windows 10 , 64 bit Build 22000 (10.0.22000.434)
Time: Mon Jan 31 15:45:41 2022  Windows 10 , 64 bit Build 22000 (10.0.22000.434) elapsed time: 3.872110 seconds (0d 0h 0m 3s)

---------------  T H R E A D  ---------------

Current thread (0x000002915f46e050):  JavaThread "C2 CompilerThread1" daemon [_thread_in_native, id=12984, stack(0x000000ab4f400000,0x000000ab4f500000)]


Current CompileTask:
C2:   3872 3292   !   4       org.eclipse.osgi.internal.loader.classpath.ClasspathManager::findClassImpl (308 bytes)

Stack: [0x000000ab4f400000,0x000000ab4f500000]
Native frames: (J=compiled Java code, j=interpreted, Vv=VM code, C=native code)
V  [jvm.dll+0x6744da]
V  [jvm.dll+0x82e144]
V  [jvm.dll+0x82f8ee]
V  [jvm.dll+0x82ff53]
V  [jvm.dll+0x245175]
V  [jvm.dll+0xab85b]
V  [jvm.dll+0xabdec]
V  [jvm.dll+0x362f07]
V  [jvm.dll+0x1bb698]
V  [jvm.dll+0x218189]
V  [jvm.dll+0x217451]
V  [jvm.dll+0x1a355d]
V  [jvm.dll+0x226e38]
V  [jvm.dll+0x224f7c]
V  [jvm.dll+0x7e3f5b]
V  [jvm.dll+0x7de51a]
V  [jvm.dll+0x673305]
C  [ucrtbase.dll+0x26c0c]
C  [KERNEL32.DLL+0x154e0]
C  [ntdll.dll+0x485b]


---------------  P R O C E S S  ---------------

Threads class SMR info:
_java_thread_list=0x0000029160ede2f0, length=24, elements={
0x0000029147a07b40, 0x000002915d7609f0, 0x000002915d761c50, 0x000002915d7a0420,
0x000002915d7a2cf0, 0x000002915d7a3d50, 0x000002915d7a4db0, 0x000002915d7a9640,
0x000002915d7ac6f0, 0x000002915d7afb90, 0x0000029147ac5c30, 0x000002915f4deeb0,
0x000002915f46e050, 0x000002915fc072a0, 0x00000291608c4af0, 0x000002915fc39980,
0x00000291608af7b0, 0x000002915fca8020, 0x0000029160b77760, 0x0000029160d63030,
0x0000029160ed57e0, 0x0000029160ed6b20, 0x0000029160ed5310, 0x0000029160ed6650
}

Java Threads: ( => current thread )
  0x0000029147a07b40 JavaThread "main" [_thread_in_vm, id=10336, stack(0x000000ab4e500000,0x000000ab4e600000)]
  0x000002915d7609f0 JavaThread "Reference Handler" daemon [_thread_blocked, id=9832, stack(0x000000ab4e800000,0x000000ab4e900000)]
  0x000002915d761c50 JavaThread "Finalizer" daemon [_thread_blocked, id=10760, stack(0x000000ab4e900000,0x000000ab4ea00000)]
  0x000002915d7a0420 JavaThread "Signal Dispatcher" daemon [_thread_blocked, id=14020, stack(0x000000ab4ea00000,0x000000ab4eb00000)]
  0x000002915d7a2cf0 JavaThread "Attach Listener" daemon [_thread_blocked, id=10492, stack(0x000000ab4eb00000,0x000000ab4ec00000)]
  0x000002915d7a3d50 JavaThread "Service Thread" daemon [_thread_blocked, id=10520, stack(0x000000ab4ec00000,0x000000ab4ed00000)]
  0x000002915d7a4db0 JavaThread "Monitor Deflation Thread" daemon [_thread_blocked, id=9748, stack(0x000000ab4ed00000,0x000000ab4ee00000)]
  0x000002915d7a9640 JavaThread "C2 CompilerThread0" daemon [_thread_in_native, id=9760, stack(0x000000ab4ee00000,0x000000ab4ef00000)]
  0x000002915d7ac6f0 JavaThread "C1 CompilerThread0" daemon [_thread_in_native, id=11960, stack(0x000000ab4ef00000,0x000000ab4f000000)]
  0x000002915d7afb90 JavaThread "Sweeper thread" daemon [_thread_blocked, id=13304, stack(0x000000ab4f000000,0x000000ab4f100000)]
  0x0000029147ac5c30 JavaThread "Common-Cleaner" daemon [_thread_blocked, id=6852, stack(0x000000ab4f100000,0x000000ab4f200000)]
  0x000002915f4deeb0 JavaThread "Notification Thread" daemon [_thread_blocked, id=10340, stack(0x000000ab4f200000,0x000000ab4f300000)]
=>0x000002915f46e050 JavaThread "C2 CompilerThread1" daemon [_thread_in_native, id=12984, stack(0x000000ab4f400000,0x000000ab4f500000)]
  0x000002915fc072a0 JavaThread "Active Thread: Equinox Container: 738cbdcd-3030-44a6-9daf-6ad06bee2424" [_thread_blocked, id=10916, stack(0x000000ab4f800000,0x000000ab4f900000)]
  0x00000291608c4af0 JavaThread "Framework Event Dispatcher: Equinox Container: 738cbdcd-3030-44a6-9daf-6ad06bee2424" daemon [_thread_blocked, id=12964, stack(0x000000ab4f900000,0x000000ab4fa00000)]
  0x000002915fc39980 JavaThread "Start Level: Equinox Container: 738cbdcd-3030-44a6-9daf-6ad06bee2424" daemon [_thread_blocked, id=13708, stack(0x000000ab4fa00000,0x000000ab4fb00000)]
  0x00000291608af7b0 JavaThread "SCR Component Actor" daemon [_thread_blocked, id=12796, stack(0x000000ab4fb00000,0x000000ab4fc00000)]
  0x000002915fca8020 JavaThread "Timer-0" [_thread_blocked, id=10736, stack(0x000000ab4fc00000,0x000000ab4fd00000)]
  0x0000029160b77760 JavaThread "Bundle File Closer" daemon [_thread_blocked, id=14204, stack(0x000000ab4fd00000,0x000000ab4fe00000)]
  0x0000029160d63030 JavaThread "Worker-JM" [_thread_blocked, id=8936, stack(0x000000ab4fe00000,0x000000ab4ff00000)]
  0x0000029160ed57e0 JavaThread "Worker-0" [_thread_blocked, id=2388, stack(0x000000ab4ff00000,0x000000ab50000000)]
  0x0000029160ed6b20 JavaThread "Worker-1: Refreshing workspace" [_thread_in_vm, id=15688, stack(0x000000ab50000000,0x000000ab50100000)]
  0x0000029160ed5310 JavaThread "Java indexing" daemon [_thread_blocked, id=14748, stack(0x000000ab50100000,0x000000ab50200000)]
  0x0000029160ed6650 JavaThread "Worker-2" [_thread_blocked, id=14948, stack(0x000000ab50200000,0x000000ab50300000)]

Other Threads:
  0x000002915d6966a0 VMThread "VM Thread" [stack: 0x000000ab4e700000,0x000000ab4e800000] [id=7936]
  0x000002915f3f2350 WatcherThread [stack: 0x000000ab4f300000,0x000000ab4f400000] [id=12760]
  0x0000029147a1fce0 GCTaskThread "GC Thread#0" [stack: 0x000000ab4e600000,0x000000ab4e700000] [id=11872]
  0x000002915f6eb340 GCTaskThread "GC Thread#1" [stack: 0x000000ab4f500000,0x000000ab4f600000] [id=2904]
  0x000002915f6ebe00 GCTaskThread "GC Thread#2" [stack: 0x000000ab4f600000,0x000000ab4f700000] [id=15356]
  0x000002915f6f0950 GCTaskThread "GC Thread#3" [stack: 0x000000ab4f700000,0x000000ab4f800000] [id=5248]

Threads with active compile tasks:
C2 CompilerThread0     3897 3518       4       sun.nio.cs.StreamDecoder::implRead (243 bytes)
C1 CompilerThread0     3897 3539       3       sun.reflect.generics.tree.ClassTypeSignature::<init> (10 bytes)
C2 CompilerThread1     3897 3292   !   4       org.eclipse.osgi.internal.loader.classpath.ClasspathManager::findClassImpl (308 bytes)

VM state: not at safepoint (normal execution)

VM Mutex/Monitor currently owned by a thread: None

Heap address: 0x00000000c0000000, size: 1024 MB, Compressed Oops mode: 32-bit

CDS archive(s) not mapped
Compressed class space mapped at: 0x0000000100000000-0x0000000140000000, reserved size: 1073741824
Narrow klass base: 0x0000000000000000, Narrow klass shift: 3, Narrow klass range: 0x140000000

GC Precious Log:
 CPUs: 4 total, 4 available
 Memory: 8040M
 Large Page Support: Disabled
 NUMA Support: Disabled
 Compressed Oops: Enabled (32-bit)
 Alignments: Space 512K, Generation 512K, Heap 2M
 Heap Min Capacity: 100M
 Heap Initial Capacity: 100M
 Heap Max Capacity: 1G
 Pre-touch: Disabled
 Parallel Workers: 4

Heap:
 PSYoungGen      total 27136K, used 9820K [0x00000000eab00000, 0x00000000ec900000, 0x0000000100000000)
  eden space 24064K, 40% used [0x00000000eab00000,0x00000000eb4973f0,0x00000000ec280000)
  from space 3072K, 0% used [0x00000000ec600000,0x00000000ec600000,0x00000000ec900000)
  to   space 3072K, 0% used [0x00000000ec300000,0x00000000ec300000,0x00000000ec600000)
 ParOldGen       total 68608K, used 12677K [0x00000000c0000000, 0x00000000c4300000, 0x00000000eab00000)
  object space 68608K, 18% used [0x00000000c0000000,0x00000000c0c61430,0x00000000c4300000)
 Metaspace       used 36115K, committed 36800K, reserved 1089536K
  class space    used 3797K, committed 4096K, reserved 1048576K

Card table byte_map: [0x000002915b050000,0x000002915b260000] _byte_map_base: 0x000002915aa50000

Marking Bits: (ParMarkBitMap*) 0x00007fffc7822a60
 Begin Bits: [0x000002915b3c0000, 0x000002915c3c0000)
 End Bits:   [0x000002915c3c0000, 0x000002915d3c0000)

Polling page: 0x0000029147ae0000

Metaspace:

Usage:
  Non-class:     31.56 MB used.
      Class:      3.71 MB used.
       Both:     35.27 MB used.

Virtual space:
  Non-class space:       40.00 MB reserved,      31.94 MB ( 80%) committed,  5 nodes.
      Class space:        1.00 GB reserved,       4.00 MB ( <1%) committed,  1 nodes.
             Both:        1.04 GB reserved,      35.94 MB (  3%) committed. 

Chunk freelists:
   Non-Class:  3.45 MB
       Class:  6.00 KB
        Both:  3.46 MB

MaxMetaspaceSize: unlimited
CompressedClassSpaceSize: 1.00 GB
Initial GC threshold: 21.00 MB
Current GC threshold: 58.38 MB
CDS: off
MetaspaceReclaimPolicy: balanced
 - commit_granule_bytes: 65536.
 - commit_granule_words: 8192.
 - virtual_space_node_default_size: 1048576.
 - enlarge_chunks_in_place: 1.
 - new_chunks_are_fully_committed: 0.
 - uncommit_free_chunks: 1.
 - use_allocation_guard: 0.
 - handle_deallocations: 1.


Internal statistics:

num_allocs_failed_limit: 6.
num_arena_births: 312.
num_arena_deaths: 0.
num_vsnodes_births: 6.
num_vsnodes_deaths: 0.
num_space_committed: 575.
num_space_uncommitted: 0.
num_chunks_returned_to_freelist: 6.
num_chunks_taken_from_freelist: 1515.
num_chunk_merges: 3.
num_chunk_splits: 946.
num_chunks_enlarged: 572.
num_purges: 0.
num_inconsistent_stats: 0.

CodeHeap 'non-profiled nmethods': size=120000Kb used=1577Kb max_used=1577Kb free=118422Kb
 bounds [0x0000029153930000, 0x0000029153ba0000, 0x000002915ae60000]
CodeHeap 'profiled nmethods': size=120000Kb used=7290Kb max_used=7290Kb free=112709Kb
 bounds [0x000002914c400000, 0x000002914cb20000, 0x0000029153930000]
CodeHeap 'non-nmethods': size=5760Kb used=1242Kb max_used=1300Kb free=4517Kb
 bounds [0x000002914be60000, 0x000002914c0d0000, 0x000002914c400000]
 total_blobs=4079 nmethods=3523 adapters=470
 compilation: enabled
              stopped_count=0, restarted_count=0
 full_count=0

Compilation events (20 events):
Event: 3.850 Thread 0x000002915d7ac6f0 3506       3       org.eclipse.sisu.plexus.PlexusXmlScanner::TEXT (10 bytes)
Event: 3.851 Thread 0x000002915d7ac6f0 nmethod 3506 0x000002914cb0c890 code [0x000002914cb0ca80, 0x000002914cb0ce08]
Event: 3.851 Thread 0x000002915d7ac6f0 3507       3       org.codehaus.plexus.util.xml.pull.MXParser::nextText (103 bytes)
Event: 3.852 Thread 0x000002915d7ac6f0 nmethod 3507 0x000002914cb0cf90 code [0x000002914cb0d260, 0x000002914cb0de28]
Event: 3.853 Thread 0x000002915d7ac6f0 3508       3       java.lang.reflect.Method::isSynthetic (5 bytes)
Event: 3.854 Thread 0x000002915d7ac6f0 nmethod 3508 0x000002914cb0e290 code [0x000002914cb0e440, 0x000002914cb0e678]
Event: 3.854 Thread 0x000002915d7ac6f0 3509       1       java.lang.Class::getAnnotationType (5 bytes)
Event: 3.854 Thread 0x000002915d7ac6f0 nmethod 3509 0x0000029153ab5c10 code [0x0000029153ab5da0, 0x0000029153ab5e78]
Event: 3.855 Thread 0x000002915d7ac6f0 3510       3       jdk.internal.reflect.ClassFileAssembler::opc_invokespecial (26 bytes)
Event: 3.855 Thread 0x000002915d7ac6f0 nmethod 3510 0x000002914cb0e790 code [0x000002914cb0e9a0, 0x000002914cb0eee8]
Event: 3.855 Thread 0x000002915d7ac6f0 3511       3       jdk.internal.reflect.ClassFileAssembler::emitInt (46 bytes)
Event: 3.855 Thread 0x000002915d7ac6f0 nmethod 3511 0x000002914cb0f190 code [0x000002914cb0f3a0, 0x000002914cb0f898]
Event: 3.856 Thread 0x000002915d7ac6f0 3512       3       jdk.internal.misc.Unsafe::getShortUnaligned (12 bytes)
Event: 3.856 Thread 0x000002915d7ac6f0 nmethod 3512 0x000002914cb0fb10 code [0x000002914cb0fcc0, 0x000002914cb0fef8]
Event: 3.856 Thread 0x000002915d7ac6f0 3513       3       java.security.ProtectionDomain$Key::<init> (5 bytes)
Event: 3.856 Thread 0x000002915d7ac6f0 nmethod 3513 0x000002914cb10010 code [0x000002914cb101a0, 0x000002914cb102f8]
Event: 3.857 Thread 0x000002915d7ac6f0 3514       3       java.util.ArrayList::indexOfRange (71 bytes)
Event: 3.857 Thread 0x000002915d7ac6f0 nmethod 3514 0x000002914cb10390 code [0x000002914cb10560, 0x000002914cb10a28]
Event: 3.861 Thread 0x000002915d7ac6f0 3516       3       java.lang.Class::privateGetDeclaredConstructors (79 bytes)
Event: 3.861 Thread 0x000002915d7ac6f0 nmethod 3516 0x000002914cb10c10 code [0x000002914cb10e00, 0x000002914cb112a8]

GC Heap History (20 events):
Event: 0.643 GC heap before
{Heap before GC invocations=1 (full 0):
 PSYoungGen      total 29696K, used 25600K [0x00000000eab00000, 0x00000000ecc00000, 0x0000000100000000)
  eden space 25600K, 100% used [0x00000000eab00000,0x00000000ec400000,0x00000000ec400000)
  from space 4096K, 0% used [0x00000000ec800000,0x00000000ec800000,0x00000000ecc00000)
  to   space 4096K, 0% used [0x00000000ec400000,0x00000000ec400000,0x00000000ec800000)
 ParOldGen       total 68608K, used 0K [0x00000000c0000000, 0x00000000c4300000, 0x00000000eab00000)
  object space 68608K, 0% used [0x00000000c0000000,0x00000000c0000000,0x00000000c4300000)
 Metaspace       used 10022K, committed 10176K, reserved 1064960K
  class space    used 1011K, committed 1088K, reserved 1048576K
}
Event: 0.648 GC heap after
{Heap after GC invocations=1 (full 0):
 PSYoungGen      total 29696K, used 2915K [0x00000000eab00000, 0x00000000ecc00000, 0x0000000100000000)
  eden space 25600K, 0% used [0x00000000eab00000,0x00000000eab00000,0x00000000ec400000)
  from space 4096K, 71% used [0x00000000ec400000,0x00000000ec6d8ff8,0x00000000ec800000)
  to   space 4096K, 0% used [0x00000000ec800000,0x00000000ec800000,0x00000000ecc00000)
 ParOldGen       total 68608K, used 16K [0x00000000c0000000, 0x00000000c4300000, 0x00000000eab00000)
  object space 68608K, 0% used [0x00000000c0000000,0x00000000c0004000,0x00000000c4300000)
 Metaspace       used 10022K, committed 10176K, reserved 1064960K
  class space    used 1011K, committed 1088K, reserved 1048576K
}
Event: 1.264 GC heap before
{Heap before GC invocations=2 (full 0):
 PSYoungGen      total 29696K, used 28507K [0x00000000eab00000, 0x00000000ecc00000, 0x0000000100000000)
  eden space 25600K, 99% used [0x00000000eab00000,0x00000000ec3fdde0,0x00000000ec400000)
  from space 4096K, 71% used [0x00000000ec400000,0x00000000ec6d8ff8,0x00000000ec800000)
  to   space 4096K, 0% used [0x00000000ec800000,0x00000000ec800000,0x00000000ecc00000)
 ParOldGen       total 68608K, used 16K [0x00000000c0000000, 0x00000000c4300000, 0x00000000eab00000)
  object space 68608K, 0% used [0x00000000c0000000,0x00000000c0004000,0x00000000c4300000)
 Metaspace       used 14177K, committed 14400K, reserved 1064960K
  class space    used 1442K, committed 1536K, reserved 1048576K
}
Event: 1.271 GC heap after
{Heap after GC invocations=2 (full 0):
 PSYoungGen      total 29696K, used 4066K [0x00000000eab00000, 0x00000000ecc00000, 0x0000000100000000)
  eden space 25600K, 0% used [0x00000000eab00000,0x00000000eab00000,0x00000000ec400000)
  from space 4096K, 99% used [0x00000000ec800000,0x00000000ecbf8840,0x00000000ecc00000)
  to   space 4096K, 0% used [0x00000000ec400000,0x00000000ec400000,0x00000000ec800000)
 ParOldGen       total 68608K, used 1156K [0x00000000c0000000, 0x00000000c4300000, 0x00000000eab00000)
  object space 68608K, 1% used [0x00000000c0000000,0x00000000c01210b0,0x00000000c4300000)
 Metaspace       used 14177K, committed 14400K, reserved 1064960K
  class space    used 1442K, committed 1536K, reserved 1048576K
}
Event: 1.726 GC heap before
{Heap before GC invocations=3 (full 0):
 PSYoungGen      total 29696K, used 29666K [0x00000000eab00000, 0x00000000ecc00000, 0x0000000100000000)
  eden space 25600K, 100% used [0x00000000eab00000,0x00000000ec400000,0x00000000ec400000)
  from space 4096K, 99% used [0x00000000ec800000,0x00000000ecbf8840,0x00000000ecc00000)
  to   space 4096K, 0% used [0x00000000ec400000,0x00000000ec400000,0x00000000ec800000)
 ParOldGen       total 68608K, used 1156K [0x00000000c0000000, 0x00000000c4300000, 0x00000000eab00000)
  object space 68608K, 1% used [0x00000000c0000000,0x00000000c01210b0,0x00000000c4300000)
 Metaspace       used 18236K, committed 18624K, reserved 1073152K
  class space    used 1849K, committed 1984K, reserved 1048576K
}
Event: 1.734 GC heap after
{Heap after GC invocations=3 (full 0):
 PSYoungGen      total 29696K, used 4075K [0x00000000eab00000, 0x00000000ecc00000, 0x0000000100000000)
  eden space 25600K, 0% used [0x00000000eab00000,0x00000000eab00000,0x00000000ec400000)
  from space 4096K, 99% used [0x00000000ec400000,0x00000000ec7faf18,0x00000000ec800000)
  to   space 4096K, 0% used [0x00000000ec800000,0x00000000ec800000,0x00000000ecc00000)
 ParOldGen       total 68608K, used 5580K [0x00000000c0000000, 0x00000000c4300000, 0x00000000eab00000)
  object space 68608K, 8% used [0x00000000c0000000,0x00000000c05733e8,0x00000000c4300000)
 Metaspace       used 18236K, committed 18624K, reserved 1073152K
  class space    used 1849K, committed 1984K, reserved 1048576K
}
Event: 2.024 GC heap before
{Heap before GC invocations=4 (full 0):
 PSYoungGen      total 29696K, used 19383K [0x00000000eab00000, 0x00000000ecc00000, 0x0000000100000000)
  eden space 25600K, 59% used [0x00000000eab00000,0x00000000eb9f2e08,0x00000000ec400000)
  from space 4096K, 99% used [0x00000000ec400000,0x00000000ec7faf18,0x00000000ec800000)
  to   space 4096K, 0% used [0x00000000ec800000,0x00000000ec800000,0x00000000ecc00000)
 ParOldGen       total 68608K, used 5580K [0x00000000c0000000, 0x00000000c4300000, 0x00000000eab00000)
  object space 68608K, 8% used [0x00000000c0000000,0x00000000c05733e8,0x00000000c4300000)
 Metaspace       used 21126K, committed 21504K, reserved 1073152K
  class space    used 2138K, committed 2304K, reserved 1048576K
}
Event: 2.027 GC heap after
{Heap after GC invocations=4 (full 0):
 PSYoungGen      total 29696K, used 4094K [0x00000000eab00000, 0x00000000ecc00000, 0x0000000100000000)
  eden space 25600K, 0% used [0x00000000eab00000,0x00000000eab00000,0x00000000ec400000)
  from space 4096K, 99% used [0x00000000ec800000,0x00000000ecbff820,0x00000000ecc00000)
  to   space 4096K, 0% used [0x00000000ec400000,0x00000000ec400000,0x00000000ec800000)
 ParOldGen       total 68608K, used 6135K [0x00000000c0000000, 0x00000000c4300000, 0x00000000eab00000)
  object space 68608K, 8% used [0x00000000c0000000,0x00000000c05fdd28,0x00000000c4300000)
 Metaspace       used 21126K, committed 21504K, reserved 1073152K
  class space    used 2138K, committed 2304K, reserved 1048576K
}
Event: 2.028 GC heap before
{Heap before GC invocations=5 (full 1):
 PSYoungGen      total 29696K, used 4094K [0x00000000eab00000, 0x00000000ecc00000, 0x0000000100000000)
  eden space 25600K, 0% used [0x00000000eab00000,0x00000000eab00000,0x00000000ec400000)
  from space 4096K, 99% used [0x00000000ec800000,0x00000000ecbff820,0x00000000ecc00000)
  to   space 4096K, 0% used [0x00000000ec400000,0x00000000ec400000,0x00000000ec800000)
 ParOldGen       total 68608K, used 6135K [0x00000000c0000000, 0x00000000c4300000, 0x00000000eab00000)
  object space 68608K, 8% used [0x00000000c0000000,0x00000000c05fdd28,0x00000000c4300000)
 Metaspace       used 21126K, committed 21504K, reserved 1073152K
  class space    used 2138K, committed 2304K, reserved 1048576K
}
Event: 2.059 GC heap after
{Heap after GC invocations=5 (full 1):
 PSYoungGen      total 29696K, used 0K [0x00000000eab00000, 0x00000000ecc00000, 0x0000000100000000)
  eden space 25600K, 0% used [0x00000000eab00000,0x00000000eab00000,0x00000000ec400000)
  from space 4096K, 0% used [0x00000000ec800000,0x00000000ec800000,0x00000000ecc00000)
  to   space 4096K, 0% used [0x00000000ec400000,0x00000000ec400000,0x00000000ec800000)
 ParOldGen       total 68608K, used 9995K [0x00000000c0000000, 0x00000000c4300000, 0x00000000eab00000)
  object space 68608K, 14% used [0x00000000c0000000,0x00000000c09c2f48,0x00000000c4300000)
 Metaspace       used 21126K, committed 21504K, reserved 1073152K
  class space    used 2138K, committed 2304K, reserved 1048576K
}
Event: 2.305 GC heap before
{Heap before GC invocations=6 (full 1):
 PSYoungGen      total 29696K, used 25600K [0x00000000eab00000, 0x00000000ecc00000, 0x0000000100000000)
  eden space 25600K, 100% used [0x00000000eab00000,0x00000000ec400000,0x00000000ec400000)
  from space 4096K, 0% used [0x00000000ec800000,0x00000000ec800000,0x00000000ecc00000)
  to   space 4096K, 0% used [0x00000000ec400000,0x00000000ec400000,0x00000000ec800000)
 ParOldGen       total 68608K, used 9995K [0x00000000c0000000, 0x00000000c4300000, 0x00000000eab00000)
  object space 68608K, 14% used [0x00000000c0000000,0x00000000c09c2f48,0x00000000c4300000)
 Metaspace       used 25184K, committed 25600K, reserved 1073152K
  class space    used 2441K, committed 2624K, reserved 1048576K
}
Event: 2.306 GC heap after
{Heap after GC invocations=6 (full 1):
 PSYoungGen      total 25600K, used 256K [0x00000000eab00000, 0x00000000ec880000, 0x0000000100000000)
  eden space 25088K, 0% used [0x00000000eab00000,0x00000000eab00000,0x00000000ec380000)
  from space 512K, 50% used [0x00000000ec400000,0x00000000ec440000,0x00000000ec480000)
  to   space 2560K, 0% used [0x00000000ec600000,0x00000000ec600000,0x00000000ec880000)
 ParOldGen       total 68608K, used 10003K [0x00000000c0000000, 0x00000000c4300000, 0x00000000eab00000)
  object space 68608K, 14% used [0x00000000c0000000,0x00000000c09c4f48,0x00000000c4300000)
 Metaspace       used 25184K, committed 25600K, reserved 1073152K
  class space    used 2441K, committed 2624K, reserved 1048576K
}
Event: 2.724 GC heap before
{Heap before GC invocations=7 (full 1):
 PSYoungGen      total 25600K, used 25328K [0x00000000eab00000, 0x00000000ec880000, 0x0000000100000000)
  eden space 25088K, 99% used [0x00000000eab00000,0x00000000ec37c1b0,0x00000000ec380000)
  from space 512K, 50% used [0x00000000ec400000,0x00000000ec440000,0x00000000ec480000)
  to   space 2560K, 0% used [0x00000000ec600000,0x00000000ec600000,0x00000000ec880000)
 ParOldGen       total 68608K, used 10003K [0x00000000c0000000, 0x00000000c4300000, 0x00000000eab00000)
  object space 68608K, 14% used [0x00000000c0000000,0x00000000c09c4f48,0x00000000c4300000)
 Metaspace       used 27701K, committed 28224K, reserved 1081344K
  class space    used 2653K, committed 2880K, reserved 1048576K
}
Event: 2.726 GC heap after
{Heap after GC invocations=7 (full 1):
 PSYoungGen      total 26112K, used 1079K [0x00000000eab00000, 0x00000000ec780000, 0x0000000100000000)
  eden space 24576K, 0% used [0x00000000eab00000,0x00000000eab00000,0x00000000ec300000)
  from space 1536K, 70% used [0x00000000ec600000,0x00000000ec70dd58,0x00000000ec780000)
  to   space 1536K, 0% used [0x00000000ec480000,0x00000000ec480000,0x00000000ec600000)
 ParOldGen       total 68608K, used 10011K [0x00000000c0000000, 0x00000000c4300000, 0x00000000eab00000)
  object space 68608K, 14% used [0x00000000c0000000,0x00000000c09c6f48,0x00000000c4300000)
 Metaspace       used 27701K, committed 28224K, reserved 1081344K
  class space    used 2653K, committed 2880K, reserved 1048576K
}
Event: 3.353 GC heap before
{Heap before GC invocations=8 (full 1):
 PSYoungGen      total 26112K, used 25655K [0x00000000eab00000, 0x00000000ec780000, 0x0000000100000000)
  eden space 24576K, 100% used [0x00000000eab00000,0x00000000ec300000,0x00000000ec300000)
  from space 1536K, 70% used [0x00000000ec600000,0x00000000ec70dd58,0x00000000ec780000)
  to   space 1536K, 0% used [0x00000000ec480000,0x00000000ec480000,0x00000000ec600000)
 ParOldGen       total 68608K, used 10011K [0x00000000c0000000, 0x00000000c4300000, 0x00000000eab00000)
  object space 68608K, 14% used [0x00000000c0000000,0x00000000c09c6f48,0x00000000c4300000)
 Metaspace       used 31486K, committed 32128K, reserved 1081344K
  class space    used 3117K, committed 3392K, reserved 1048576K
}
Event: 3.356 GC heap after
{Heap after GC invocations=8 (full 1):
 PSYoungGen      total 25600K, used 1533K [0x00000000eab00000, 0x00000000ec980000, 0x0000000100000000)
  eden space 24064K, 0% used [0x00000000eab00000,0x00000000eab00000,0x00000000ec280000)
  from space 1536K, 99% used [0x00000000ec480000,0x00000000ec5ff538,0x00000000ec600000)
  to   space 3584K, 0% used [0x00000000ec600000,0x00000000ec600000,0x00000000ec980000)
 ParOldGen       total 68608K, used 11428K [0x00000000c0000000, 0x00000000c4300000, 0x00000000eab00000)
  object space 68608K, 16% used [0x00000000c0000000,0x00000000c0b29030,0x00000000c4300000)
 Metaspace       used 31486K, committed 32128K, reserved 1081344K
  class space    used 3117K, committed 3392K, reserved 1048576K
}
Event: 3.726 GC heap before
{Heap before GC invocations=9 (full 1):
 PSYoungGen      total 25600K, used 24069K [0x00000000eab00000, 0x00000000ec980000, 0x0000000100000000)
  eden space 24064K, 93% used [0x00000000eab00000,0x00000000ec1022a8,0x00000000ec280000)
  from space 1536K, 99% used [0x00000000ec480000,0x00000000ec5ff538,0x00000000ec600000)
  to   space 3584K, 0% used [0x00000000ec600000,0x00000000ec600000,0x00000000ec980000)
 ParOldGen       total 68608K, used 11428K [0x00000000c0000000, 0x00000000c4300000, 0x00000000eab00000)
  object space 68608K, 16% used [0x00000000c0000000,0x00000000c0b29030,0x00000000c4300000)
 Metaspace       used 35187K, committed 35840K, reserved 1081344K
  class space    used 3674K, committed 3968K, reserved 1048576K
}
Event: 3.729 GC heap after
{Heap after GC invocations=9 (full 1):
 PSYoungGen      total 27136K, used 2949K [0x00000000eab00000, 0x00000000ec900000, 0x0000000100000000)
  eden space 24064K, 0% used [0x00000000eab00000,0x00000000eab00000,0x00000000ec280000)
  from space 3072K, 96% used [0x00000000ec600000,0x00000000ec8e1540,0x00000000ec900000)
  to   space 3072K, 0% used [0x00000000ec300000,0x00000000ec300000,0x00000000ec600000)
 ParOldGen       total 68608K, used 11436K [0x00000000c0000000, 0x00000000c4300000, 0x00000000eab00000)
  object space 68608K, 16% used [0x00000000c0000000,0x00000000c0b2b030,0x00000000c4300000)
 Metaspace       used 35187K, committed 35840K, reserved 1081344K
  class space    used 3674K, committed 3968K, reserved 1048576K
}
Event: 3.729 GC heap before
{Heap before GC invocations=10 (full 2):
 PSYoungGen      total 27136K, used 2949K [0x00000000eab00000, 0x00000000ec900000, 0x0000000100000000)
  eden space 24064K, 0% used [0x00000000eab00000,0x00000000eab00000,0x00000000ec280000)
  from space 3072K, 96% used [0x00000000ec600000,0x00000000ec8e1540,0x00000000ec900000)
  to   space 3072K, 0% used [0x00000000ec300000,0x00000000ec300000,0x00000000ec600000)
 ParOldGen       total 68608K, used 11436K [0x00000000c0000000, 0x00000000c4300000, 0x00000000eab00000)
  object space 68608K, 16% used [0x00000000c0000000,0x00000000c0b2b030,0x00000000c4300000)
 Metaspace       used 35187K, committed 35840K, reserved 1081344K
  class space    used 3674K, committed 3968K, reserved 1048576K
}
Event: 3.765 GC heap after
{Heap after GC invocations=10 (full 2):
 PSYoungGen      total 27136K, used 0K [0x00000000eab00000, 0x00000000ec900000, 0x0000000100000000)
  eden space 24064K, 0% used [0x00000000eab00000,0x00000000eab00000,0x00000000ec280000)
  from space 3072K, 0% used [0x00000000ec600000,0x00000000ec600000,0x00000000ec900000)
  to   space 3072K, 0% used [0x00000000ec300000,0x00000000ec300000,0x00000000ec600000)
 ParOldGen       total 68608K, used 12677K [0x00000000c0000000, 0x00000000c4300000, 0x00000000eab00000)
  object space 68608K, 18% used [0x00000000c0000000,0x00000000c0c61430,0x00000000c4300000)
 Metaspace       used 35187K, committed 35840K, reserved 1081344K
  class space    used 3674K, committed 3968K, reserved 1048576K
}

Deoptimization events (20 events):
Event: 3.774 Thread 0x0000029160ed6b20 Uncommon trap: trap_request=0xffffffde fr.pc=0x0000029153a222d0 relative=0x00000000000000b0
Event: 3.774 Thread 0x0000029160ed6b20 Uncommon trap: reason=class_check action=maybe_recompile pc=0x0000029153a222d0 method=java.lang.Character.codePointAt(Ljava/lang/CharSequence;I)I @ 2 c2
Event: 3.774 Thread 0x0000029160ed6b20 DEOPT PACKING pc=0x0000029153a222d0 sp=0x000000ab500fbcc0
Event: 3.774 Thread 0x0000029160ed6b20 DEOPT UNPACKING pc=0x000002914beb20a3 sp=0x000000ab500fbc48 mode 2
Event: 3.774 Thread 0x0000029160ed6b20 Uncommon trap: trap_request=0xffffffde fr.pc=0x0000029153a222d0 relative=0x00000000000000b0
Event: 3.774 Thread 0x0000029160ed6b20 Uncommon trap: reason=class_check action=maybe_recompile pc=0x0000029153a222d0 method=java.lang.Character.codePointAt(Ljava/lang/CharSequence;I)I @ 2 c2
Event: 3.774 Thread 0x0000029160ed6b20 DEOPT PACKING pc=0x0000029153a222d0 sp=0x000000ab500fbcc0
Event: 3.774 Thread 0x0000029160ed6b20 DEOPT UNPACKING pc=0x000002914beb20a3 sp=0x000000ab500fbc48 mode 2
Event: 3.834 Thread 0x0000029160ed6b20 Uncommon trap: trap_request=0xffffff45 fr.pc=0x00000291539ee810 relative=0x00000000000002f0
Event: 3.834 Thread 0x0000029160ed6b20 Uncommon trap: reason=unstable_if action=reinterpret pc=0x00000291539ee810 method=java.util.ArrayList.indexOfRange(Ljava/lang/Object;II)I @ 7 c2
Event: 3.834 Thread 0x0000029160ed6b20 DEOPT PACKING pc=0x00000291539ee810 sp=0x000000ab500fc090
Event: 3.834 Thread 0x0000029160ed6b20 DEOPT UNPACKING pc=0x000002914beb20a3 sp=0x000000ab500fbf60 mode 2
Event: 3.835 Thread 0x0000029160ed6b20 Uncommon trap: trap_request=0xffffff45 fr.pc=0x0000029153aae7c0 relative=0x0000000000001740
Event: 3.835 Thread 0x0000029160ed6b20 Uncommon trap: reason=unstable_if action=reinterpret pc=0x0000029153aae7c0 method=sun.nio.cs.StreamDecoder.implRead([CII)I @ 71 c2
Event: 3.835 Thread 0x0000029160ed6b20 DEOPT PACKING pc=0x0000029153aae7c0 sp=0x000000ab500fbd40
Event: 3.835 Thread 0x0000029160ed6b20 DEOPT UNPACKING pc=0x000002914beb20a3 sp=0x000000ab500fbb68 mode 2
Event: 3.851 Thread 0x0000029160ed6b20 Uncommon trap: trap_request=0xffffff45 fr.pc=0x00000291539e0e64 relative=0x00000000000002c4
Event: 3.851 Thread 0x0000029160ed6b20 Uncommon trap: reason=unstable_if action=reinterpret pc=0x00000291539e0e64 method=java.util.ArrayList.indexOfRange(Ljava/lang/Object;II)I @ 7 c2
Event: 3.851 Thread 0x0000029160ed6b20 DEOPT PACKING pc=0x00000291539e0e64 sp=0x000000ab500fc030
Event: 3.851 Thread 0x0000029160ed6b20 DEOPT UNPACKING pc=0x000002914beb20a3 sp=0x000000ab500fbfc0 mode 2

Classes unloaded (0 events):
No events

Classes redefined (0 events):
No events

Internal exceptions (20 events):
Event: 1.834 Thread 0x000002915fc39980 Exception <a 'java/io/FileNotFoundException'{0x00000000eb0ffa78}> (0x00000000eb0ffa78) 
thrown [e:\jenkins\tmp\workspace\build\src\src\hotspot\share\prims\jni.cpp, line 516]
Event: 2.000 Thread 0x000002915fc39980 Exception <a 'java/lang/NoSuchMethodError'{0x00000000eb869ce0}: 'int java.lang.invoke.DirectMethodHandle$Holder.invokeStaticInit(java.lang.Object, java.lang.Object, java.lang.Object)'> (0x00000000eb869ce0) 
thrown [e:\jenkins\tmp\workspace\build\src\src\hotspot\share\interpreter\linkResolver.cpp, line 766]
Event: 2.008 Thread 0x000002915fc39980 Exception <a 'java/lang/IncompatibleClassChangeError'{0x00000000eb8eae00}: Found class java.lang.Object, but interface was expected> (0x00000000eb8eae00) 
thrown [e:\jenkins\tmp\workspace\build\src\src\hotspot\share\interpreter\linkResolver.cpp, line 833]
Event: 2.173 Thread 0x000002915fc39980 Exception <a 'java/io/FileNotFoundException'{0x00000000eb89ce70}> (0x00000000eb89ce70) 
thrown [e:\jenkins\tmp\workspace\build\src\src\hotspot\share\prims\jni.cpp, line 516]
Event: 2.173 Thread 0x000002915fc39980 Exception <a 'java/io/FileNotFoundException'{0x00000000eb89e538}> (0x00000000eb89e538) 
thrown [e:\jenkins\tmp\workspace\build\src\src\hotspot\share\prims\jni.cpp, line 516]
Event: 2.174 Thread 0x000002915fc39980 Exception <a 'java/io/FileNotFoundException'{0x00000000eb89fc08}> (0x00000000eb89fc08) 
thrown [e:\jenkins\tmp\workspace\build\src\src\hotspot\share\prims\jni.cpp, line 516]
Event: 2.506 Thread 0x000002915fc39980 Exception <a 'java/lang/ClassNotFoundException'{0x00000000ebe2f928}: com/sun/org/apache/xerces/internal/impl/msg/spi/DOMMessagesProvider> (0x00000000ebe2f928) 
thrown [e:\jenkins\tmp\workspace\build\src\src\hotspot\share\classfile\systemDictionary.cpp, line 256]
Event: 2.510 Thread 0x000002915fc39980 Exception <a 'java/lang/ClassNotFoundException'{0x00000000ebe59818}: com/sun/org/apache/xerces/internal/impl/msg/spi/XMLSerializerMessagesProvider> (0x00000000ebe59818) 
thrown [e:\jenkins\tmp\workspace\build\src\src\hotspot\share\classfile\systemDictionary.cpp, line 256]
Event: 2.511 Thread 0x000002915fc39980 Exception <a 'java/lang/ClassNotFoundException'{0x00000000ebe66af0}: com/sun/org/apache/xerces/internal/impl/msg/spi/XMLMessagesProvider> (0x00000000ebe66af0) 
thrown [e:\jenkins\tmp\workspace\build\src\src\hotspot\share\classfile\systemDictionary.cpp, line 256]
Event: 2.813 Thread 0x000002915fc39980 Exception <a 'java/lang/ClassNotFoundException'{0x00000000eaf989d0}: com/sun/org/apache/xml/internal/serializer/spi/XMLEntitiesProvider> (0x00000000eaf989d0) 
thrown [e:\jenkins\tmp\workspace\build\src\src\hotspot\share\classfile\systemDictionary.cpp, line 256]
Event: 3.061 Thread 0x0000029160ed6b20 Exception <a 'java/lang/NoSuchMethodError'{0x00000000ebe53160}: 'void java.lang.invoke.DirectMethodHandle$Holder.invokeSpecial(java.lang.Object, java.lang.Object, java.lang.Object, int)'> (0x00000000ebe53160) 
thrown [e:\jenkins\tmp\workspace\build\src\src\hotspot\share\interpreter\linkResolver.cpp, line 766]
Event: 3.282 Thread 0x0000029160ed6b20 Exception <a 'java/lang/NoSuchMethodError'{0x00000000ec1c6e00}: static Lorg/eclipse/m2e/core/internal/lifecyclemapping/model/PluginExecutionMetadata;.<clinit>()V> (0x00000000ec1c6e00) 
thrown [e:\jenkins\tmp\workspace\build\src\src\hotspot\share\prims\jni.cpp, line 1107]
Event: 3.328 Thread 0x0000029160ed6b20 Exception <a 'java/lang/NoSuchMethodError'{0x00000000ec20b400}: static Lorg/eclipse/m2e/core/internal/lifecyclemapping/model/PluginExecutionFilter;.<clinit>()V> (0x00000000ec20b400) 
thrown [e:\jenkins\tmp\workspace\build\src\src\hotspot\share\prims\jni.cpp, line 1107]
Event: 3.435 Thread 0x000002915fc39980 Exception <a 'java/io/FileNotFoundException'{0x00000000eaf02e70}> (0x00000000eaf02e70) 
thrown [e:\jenkins\tmp\workspace\build\src\src\hotspot\share\prims\jni.cpp, line 516]
Event: 3.461 Thread 0x000002915fc39980 Exception <a 'java/io/FileNotFoundException'{0x00000000eb00ffd8}> (0x00000000eb00ffd8) 
thrown [e:\jenkins\tmp\workspace\build\src\src\hotspot\share\prims\jni.cpp, line 516]
Event: 3.473 Thread 0x000002915fc39980 Exception <a 'java/io/FileNotFoundException'{0x00000000eb09d9a0}> (0x00000000eb09d9a0) 
thrown [e:\jenkins\tmp\workspace\build\src\src\hotspot\share\prims\jni.cpp, line 516]
Event: 3.654 Thread 0x0000029160ed6b20 Exception <a 'java/lang/NoSuchMethodError'{0x00000000ebbec3b0}: 'java.lang.Object java.lang.invoke.DirectMethodHandle$Holder.newInvokeSpecial(java.lang.Object, java.lang.Object, java.lang.Object, java.lang.Object, java.lang.Object)'> (0x00000000ebbec3b0) 
thrown [e:\jenkins\tmp\workspace\build\src\src\hotspot\share\interpreter\linkResolver.cpp, line 766]
Event: 3.678 Thread 0x000002915fc39980 Implicit null exception at 0x0000029153a5934d to 0x0000029153a5a070
Event: 3.834 Thread 0x0000029160ed6b20 Implicit null exception at 0x00000291539ee560 to 0x00000291539ee7f4
Event: 3.851 Thread 0x0000029160ed6b20 Implicit null exception at 0x00000291539e0bd6 to 0x00000291539e0e48

VM Operations (20 events):
Event: 2.716 Executing VM operation: HandshakeAllThreads
Event: 2.716 Executing VM operation: HandshakeAllThreads done
Event: 2.724 Executing VM operation: ParallelGCFailedAllocation
Event: 2.732 Executing VM operation: ParallelGCFailedAllocation done
Event: 2.811 Executing VM operation: HandshakeAllThreads
Event: 2.811 Executing VM operation: HandshakeAllThreads done
Event: 2.816 Executing VM operation: HandshakeAllThreads
Event: 2.817 Executing VM operation: HandshakeAllThreads done
Event: 2.856 Executing VM operation: HandshakeAllThreads
Event: 2.856 Executing VM operation: HandshakeAllThreads done
Event: 3.353 Executing VM operation: ParallelGCFailedAllocation
Event: 3.356 Executing VM operation: ParallelGCFailedAllocation done
Event: 3.429 Executing VM operation: HandshakeAllThreads
Event: 3.429 Executing VM operation: HandshakeAllThreads done
Event: 3.442 Executing VM operation: HandshakeAllThreads
Event: 3.442 Executing VM operation: HandshakeAllThreads done
Event: 3.722 Executing VM operation: CollectForMetadataAllocation
Event: 3.765 Executing VM operation: CollectForMetadataAllocation done
Event: 3.823 Executing VM operation: HandshakeAllThreads
Event: 3.823 Executing VM operation: HandshakeAllThreads done

Events (20 events):
Event: 3.776 loading class sun/reflect/generics/tree/MethodTypeSignature
Event: 3.776 loading class sun/reflect/generics/tree/MethodTypeSignature done
Event: 3.776 loading class sun/reflect/generics/reflectiveObjects/ParameterizedTypeImpl
Event: 3.781 loading class sun/reflect/generics/reflectiveObjects/ParameterizedTypeImpl done
Event: 3.782 loading class sun/reflect/generics/reflectiveObjects/TypeVariableImpl
Event: 3.783 loading class sun/reflect/generics/reflectiveObjects/LazyReflectiveObjectGenerator
Event: 3.783 loading class sun/reflect/generics/reflectiveObjects/LazyReflectiveObjectGenerator done
Event: 3.783 loading class sun/reflect/generics/reflectiveObjects/TypeVariableImpl done
Event: 3.811 loading class java/lang/Deprecated
Event: 3.812 loading class java/lang/Deprecated done
Event: 3.818 loading class jdk/internal/vm/annotation/IntrinsicCandidate
Event: 3.818 loading class jdk/internal/vm/annotation/IntrinsicCandidate done
Event: 3.831 loading class jdk/internal/access/foreign/MemorySegmentProxy
Event: 3.832 loading class jdk/internal/access/foreign/MemorySegmentProxy done
Event: 3.859 loading class sun/reflect/generics/tree/BottomSignature
Event: 3.859 loading class sun/reflect/generics/tree/BottomSignature done
Event: 3.859 loading class sun/reflect/generics/tree/Wildcard
Event: 3.859 loading class sun/reflect/generics/tree/Wildcard done
Event: 3.860 loading class sun/reflect/generics/reflectiveObjects/WildcardTypeImpl
Event: 3.861 loading class sun/reflect/generics/reflectiveObjects/WildcardTypeImpl done


Dynamic libraries:
0x00007ff65e1d0000 - 0x00007ff65e1de000 	c:\Users\jtalg\.vscode\extensions\redhat.java-1.3.0\jre\17.0.1-win32-x86_64\bin\java.exe
0x00007ff807760000 - 0x00007ff807969000 	C:\WINDOWS\SYSTEM32\ntdll.dll
0x00007ff806d70000 - 0x00007ff806e2d000 	C:\WINDOWS\System32\KERNEL32.DLL
0x00007ff804f80000 - 0x00007ff8052f4000 	C:\WINDOWS\System32\KERNELBASE.dll
0x00007ff805300000 - 0x00007ff805411000 	C:\WINDOWS\System32\ucrtbase.dll
0x00007fffe8ac0000 - 0x00007fffe8ad9000 	c:\Users\jtalg\.vscode\extensions\redhat.java-1.3.0\jre\17.0.1-win32-x86_64\bin\VCRUNTIME140.dll
0x00007fffeaa80000 - 0x00007fffeaa98000 	c:\Users\jtalg\.vscode\extensions\redhat.java-1.3.0\jre\17.0.1-win32-x86_64\bin\jli.dll
0x00007ff807200000 - 0x00007ff8073ac000 	C:\WINDOWS\System32\USER32.dll
0x00007ffff1bb0000 - 0x00007ffff1e55000 	C:\WINDOWS\WinSxS\amd64_microsoft.windows.common-controls_6595b64144ccf1df_6.0.22000.120_none_9d947278b86cc467\COMCTL32.dll
0x00007ff805510000 - 0x00007ff805536000 	C:\WINDOWS\System32\win32u.dll
0x00007ff8057a0000 - 0x00007ff805843000 	C:\WINDOWS\System32\msvcrt.dll
0x00007ff807620000 - 0x00007ff807649000 	C:\WINDOWS\System32\GDI32.dll
0x00007ff804dc0000 - 0x00007ff804ed2000 	C:\WINDOWS\System32\gdi32full.dll
0x00007ff804ee0000 - 0x00007ff804f7d000 	C:\WINDOWS\System32\msvcp_win.dll
0x00007ff8073b0000 - 0x00007ff8073e1000 	C:\WINDOWS\System32\IMM32.DLL
0x00007ff802130000 - 0x00007ff80213c000 	c:\Users\jtalg\.vscode\extensions\redhat.java-1.3.0\jre\17.0.1-win32-x86_64\bin\vcruntime140_1.dll
0x00007fffc78f0000 - 0x00007fffc7981000 	c:\Users\jtalg\.vscode\extensions\redhat.java-1.3.0\jre\17.0.1-win32-x86_64\bin\msvcp140.dll
0x00007fffc6ca0000 - 0x00007fffc78e6000 	c:\Users\jtalg\.vscode\extensions\redhat.java-1.3.0\jre\17.0.1-win32-x86_64\bin\server\jvm.dll
0x00007ff8070f0000 - 0x00007ff80719e000 	C:\WINDOWS\System32\ADVAPI32.dll
0x00007ff805a60000 - 0x00007ff805afe000 	C:\WINDOWS\System32\sechost.dll
0x00007ff805680000 - 0x00007ff8057a0000 	C:\WINDOWS\System32\RPCRT4.dll
0x00007ff8070e0000 - 0x00007ff8070e8000 	C:\WINDOWS\System32\PSAPI.DLL
0x00007fffe9c30000 - 0x00007fffe9c39000 	C:\WINDOWS\SYSTEM32\WSOCK32.dll
0x00007ffffda10000 - 0x00007ffffda43000 	C:\WINDOWS\SYSTEM32\WINMM.dll
0x00007ff8073f0000 - 0x00007ff80745f000 	C:\WINDOWS\System32\WS2_32.dll
0x00007ffffd680000 - 0x00007ffffd68a000 	C:\WINDOWS\SYSTEM32\VERSION.dll
0x00007ff803e40000 - 0x00007ff803e58000 	C:\WINDOWS\SYSTEM32\kernel.appcore.dll
0x00007ff8011b0000 - 0x00007ff8011ba000 	c:\Users\jtalg\.vscode\extensions\redhat.java-1.3.0\jre\17.0.1-win32-x86_64\bin\jimage.dll
0x00007fffed380000 - 0x00007fffed5a1000 	C:\WINDOWS\SYSTEM32\DBGHELP.DLL
0x00007fffea0c0000 - 0x00007fffea0f1000 	C:\WINDOWS\SYSTEM32\dbgcore.DLL
0x00007ff805490000 - 0x00007ff80550f000 	C:\WINDOWS\System32\bcryptPrimitives.dll
0x00007ff801170000 - 0x00007ff80117e000 	c:\Users\jtalg\.vscode\extensions\redhat.java-1.3.0\jre\17.0.1-win32-x86_64\bin\instrument.dll
0x00007fffe19d0000 - 0x00007fffe19f5000 	c:\Users\jtalg\.vscode\extensions\redhat.java-1.3.0\jre\17.0.1-win32-x86_64\bin\java.dll
0x00007fffe19b0000 - 0x00007fffe19c8000 	c:\Users\jtalg\.vscode\extensions\redhat.java-1.3.0\jre\17.0.1-win32-x86_64\bin\zip.dll
0x00007ff805be0000 - 0x00007ff80638e000 	C:\WINDOWS\System32\SHELL32.dll
0x00007ff802dc0000 - 0x00007ff803627000 	C:\WINDOWS\SYSTEM32\windows.storage.dll
0x00007ff8064a0000 - 0x00007ff806818000 	C:\WINDOWS\System32\combase.dll
0x00007ff802c50000 - 0x00007ff802db6000 	C:\WINDOWS\SYSTEM32\wintypes.dll
0x00007ff806e30000 - 0x00007ff806f1a000 	C:\WINDOWS\System32\SHCORE.dll
0x00007ff805b80000 - 0x00007ff805bdd000 	C:\WINDOWS\System32\shlwapi.dll
0x00007ff804b80000 - 0x00007ff804ba1000 	C:\WINDOWS\SYSTEM32\profapi.dll
0x00007fffe14f0000 - 0x00007fffe1509000 	C:\Users\jtalg\.vscode\extensions\redhat.java-1.3.0\jre\17.0.1-win32-x86_64\bin\net.dll
0x00007ffffe8c0000 - 0x00007ffffe9cc000 	C:\WINDOWS\SYSTEM32\WINHTTP.dll
0x00007ff804270000 - 0x00007ff8042d7000 	C:\WINDOWS\system32\mswsock.dll
0x00007fffd8df0000 - 0x00007fffd8e05000 	C:\Users\jtalg\.vscode\extensions\redhat.java-1.3.0\jre\17.0.1-win32-x86_64\bin\nio.dll
0x00007ff800130000 - 0x00007ff800140000 	c:\Users\jtalg\.vscode\extensions\redhat.java-1.3.0\jre\17.0.1-win32-x86_64\bin\verify.dll
0x00007ff8044c0000 - 0x00007ff8044d8000 	C:\WINDOWS\SYSTEM32\CRYPTSP.dll
0x00007ff803da0000 - 0x00007ff803dd5000 	C:\WINDOWS\system32\rsaenh.dll
0x00007ff804360000 - 0x00007ff804389000 	C:\WINDOWS\SYSTEM32\USERENV.dll
0x00007ff804630000 - 0x00007ff804657000 	C:\WINDOWS\SYSTEM32\bcrypt.dll
0x00007ff8044b0000 - 0x00007ff8044bc000 	C:\WINDOWS\SYSTEM32\CRYPTBASE.dll
0x00007ff803920000 - 0x00007ff80394d000 	C:\WINDOWS\SYSTEM32\IPHLPAPI.DLL
0x00007ff8070d0000 - 0x00007ff8070d9000 	C:\WINDOWS\System32\NSI.dll
0x00007ffffea20000 - 0x00007ffffea39000 	C:\WINDOWS\SYSTEM32\dhcpcsvc6.DLL
0x00007fffff3d0000 - 0x00007fffff3ee000 	C:\WINDOWS\SYSTEM32\dhcpcsvc.DLL
0x00007ff8039a0000 - 0x00007ff803a87000 	C:\WINDOWS\SYSTEM32\DNSAPI.dll
0x00007fffd7410000 - 0x00007fffd744e000 	C:\Users\jtalg\AppData\Roaming\Code\User\globalStorage\redhat.java\1.3.0\config_win\org.eclipse.equinox.launcher\org.eclipse.equinox.launcher.win32.win32.x86_64_1.2.400.v20211117-0650\eclipse_11602.dll
0x00007ff806f20000 - 0x00007ff8070ba000 	C:\WINDOWS\System32\ole32.dll
0x00007fffd3830000 - 0x00007fffd3841000 	C:\Users\jtalg\AppData\Roaming\Code\User\globalStorage\redhat.java\1.3.0\config_win\org.eclipse.osgi\22\0\.cp\jWinHttp-1.0.0.dll

dbghelp: loaded successfully - version: 4.0.5 - missing functions: none
symbol engine: initialized successfully - sym options: 0x614 - pdb path: .;c:\Users\jtalg\.vscode\extensions\redhat.java-1.3.0\jre\17.0.1-win32-x86_64\bin;C:\WINDOWS\SYSTEM32;C:\WINDOWS\WinSxS\amd64_microsoft.windows.common-controls_6595b64144ccf1df_6.0.22000.120_none_9d947278b86cc467;c:\Users\jtalg\.vscode\extensions\redhat.java-1.3.0\jre\17.0.1-win32-x86_64\bin\server;C:\Users\jtalg\AppData\Roaming\Code\User\globalStorage\redhat.java\1.3.0\config_win\org.eclipse.equinox.launcher\org.eclipse.equinox.launcher.win32.win32.x86_64_1.2.400.v20211117-0650;C:\Users\jtalg\AppData\Roaming\Code\User\globalStorage\redhat.java\1.3.0\config_win\org.eclipse.osgi\22\0\.cp

VM Arguments:
jvm_args: --add-modules=ALL-SYSTEM --add-opens=java.base/java.util=ALL-UNNAMED --add-opens=java.base/java.lang=ALL-UNNAMED --add-opens=java.base/sun.nio.fs=ALL-UNNAMED -Declipse.application=org.eclipse.jdt.ls.core.id1 -Dosgi.bundles.defaultStartLevel=4 -Declipse.product=org.eclipse.jdt.ls.core.product -Djava.import.generatesMetadataFilesAtProjectRoot=false -Dfile.encoding=utf8 -DwatchParentProcess=false -XX:+UseParallelGC -XX:GCTimeRatio=4 -XX:AdaptiveSizePolicyWeight=90 -Dsun.zip.disableMemoryMapping=true -Xmx1G -Xms100m -javaagent:c:\Users\jtalg\.vscode\extensions\gabrielbb.vscode-lombok-1.0.1\server\lombok.jar -XX:+HeapDumpOnOutOfMemoryError -XX:HeapDumpPath=c:\Users\jtalg\AppData\Roaming\Code\User\workspaceStorage\23ab0888d26938d64720ae656aa4ab37\redhat.java 
java_command: c:\Users\jtalg\.vscode\extensions\redhat.java-1.3.0\server\plugins\org.eclipse.equinox.launcher_1.6.400.v20210924-0641.jar -configuration c:\Users\jtalg\AppData\Roaming\Code\User\globalStorage\redhat.java\1.3.0\config_win -data c:\Users\jtalg\AppData\Roaming\Code\User\workspaceStorage\23ab0888d26938d64720ae656aa4ab37\redhat.java\jdt_ws
java_class_path (initial): c:\Users\jtalg\.vscode\extensions\redhat.java-1.3.0\server\plugins\org.eclipse.equinox.launcher_1.6.400.v20210924-0641.jar
Launcher Type: SUN_STANDARD

[Global flags]
    uintx AdaptiveSizePolicyWeight                 = 90                                        {product} {command line}
     intx CICompilerCount                          = 3                                         {product} {ergonomic}
    uintx GCTimeRatio                              = 4                                         {product} {command line}
     bool HeapDumpOnOutOfMemoryError               = true                                   {manageable} {command line}
    ccstr HeapDumpPath                             = c:\Users\jtalg\AppData\Roaming\Code\User\workspaceStorage\23ab0888d26938d64720ae656aa4ab37\redhat.java         {manageable} {command line}
   size_t InitialHeapSize                          = 104857600                                 {product} {command line}
   size_t MaxHeapSize                              = 1073741824                                {product} {command line}
   size_t MaxNewSize                               = 357564416                                 {product} {ergonomic}
   size_t MinHeapDeltaBytes                        = 524288                                    {product} {ergonomic}
   size_t MinHeapSize                              = 104857600                                 {product} {command line}
   size_t NewSize                                  = 34603008                                  {product} {ergonomic}
    uintx NonNMethodCodeHeapSize                   = 5832780                                {pd product} {ergonomic}
    uintx NonProfiledCodeHeapSize                  = 122912730                              {pd product} {ergonomic}
   size_t OldSize                                  = 70254592                                  {product} {ergonomic}
    uintx ProfiledCodeHeapSize                     = 122912730                              {pd product} {ergonomic}
    uintx ReservedCodeCacheSize                    = 251658240                              {pd product} {ergonomic}
     bool SegmentedCodeCache                       = true                                      {product} {ergonomic}
   size_t SoftMaxHeapSize                          = 1073741824                             {manageable} {ergonomic}
     bool UseCompressedClassPointers               = true                           {product lp64_product} {ergonomic}
     bool UseCompressedOops                        = true                           {product lp64_product} {ergonomic}
     bool UseLargePagesIndividualAllocation        = false                                  {pd product} {ergonomic}
     bool UseParallelGC                            = true                                      {product} {command line}

Logging:
Log output configuration:
 #0: stdout all=warning uptime,level,tags
 #1: stderr all=off uptime,level,tags

Environment Variables:
JAVA_HOME=C:\Program Files\RedHat\java-11-openjdk-11.0.13-1
PATH=D:\Virtual Machine\VMware\bin\;C:\Program Files (x86)\Common Files\Oracle\Java\javapath;C:\WINDOWS\system32;C:\WINDOWS;C:\WINDOWS\System32\Wbem;C:\WINDOWS\System32\WindowsPowerShell\v1.0\;C:\WINDOWS\System32\OpenSSH\;C:\Program Files\NVIDIA Corporation\NVIDIA NvDLISR;D:\Dev\Git\cmd;D:\Dev\NodeJS\;C:\Program Files (x86)\NVIDIA Corporation\PhysX\Common;C:\Program Files\Microsoft SQL Server\130\Tools\Binn\;C:\WINDOWS\system32;C:\WINDOWS;C:\WINDOWS\System32\Wbem;C:\WINDOWS\System32\WindowsPowerShell\v1.0\;C:\WINDOWS\System32\OpenSSH\;C:\Program Files\RedHat\java-11-openjdk-11.0.13-1\bin;C:\Program Files\RedHat\java-11-openjdk-11.0.13-1\bin;C:\Users\jtalg\apache-maven-3.8.4-bin\apache-maven-3.8.4\bin;C:\Gradle\gradle-7.3.3\bin;C:\Users\jtalg\AppData\Local\Microsoft\WindowsApps;D:\Dev\Microsoft VS Code\bin;D:\Dev\heroku\bin;C:\Users\jtalg\AppData\Roaming\npm;C:\Program Files\JetBrains\IntelliJ IDEA 2020.3.3\bin;;
USERNAME=jtalg
OS=Windows_NT
PROCESSOR_IDENTIFIER=Intel64 Family 6 Model 142 Stepping 11, GenuineIntel



---------------  S Y S T E M  ---------------

OS:
 Windows 10 , 64 bit Build 22000 (10.0.22000.434)
OS uptime: 4 days 1:38 hours

CPU: total 4 (initial active 4) (2 cores per cpu, 2 threads per core) family 6 model 142 stepping 11 microcode 0xde, cx8, cmov, fxsr, ht, mmx, 3dnowpref, sse, sse2, sse3, ssse3, sse4.1, sse4.2, popcnt, lzcnt, tsc, tscinvbit, avx, avx2, aes, erms, clmul, bmi1, bmi2, adx, fma, vzeroupper, clflush, clflushopt

Memory: 4k page, system-wide physical 8040M (689M free)
TotalPageFile size 12136M (AvailPageFile size 6M)
current process WorkingSet (physical memory assigned to process): 159M, peak: 162M
current process commit charge ("private bytes"): 249M, peak: 251M

vm_info: OpenJDK 64-Bit Server VM (17.0.1+12) for windows-amd64 JRE (17.0.1+12), built on Oct 20 2021 07:42:55 by "" with MS VC++ 16.7 (VS2019)

END.
